#
# There is insufficient memory for the Java Runtime Environment to continue.
# Native memory allocation (malloc) failed to allocate 199056 bytes for Chunk::new
# Possible reasons:
#   The system is out of physical RAM or swap space
#   The process is running with CompressedOops enabled, and the Java Heap may be blocking the growth of the native heap
# Possible solutions:
#   Reduce memory load on the system
#   Increase physical memory or swap space
#   Check if swap backing store is full
#   Decrease Java heap size (-Xmx/-Xms)
#   Decrease number of Java threads
#   Decrease Java thread stack sizes (-Xss)
#   Set larger code cache with -XX:ReservedCodeCacheSize=
#   JVM is running with Unscaled Compressed Oops mode in which the Java heap is
#     placed in the first 4GB address space. The Java Heap base address is the
#     maximum limit for the native heap growth. Please use -XX:HeapBaseMinAddress
#     to set the Java Heap base and to place the Java Heap above 4GB virtual address.
# This output file may be truncated or incomplete.
#
#  Out of Memory Error (t:/workspace/open/src/hotspot/share/memory/arena.cpp:197), pid=19840, tid=11888
#
# JRE version: OpenJDK Runtime Environment (11.0+28) (build 11+28)
# Java VM: OpenJDK 64-Bit Server VM (11+28, mixed mode, tiered, compressed oops, g1 gc, windows-amd64)
# No core dump will be written. Minidumps are not enabled by default on client versions of Windows
#

---------------  S U M M A R Y ------------

Command Line: -javaagent:C:\Program Files\JetBrains\IntelliJ IDEA Community Edition 2022.1.2\lib\idea_rt.jar=58300:C:\Program Files\JetBrains\IntelliJ IDEA Community Edition 2022.1.2\bin -Dfile.encoding=UTF-8 client.ClientApplication

Host: Intel(R) Xeon(R) Gold 6248R CPU @ 3.00GHz, 4 cores, 7G,  Windows 10 , 64 bit Build 19041 (10.0.19041.1741)
Time: Wed Aug 10 16:41:52 2022 Central Daylight Time elapsed time: 1 seconds (0d 0h 0m 1s)

---------------  T H R E A D  ---------------

Current thread (0x000001e8dbdfd800):  JavaThread "C2 CompilerThread0" daemon [_thread_in_native, id=11888, stack(0x0000002be4400000,0x0000002be4500000)]


Current CompileTask:
C2:   1193 1093       4       java.util.jar.JarFile::getEntry0 (24 bytes)

Stack: [0x0000002be4400000,0x0000002be4500000]
Native frames: (J=compiled Java code, j=interpreted, Vv=VM code, C=native code)
V  [jvm.dll+0x63adaa]
V  [jvm.dll+0x77852f]
V  [jvm.dll+0x779b18]
V  [jvm.dll+0x77a1d3]
V  [jvm.dll+0x2624c8]
V  [jvm.dll+0xc5b61]
V  [jvm.dll+0xc60fc]
V  [jvm.dll+0x36e6d7]
V  [jvm.dll+0x1ad66f]
V  [jvm.dll+0x21c472]
V  [jvm.dll+0x21b50a]
V  [jvm.dll+0x198400]
V  [jvm.dll+0x22a4ff]
V  [jvm.dll+0x228b18]
V  [jvm.dll+0x73dc3d]
V  [jvm.dll+0x639e42]
C  [ucrtbase.dll+0x21bb2]
C  [KERNEL32.DLL+0x17034]
C  [ntdll.dll+0x52651]


---------------  P R O C E S S  ---------------

Threads class SMR info:
_java_thread_list=0x000001e8dc3932e0, length=11, elements={
0x000001e8bd1e0800, 0x000001e8db5cb000, 0x000001e8db5cc800, 0x000001e8dbdf9000,
0x000001e8dbdfc000, 0x000001e8dbdfd800, 0x000001e8dbe03800, 0x000001e8dbeb7800,
0x000001e8db573800, 0x000001e8dc3f7000, 0x000001e8dc3f8000
}

Java Threads: ( => current thread )
  0x000001e8bd1e0800 JavaThread "main" [_thread_blocked, id=15156, stack(0x0000002be3900000,0x0000002be3a00000)]
  0x000001e8db5cb000 JavaThread "Reference Handler" daemon [_thread_blocked, id=4744, stack(0x0000002be4000000,0x0000002be4100000)]
  0x000001e8db5cc800 JavaThread "Finalizer" daemon [_thread_blocked, id=4692, stack(0x0000002be4100000,0x0000002be4200000)]
  0x000001e8dbdf9000 JavaThread "Signal Dispatcher" daemon [_thread_blocked, id=13252, stack(0x0000002be4200000,0x0000002be4300000)]
  0x000001e8dbdfc000 JavaThread "Attach Listener" daemon [_thread_blocked, id=18396, stack(0x0000002be4300000,0x0000002be4400000)]
=>0x000001e8dbdfd800 JavaThread "C2 CompilerThread0" daemon [_thread_in_native, id=11888, stack(0x0000002be4400000,0x0000002be4500000)]
  0x000001e8dbe03800 JavaThread "C1 CompilerThread0" daemon [_thread_blocked, id=18648, stack(0x0000002be4500000,0x0000002be4600000)]
  0x000001e8dbeb7800 JavaThread "Sweeper thread" daemon [_thread_blocked, id=18720, stack(0x0000002be4600000,0x0000002be4700000)]
  0x000001e8db573800 JavaThread "Common-Cleaner" daemon [_thread_blocked, id=12784, stack(0x0000002be4700000,0x0000002be4800000)]
  0x000001e8dc3f7000 JavaThread "Monitor Ctrl-Break" daemon [_thread_in_native, id=7476, stack(0x0000002be4800000,0x0000002be4900000)]
  0x000001e8dc3f8000 JavaThread "Service Thread" daemon [_thread_blocked, id=12124, stack(0x0000002be4900000,0x0000002be4a00000)]

Other Threads:
  0x000001e8dbdf1800 VMThread "VM Thread" [stack: 0x0000002be3f00000,0x0000002be4000000] [id=6096]
  0x000001e8dc3f9000 WatcherThread [stack: 0x0000002be4a00000,0x0000002be4b00000] [id=18528]
  0x000001e8bd1f6000 GCTaskThread "GC Thread#0" [stack: 0x0000002be3a00000,0x0000002be3b00000] [id=692]
  0x000001e8dc939000 GCTaskThread "GC Thread#1" [stack: 0x0000002be4b00000,0x0000002be4c00000] [id=15816]
  0x000001e8dc65a800 GCTaskThread "GC Thread#2" [stack: 0x0000002be4c00000,0x0000002be4d00000] [id=17256]
  0x000001e8bd227800 ConcurrentGCThread "G1 Main Marker" [stack: 0x0000002be3b00000,0x0000002be3c00000] [id=16840]
  0x000001e8bd228800 ConcurrentGCThread "G1 Conc#0" [stack: 0x0000002be3c00000,0x0000002be3d00000] [id=15416]
  0x000001e8db420800 ConcurrentGCThread "G1 Refine#0" [stack: 0x0000002be3d00000,0x0000002be3e00000] [id=11984]
  0x000001e8dc168800 ConcurrentGCThread "G1 Refine#1" [stack: 0x0000002be4d00000,0x0000002be4e00000] [id=18604]
  0x000001e8db421000 ConcurrentGCThread "G1 Young RemSet Sampling" [stack: 0x0000002be3e00000,0x0000002be3f00000] [id=13852]

Threads with active compile tasks:
C2 CompilerThread01093       4       java.util.jar.JarFile::getEntry0 (24 bytes)

VM state:at safepoint (normal execution)

VM Mutex/Monitor currently owned by a thread:  ([mutex/lock_event])
[0x000001e8bd1dd680] Threads_lock - owner thread: 0x000001e8dbdf1800
[0x000001e8bd1dd7a0] Heap_lock - owner thread: 0x000001e8bd1e0800

Heap address: 0x0000000080200000, size: 2046 MB, Compressed Oops mode: 32-bit
Narrow klass base: 0x0000000000000000, Narrow klass shift: 3
Compressed class space size: 1073741824 Address: 0x0000000100000000

Heap:
 garbage-first heap   total 131072K, used 5120K [0x0000000080200000, 0x0000000100000000)
  region size 1024K, 1 young (1024K), 1 survivors (1024K)
 Metaspace       used 14674K, capacity 14896K, committed 14976K, reserved 1081344K
  class space    used 1495K, capacity 1585K, committed 1664K, reserved 1048576K
Heap Regions: E=young(eden), S=young(survivor), O=old, HS=humongous(starts), HC=humongous(continues), CS=collection set, F=free, A=archive, TAMS=top-at-mark-start (previous, next)
|   0|0x0000000080200000, 0x0000000080300000, 0x0000000080300000|100%| O|  |TAMS 0x0000000080300000, 0x0000000080300000| Untracked 
|   1|0x0000000080300000, 0x0000000080400000, 0x0000000080400000|100%| O|  |TAMS 0x0000000080400000, 0x0000000080400000| Untracked 
|   2|0x0000000080400000, 0x0000000080500000, 0x0000000080500000|100%| O|  |TAMS 0x0000000080500000, 0x0000000080500000| Untracked 
|   3|0x0000000080500000, 0x0000000080600000, 0x0000000080600000|100%| O|  |TAMS 0x0000000080600000, 0x0000000080600000| Untracked 
|   4|0x0000000080600000, 0x0000000080600000, 0x0000000080700000|  0%| F|  |TAMS 0x0000000080600000, 0x0000000080600000| Untracked 
|   5|0x0000000080700000, 0x0000000080700000, 0x0000000080800000|  0%| F|  |TAMS 0x0000000080700000, 0x0000000080700000| Untracked 
|   6|0x0000000080800000, 0x0000000080800000, 0x0000000080900000|  0%| F|  |TAMS 0x0000000080800000, 0x0000000080800000| Untracked 
|   7|0x0000000080900000, 0x0000000080900000, 0x0000000080a00000|  0%| F|  |TAMS 0x0000000080900000, 0x0000000080900000| Untracked 
|   8|0x0000000080a00000, 0x0000000080a00000, 0x0000000080b00000|  0%| F|  |TAMS 0x0000000080a00000, 0x0000000080a00000| Untracked 
|   9|0x0000000080b00000, 0x0000000080b00000, 0x0000000080c00000|  0%| F|  |TAMS 0x0000000080b00000, 0x0000000080b00000| Untracked 
|  10|0x0000000080c00000, 0x0000000080c00000, 0x0000000080d00000|  0%| F|  |TAMS 0x0000000080c00000, 0x0000000080c00000| Untracked 
|  11|0x0000000080d00000, 0x0000000080d00000, 0x0000000080e00000|  0%| F|  |TAMS 0x0000000080d00000, 0x0000000080d00000| Untracked 
|  12|0x0000000080e00000, 0x0000000080e00000, 0x0000000080f00000|  0%| F|  |TAMS 0x0000000080e00000, 0x0000000080e00000| Untracked 
|  13|0x0000000080f00000, 0x0000000080f00000, 0x0000000081000000|  0%| F|  |TAMS 0x0000000080f00000, 0x0000000080f00000| Untracked 
|  14|0x0000000081000000, 0x0000000081000000, 0x0000000081100000|  0%| F|  |TAMS 0x0000000081000000, 0x0000000081000000| Untracked 
|  15|0x0000000081100000, 0x0000000081100000, 0x0000000081200000|  0%| F|  |TAMS 0x0000000081100000, 0x0000000081100000| Untracked 
|  16|0x0000000081200000, 0x0000000081200000, 0x0000000081300000|  0%| F|  |TAMS 0x0000000081200000, 0x0000000081200000| Untracked 
|  17|0x0000000081300000, 0x0000000081300000, 0x0000000081400000|  0%| F|  |TAMS 0x0000000081300000, 0x0000000081300000| Untracked 
|  18|0x0000000081400000, 0x0000000081400000, 0x0000000081500000|  0%| F|  |TAMS 0x0000000081400000, 0x0000000081400000| Untracked 
|  19|0x0000000081500000, 0x0000000081500000, 0x0000000081600000|  0%| F|  |TAMS 0x0000000081500000, 0x0000000081500000| Untracked 
|  20|0x0000000081600000, 0x0000000081600000, 0x0000000081700000|  0%| F|  |TAMS 0x0000000081600000, 0x0000000081600000| Untracked 
|  21|0x0000000081700000, 0x0000000081700000, 0x0000000081800000|  0%| F|  |TAMS 0x0000000081700000, 0x0000000081700000| Untracked 
|  22|0x0000000081800000, 0x0000000081800000, 0x0000000081900000|  0%| F|  |TAMS 0x0000000081800000, 0x0000000081800000| Untracked 
|  23|0x0000000081900000, 0x0000000081900000, 0x0000000081a00000|  0%| F|  |TAMS 0x0000000081900000, 0x0000000081900000| Untracked 
|  24|0x0000000081a00000, 0x0000000081a00000, 0x0000000081b00000|  0%| F|  |TAMS 0x0000000081a00000, 0x0000000081a00000| Untracked 
|  25|0x0000000081b00000, 0x0000000081b00000, 0x0000000081c00000|  0%| F|  |TAMS 0x0000000081b00000, 0x0000000081b00000| Untracked 
|  26|0x0000000081c00000, 0x0000000081c00000, 0x0000000081d00000|  0%| F|  |TAMS 0x0000000081c00000, 0x0000000081c00000| Untracked 
|  27|0x0000000081d00000, 0x0000000081d00000, 0x0000000081e00000|  0%| F|  |TAMS 0x0000000081d00000, 0x0000000081d00000| Untracked 
|  28|0x0000000081e00000, 0x0000000081e00000, 0x0000000081f00000|  0%| F|  |TAMS 0x0000000081e00000, 0x0000000081e00000| Untracked 
|  29|0x0000000081f00000, 0x0000000081f00000, 0x0000000082000000|  0%| F|  |TAMS 0x0000000081f00000, 0x0000000081f00000| Untracked 
|  30|0x0000000082000000, 0x0000000082000000, 0x0000000082100000|  0%| F|  |TAMS 0x0000000082000000, 0x0000000082000000| Untracked 
|  31|0x0000000082100000, 0x0000000082100000, 0x0000000082200000|  0%| F|  |TAMS 0x0000000082100000, 0x0000000082100000| Untracked 
|  32|0x0000000082200000, 0x0000000082200000, 0x0000000082300000|  0%| F|  |TAMS 0x0000000082200000, 0x0000000082200000| Untracked 
|  33|0x0000000082300000, 0x0000000082300000, 0x0000000082400000|  0%| F|  |TAMS 0x0000000082300000, 0x0000000082300000| Untracked 
|  34|0x0000000082400000, 0x0000000082400000, 0x0000000082500000|  0%| F|  |TAMS 0x0000000082400000, 0x0000000082400000| Untracked 
|  35|0x0000000082500000, 0x0000000082500000, 0x0000000082600000|  0%| F|  |TAMS 0x0000000082500000, 0x0000000082500000| Untracked 
|  36|0x0000000082600000, 0x0000000082600000, 0x0000000082700000|  0%| F|  |TAMS 0x0000000082600000, 0x0000000082600000| Untracked 
|  37|0x0000000082700000, 0x0000000082700000, 0x0000000082800000|  0%| F|  |TAMS 0x0000000082700000, 0x0000000082700000| Untracked 
|  38|0x0000000082800000, 0x0000000082800000, 0x0000000082900000|  0%| F|  |TAMS 0x0000000082800000, 0x0000000082800000| Untracked 
|  39|0x0000000082900000, 0x0000000082900000, 0x0000000082a00000|  0%| F|  |TAMS 0x0000000082900000, 0x0000000082900000| Untracked 
|  40|0x0000000082a00000, 0x0000000082a00000, 0x0000000082b00000|  0%| F|  |TAMS 0x0000000082a00000, 0x0000000082a00000| Untracked 
|  41|0x0000000082b00000, 0x0000000082b00000, 0x0000000082c00000|  0%| F|  |TAMS 0x0000000082b00000, 0x0000000082b00000| Untracked 
|  42|0x0000000082c00000, 0x0000000082c00000, 0x0000000082d00000|  0%| F|  |TAMS 0x0000000082c00000, 0x0000000082c00000| Untracked 
|  43|0x0000000082d00000, 0x0000000082d00000, 0x0000000082e00000|  0%| F|  |TAMS 0x0000000082d00000, 0x0000000082d00000| Untracked 
|  44|0x0000000082e00000, 0x0000000082e00000, 0x0000000082f00000|  0%| F|  |TAMS 0x0000000082e00000, 0x0000000082e00000| Untracked 
|  45|0x0000000082f00000, 0x0000000082f00000, 0x0000000083000000|  0%| F|  |TAMS 0x0000000082f00000, 0x0000000082f00000| Untracked 
|  46|0x0000000083000000, 0x0000000083000000, 0x0000000083100000|  0%| F|  |TAMS 0x0000000083000000, 0x0000000083000000| Untracked 
|  47|0x0000000083100000, 0x0000000083100000, 0x0000000083200000|  0%| F|  |TAMS 0x0000000083100000, 0x0000000083100000| Untracked 
|  48|0x0000000083200000, 0x0000000083200000, 0x0000000083300000|  0%| F|  |TAMS 0x0000000083200000, 0x0000000083200000| Untracked 
|  49|0x0000000083300000, 0x0000000083300000, 0x0000000083400000|  0%| F|  |TAMS 0x0000000083300000, 0x0000000083300000| Untracked 
|  50|0x0000000083400000, 0x0000000083400000, 0x0000000083500000|  0%| F|  |TAMS 0x0000000083400000, 0x0000000083400000| Untracked 
|  51|0x0000000083500000, 0x0000000083500000, 0x0000000083600000|  0%| F|  |TAMS 0x0000000083500000, 0x0000000083500000| Untracked 
|  52|0x0000000083600000, 0x0000000083600000, 0x0000000083700000|  0%| F|  |TAMS 0x0000000083600000, 0x0000000083600000| Untracked 
|  53|0x0000000083700000, 0x0000000083700000, 0x0000000083800000|  0%| F|  |TAMS 0x0000000083700000, 0x0000000083700000| Untracked 
|  54|0x0000000083800000, 0x0000000083800000, 0x0000000083900000|  0%| F|  |TAMS 0x0000000083800000, 0x0000000083800000| Untracked 
|  55|0x0000000083900000, 0x0000000083900000, 0x0000000083a00000|  0%| F|  |TAMS 0x0000000083900000, 0x0000000083900000| Untracked 
|  56|0x0000000083a00000, 0x0000000083a00000, 0x0000000083b00000|  0%| F|  |TAMS 0x0000000083a00000, 0x0000000083a00000| Untracked 
|  57|0x0000000083b00000, 0x0000000083b00000, 0x0000000083c00000|  0%| F|  |TAMS 0x0000000083b00000, 0x0000000083b00000| Untracked 
|  58|0x0000000083c00000, 0x0000000083c00000, 0x0000000083d00000|  0%| F|  |TAMS 0x0000000083c00000, 0x0000000083c00000| Untracked 
|  59|0x0000000083d00000, 0x0000000083d00000, 0x0000000083e00000|  0%| F|  |TAMS 0x0000000083d00000, 0x0000000083d00000| Untracked 
|  60|0x0000000083e00000, 0x0000000083e00000, 0x0000000083f00000|  0%| F|  |TAMS 0x0000000083e00000, 0x0000000083e00000| Untracked 
|  61|0x0000000083f00000, 0x0000000083f00000, 0x0000000084000000|  0%| F|  |TAMS 0x0000000083f00000, 0x0000000083f00000| Untracked 
|  62|0x0000000084000000, 0x0000000084000000, 0x0000000084100000|  0%| F|  |TAMS 0x0000000084000000, 0x0000000084000000| Untracked 
|  63|0x0000000084100000, 0x0000000084100000, 0x0000000084200000|  0%| F|  |TAMS 0x0000000084100000, 0x0000000084100000| Untracked 
|  64|0x0000000084200000, 0x0000000084200000, 0x0000000084300000|  0%| F|  |TAMS 0x0000000084200000, 0x0000000084200000| Untracked 
|  65|0x0000000084300000, 0x0000000084300000, 0x0000000084400000|  0%| F|  |TAMS 0x0000000084300000, 0x0000000084300000| Untracked 
|  66|0x0000000084400000, 0x0000000084400000, 0x0000000084500000|  0%| F|  |TAMS 0x0000000084400000, 0x0000000084400000| Untracked 
|  67|0x0000000084500000, 0x0000000084500000, 0x0000000084600000|  0%| F|  |TAMS 0x0000000084500000, 0x0000000084500000| Untracked 
|  68|0x0000000084600000, 0x0000000084600000, 0x0000000084700000|  0%| F|  |TAMS 0x0000000084600000, 0x0000000084600000| Untracked 
|  69|0x0000000084700000, 0x0000000084700000, 0x0000000084800000|  0%| F|  |TAMS 0x0000000084700000, 0x0000000084700000| Untracked 
|  70|0x0000000084800000, 0x0000000084800000, 0x0000000084900000|  0%| F|  |TAMS 0x0000000084800000, 0x0000000084800000| Untracked 
|  71|0x0000000084900000, 0x0000000084900000, 0x0000000084a00000|  0%| F|  |TAMS 0x0000000084900000, 0x0000000084900000| Untracked 
|  72|0x0000000084a00000, 0x0000000084a00000, 0x0000000084b00000|  0%| F|  |TAMS 0x0000000084a00000, 0x0000000084a00000| Untracked 
|  73|0x0000000084b00000, 0x0000000084b00000, 0x0000000084c00000|  0%| F|  |TAMS 0x0000000084b00000, 0x0000000084b00000| Untracked 
|  74|0x0000000084c00000, 0x0000000084c00000, 0x0000000084d00000|  0%| F|  |TAMS 0x0000000084c00000, 0x0000000084c00000| Untracked 
|  75|0x0000000084d00000, 0x0000000084d00000, 0x0000000084e00000|  0%| F|  |TAMS 0x0000000084d00000, 0x0000000084d00000| Untracked 
|  76|0x0000000084e00000, 0x0000000084e00000, 0x0000000084f00000|  0%| F|  |TAMS 0x0000000084e00000, 0x0000000084e00000| Untracked 
|  77|0x0000000084f00000, 0x0000000084f00000, 0x0000000085000000|  0%| F|  |TAMS 0x0000000084f00000, 0x0000000084f00000| Untracked 
|  78|0x0000000085000000, 0x0000000085000000, 0x0000000085100000|  0%| F|  |TAMS 0x0000000085000000, 0x0000000085000000| Untracked 
|  79|0x0000000085100000, 0x0000000085100000, 0x0000000085200000|  0%| F|  |TAMS 0x0000000085100000, 0x0000000085100000| Untracked 
|  80|0x0000000085200000, 0x0000000085200000, 0x0000000085300000|  0%| F|  |TAMS 0x0000000085200000, 0x0000000085200000| Untracked 
|  81|0x0000000085300000, 0x0000000085300000, 0x0000000085400000|  0%| F|  |TAMS 0x0000000085300000, 0x0000000085300000| Untracked 
|  82|0x0000000085400000, 0x0000000085400000, 0x0000000085500000|  0%| F|  |TAMS 0x0000000085400000, 0x0000000085400000| Untracked 
|  83|0x0000000085500000, 0x0000000085500000, 0x0000000085600000|  0%| F|  |TAMS 0x0000000085500000, 0x0000000085500000| Untracked 
|  84|0x0000000085600000, 0x0000000085600000, 0x0000000085700000|  0%| F|  |TAMS 0x0000000085600000, 0x0000000085600000| Untracked 
|  85|0x0000000085700000, 0x0000000085700000, 0x0000000085800000|  0%| F|  |TAMS 0x0000000085700000, 0x0000000085700000| Untracked 
|  86|0x0000000085800000, 0x0000000085800000, 0x0000000085900000|  0%| F|  |TAMS 0x0000000085800000, 0x0000000085800000| Untracked 
|  87|0x0000000085900000, 0x0000000085900000, 0x0000000085a00000|  0%| F|  |TAMS 0x0000000085900000, 0x0000000085900000| Untracked 
|  88|0x0000000085a00000, 0x0000000085a00000, 0x0000000085b00000|  0%| F|  |TAMS 0x0000000085a00000, 0x0000000085a00000| Untracked 
|  89|0x0000000085b00000, 0x0000000085b00000, 0x0000000085c00000|  0%| F|  |TAMS 0x0000000085b00000, 0x0000000085b00000| Untracked 
|  90|0x0000000085c00000, 0x0000000085c00000, 0x0000000085d00000|  0%| F|  |TAMS 0x0000000085c00000, 0x0000000085c00000| Untracked 
|  91|0x0000000085d00000, 0x0000000085d00000, 0x0000000085e00000|  0%| F|  |TAMS 0x0000000085d00000, 0x0000000085d00000| Untracked 
|  92|0x0000000085e00000, 0x0000000085e00000, 0x0000000085f00000|  0%| F|  |TAMS 0x0000000085e00000, 0x0000000085e00000| Untracked 
|  93|0x0000000085f00000, 0x0000000085f00000, 0x0000000086000000|  0%| F|  |TAMS 0x0000000085f00000, 0x0000000085f00000| Untracked 
|  94|0x0000000086000000, 0x0000000086000000, 0x0000000086100000|  0%| F|  |TAMS 0x0000000086000000, 0x0000000086000000| Untracked 
|  95|0x0000000086100000, 0x0000000086100000, 0x0000000086200000|  0%| F|  |TAMS 0x0000000086100000, 0x0000000086100000| Untracked 
|  96|0x0000000086200000, 0x0000000086200000, 0x0000000086300000|  0%| F|  |TAMS 0x0000000086200000, 0x0000000086200000| Untracked 
|  97|0x0000000086300000, 0x0000000086300000, 0x0000000086400000|  0%| F|  |TAMS 0x0000000086300000, 0x0000000086300000| Untracked 
|  98|0x0000000086400000, 0x0000000086400000, 0x0000000086500000|  0%| F|  |TAMS 0x0000000086400000, 0x0000000086400000| Untracked 
|  99|0x0000000086500000, 0x0000000086500000, 0x0000000086600000|  0%| F|  |TAMS 0x0000000086500000, 0x0000000086500000| Untracked 
| 100|0x0000000086600000, 0x0000000086600000, 0x0000000086700000|  0%| F|  |TAMS 0x0000000086600000, 0x0000000086600000| Untracked 
| 101|0x0000000086700000, 0x0000000086700000, 0x0000000086800000|  0%| F|  |TAMS 0x0000000086700000, 0x0000000086700000| Untracked 
| 102|0x0000000086800000, 0x0000000086800000, 0x0000000086900000|  0%| F|  |TAMS 0x0000000086800000, 0x0000000086800000| Untracked 
| 103|0x0000000086900000, 0x0000000086900000, 0x0000000086a00000|  0%| F|  |TAMS 0x0000000086900000, 0x0000000086900000| Untracked 
| 104|0x0000000086a00000, 0x0000000086a00000, 0x0000000086b00000|  0%| F|  |TAMS 0x0000000086a00000, 0x0000000086a00000| Untracked 
| 105|0x0000000086b00000, 0x0000000086b00000, 0x0000000086c00000|  0%| F|  |TAMS 0x0000000086b00000, 0x0000000086b00000| Untracked 
| 106|0x0000000086c00000, 0x0000000086c00000, 0x0000000086d00000|  0%| F|  |TAMS 0x0000000086c00000, 0x0000000086c00000| Untracked 
| 107|0x0000000086d00000, 0x0000000086d00000, 0x0000000086e00000|  0%| F|  |TAMS 0x0000000086d00000, 0x0000000086d00000| Untracked 
| 108|0x0000000086e00000, 0x0000000086e00000, 0x0000000086f00000|  0%| F|  |TAMS 0x0000000086e00000, 0x0000000086e00000| Untracked 
| 109|0x0000000086f00000, 0x0000000086f00000, 0x0000000087000000|  0%| F|  |TAMS 0x0000000086f00000, 0x0000000086f00000| Untracked 
| 110|0x0000000087000000, 0x0000000087000000, 0x0000000087100000|  0%| F|  |TAMS 0x0000000087000000, 0x0000000087000000| Untracked 
| 111|0x0000000087100000, 0x0000000087100000, 0x0000000087200000|  0%| F|  |TAMS 0x0000000087100000, 0x0000000087100000| Untracked 
| 112|0x0000000087200000, 0x0000000087200000, 0x0000000087300000|  0%| F|  |TAMS 0x0000000087200000, 0x0000000087200000| Untracked 
| 113|0x0000000087300000, 0x0000000087300000, 0x0000000087400000|  0%| F|  |TAMS 0x0000000087300000, 0x0000000087300000| Untracked 
| 114|0x0000000087400000, 0x0000000087400000, 0x0000000087500000|  0%| F|  |TAMS 0x0000000087400000, 0x0000000087400000| Untracked 
| 115|0x0000000087500000, 0x0000000087500000, 0x0000000087600000|  0%| F|  |TAMS 0x0000000087500000, 0x0000000087500000| Untracked 
| 116|0x0000000087600000, 0x0000000087600000, 0x0000000087700000|  0%| F|  |TAMS 0x0000000087600000, 0x0000000087600000| Untracked 
| 117|0x0000000087700000, 0x0000000087700000, 0x0000000087800000|  0%| F|  |TAMS 0x0000000087700000, 0x0000000087700000| Untracked 
| 118|0x0000000087800000, 0x0000000087800000, 0x0000000087900000|  0%| F|  |TAMS 0x0000000087800000, 0x0000000087800000| Untracked 
| 119|0x0000000087900000, 0x0000000087900000, 0x0000000087a00000|  0%| F|  |TAMS 0x0000000087900000, 0x0000000087900000| Untracked 
| 120|0x0000000087a00000, 0x0000000087a00000, 0x0000000087b00000|  0%| F|  |TAMS 0x0000000087a00000, 0x0000000087a00000| Untracked 
| 121|0x0000000087b00000, 0x0000000087c00000, 0x0000000087c00000|100%| S|CS|TAMS 0x0000000087b00000, 0x0000000087b00000| Complete 
| 122|0x0000000087c00000, 0x0000000087c00000, 0x0000000087d00000|  0%| F|  |TAMS 0x0000000087c00000, 0x0000000087c00000| Untracked 
| 123|0x0000000087d00000, 0x0000000087d00000, 0x0000000087e00000|  0%| F|  |TAMS 0x0000000087d00000, 0x0000000087d00000| Untracked 
| 124|0x0000000087e00000, 0x0000000087e00000, 0x0000000087f00000|  0%| F|  |TAMS 0x0000000087e00000, 0x0000000087e00000| Untracked 
| 125|0x0000000087f00000, 0x0000000087f00000, 0x0000000088000000|  0%| F|  |TAMS 0x0000000087f00000, 0x0000000087f00000| Untracked 
| 126|0x0000000088000000, 0x0000000088000000, 0x0000000088100000|  0%| F|  |TAMS 0x0000000088000000, 0x0000000088000000| Untracked 
| 127|0x0000000088100000, 0x0000000088100000, 0x0000000088200000|  0%| F|  |TAMS 0x0000000088100000, 0x0000000088100000| Untracked 

Card table byte_map: [0x000001e8d48a0000,0x000001e8d4ca0000] _byte_map_base: 0x000001e8d449f000

Marking Bits (Prev, Next): (CMBitMap*) 0x000001e8bd21e9d0, (CMBitMap*) 0x000001e8bd21e998
 Prev Bits: [0x000001e8d70a0000, 0x000001e8d9098000)
 Next Bits: [0x000001e8d50a0000, 0x000001e8d7098000)

Polling page: 0x000001e8bc970000

Metaspace:

Usage:
  Non-class:     13.00 MB capacity,    12.87 MB (>99%) used,   106.09 KB ( <1%) free+waste,    26.81 KB ( <1%) overhead. 
      Class:      1.55 MB capacity,     1.46 MB ( 94%) used,    76.53 KB (  5%) free+waste,    12.56 KB ( <1%) overhead. 
       Both:     14.55 MB capacity,    14.33 MB ( 99%) used,   182.63 KB (  1%) free+waste,    39.38 KB ( <1%) overhead. 

Virtual space:
  Non-class space:       32.00 MB reserved,      13.00 MB ( 41%) committed 
      Class space:        1.00 GB reserved,       1.63 MB ( <1%) committed 
             Both:        1.03 GB reserved,      14.63 MB (  1%) committed 

Chunk freelists:
   Non-Class:  128 bytes
       Class:  0 bytes
        Both:  128 bytes

CodeHeap 'non-profiled nmethods': size=120064Kb used=364Kb max_used=364Kb free=119699Kb
 bounds [0x000001e8ccf60000, 0x000001e8cd1d0000, 0x000001e8d44a0000]
CodeHeap 'profiled nmethods': size=120000Kb used=2119Kb max_used=2119Kb free=117880Kb
 bounds [0x000001e8c5a30000, 0x000001e8c5ca0000, 0x000001e8ccf60000]
CodeHeap 'non-nmethods': size=5696Kb used=1082Kb max_used=1098Kb free=4613Kb
 bounds [0x000001e8c54a0000, 0x000001e8c5710000, 0x000001e8c5a30000]
 total_blobs=1764 nmethods=1135 adapters=298
 compilation: enabled
              stopped_count=0, restarted_count=0
 full_count=0

Compilation events (10 events):
Event: 1.184 Thread 0x000001e8dbe03800 1107       3       org.springframework.boot.context.properties.source.ConfigurationPropertyName$ElementsParser::<init> (37 bytes)
Event: 1.184 Thread 0x000001e8dbe03800 nmethod 1107 0x000001e8c5c33290 code [0x000001e8c5c33460, 0x000001e8c5c33958]
Event: 1.185 Thread 0x000001e8dbe03800 1109       3       java.util.stream.StreamSpliterators$WrappingSpliterator$$Lambda$105/0x0000000100174040::getAsBoolean (8 bytes)
Event: 1.186 Thread 0x000001e8dbe03800 nmethod 1109 0x000001e8c5c33a90 code [0x000001e8c5c33c60, 0x000001e8c5c33ef0]
Event: 1.186 Thread 0x000001e8dbe03800 1110       3       java.util.stream.StreamSpliterators$WrappingSpliterator::lambda$initPartialTraversalState$0 (14 bytes)
Event: 1.186 Thread 0x000001e8dbe03800 nmethod 1110 0x000001e8c5c34010 code [0x000001e8c5c341e0, 0x000001e8c5c34410]
Event: 1.186 Thread 0x000001e8dbe03800 1111       3       org.springframework.boot.context.properties.source.SpringIterableConfigurationPropertySource$$Lambda$102/0x0000000100175440::test (8 bytes)
Event: 1.186 Thread 0x000001e8dbe03800 nmethod 1111 0x000001e8c5c34510 code [0x000001e8c5c346e0, 0x000001e8c5c349d8]
Event: 1.186 Thread 0x000001e8dbe03800 1112       3       org.springframework.boot.context.properties.bind.IndexedElementsBinder$$Lambda$101/0x0000000100175040::test (12 bytes)
Event: 1.186 Thread 0x000001e8dbe03800 nmethod 1112 0x000001e8c5c34a90 code [0x000001e8c5c34ca0, 0x000001e8c5c35260]

GC Heap History (6 events):
Event: 0.857 GC heap before
{Heap before GC invocations=0 (full 0):
 garbage-first heap   total 131072K, used 14336K [0x0000000080200000, 0x0000000100000000)
  region size 1024K, 14 young (14336K), 0 survivors (0K)
 Metaspace       used 10813K, capacity 10961K, committed 11136K, reserved 1058816K
  class space    used 1031K, capacity 1100K, committed 1152K, reserved 1048576K
}
Event: 0.863 GC heap after
{Heap after GC invocations=1 (full 0):
 garbage-first heap   total 131072K, used 4021K [0x0000000080200000, 0x0000000100000000)
  region size 1024K, 2 young (2048K), 2 survivors (2048K)
 Metaspace       used 10813K, capacity 10961K, committed 11136K, reserved 1058816K
  class space    used 1031K, capacity 1100K, committed 1152K, reserved 1048576K
}
Event: 1.025 GC heap before
{Heap before GC invocations=1 (full 0):
 garbage-first heap   total 131072K, used 9141K [0x0000000080200000, 0x0000000100000000)
  region size 1024K, 7 young (7168K), 2 survivors (2048K)
 Metaspace       used 13182K, capacity 13393K, committed 13440K, reserved 1060864K
  class space    used 1296K, capacity 1380K, committed 1408K, reserved 1048576K
}
Event: 1.029 GC heap after
{Heap after GC invocations=2 (full 0):
 garbage-first heap   total 131072K, used 4572K [0x0000000080200000, 0x0000000100000000)
  region size 1024K, 1 young (1024K), 1 survivors (1024K)
 Metaspace       used 13182K, capacity 13393K, committed 13440K, reserved 1060864K
  class space    used 1296K, capacity 1380K, committed 1408K, reserved 1048576K
}
Event: 1.074 GC heap before
{Heap before GC invocations=2 (full 0):
 garbage-first heap   total 131072K, used 5596K [0x0000000080200000, 0x0000000100000000)
  region size 1024K, 3 young (3072K), 1 survivors (1024K)
 Metaspace       used 13498K, capacity 13673K, committed 13824K, reserved 1067008K
  class space    used 1340K, capacity 1432K, committed 1536K, reserved 1048576K
}
Event: 1.076 GC heap after
{Heap after GC invocations=3 (full 0):
 garbage-first heap   total 131072K, used 4665K [0x0000000080200000, 0x0000000100000000)
  region size 1024K, 1 young (1024K), 1 survivors (1024K)
 Metaspace       used 13498K, capacity 13673K, committed 13824K, reserved 1067008K
  class space    used 1340K, capacity 1432K, committed 1536K, reserved 1048576K
}

Deoptimization events (10 events):
Event: 0.443 Thread 0x000001e8bd1e0800 Uncommon trap: reason=unstable_if action=reinterpret pc=0x000001e8ccf61c10 method=java.lang.String.isLatin1()Z @ 10 c2
Event: 0.454 Thread 0x000001e8dc3f7000 Uncommon trap: reason=class_check action=maybe_recompile pc=0x000001e8ccf6e184 method=java.util.HashMap.putVal(ILjava/lang/Object;Ljava/lang/Object;ZZ)Ljava/lang/Object; @ 152 c2
Event: 0.454 Thread 0x000001e8dc3f7000 Uncommon trap: reason=class_check action=maybe_recompile pc=0x000001e8ccf6e184 method=java.util.HashMap.putVal(ILjava/lang/Object;Ljava/lang/Object;ZZ)Ljava/lang/Object; @ 152 c2
Event: 0.474 Thread 0x000001e8bd1e0800 Uncommon trap: reason=class_check action=maybe_recompile pc=0x000001e8ccf6e184 method=java.util.HashMap.putVal(ILjava/lang/Object;Ljava/lang/Object;ZZ)Ljava/lang/Object; @ 152 c2
Event: 0.559 Thread 0x000001e8bd1e0800 Uncommon trap: reason=unstable_if action=reinterpret pc=0x000001e8ccf74700 method=java.io.WinNTFileSystem.isSlash(C)Z @ 9 c2
Event: 0.560 Thread 0x000001e8bd1e0800 Uncommon trap: reason=unstable_if action=reinterpret pc=0x000001e8ccf80b68 method=java.io.BufferedReader.read()I @ 19 c2
Event: 0.636 Thread 0x000001e8bd1e0800 Uncommon trap: reason=unstable_if action=reinterpret pc=0x000001e8ccf75228 method=java.lang.StringLatin1.canEncode(I)Z @ 4 c2
Event: 0.816 Thread 0x000001e8bd1e0800 Uncommon trap: reason=class_check action=maybe_recompile pc=0x000001e8ccf7f538 method=java.util.HashMap.putVal(ILjava/lang/Object;Ljava/lang/Object;ZZ)Ljava/lang/Object; @ 253 c2
Event: 0.872 Thread 0x000001e8bd1e0800 Uncommon trap: reason=class_check action=maybe_recompile pc=0x000001e8ccf7f538 method=java.util.HashMap.putVal(ILjava/lang/Object;Ljava/lang/Object;ZZ)Ljava/lang/Object; @ 253 c2
Event: 0.993 Thread 0x000001e8bd1e0800 Uncommon trap: reason=unstable_if action=reinterpret pc=0x000001e8ccfa8f14 method=java.util.HashMap.hash(Ljava/lang/Object;)I @ 1 c2

Classes redefined (0 events):
No events

Internal exceptions (10 events):
Event: 0.830 Thread 0x000001e8bd1e0800 Exception <a 'java/lang/NoSuchMethodError'{0x0000000087426310}: java.lang.invoke.DirectMethodHandle$Holder.invokeSpecial(Ljava/lang/Object;Ljava/lang/Object;)V> (0x0000000087426310) thrown at [t:/workspace/open/src/hotspot/share/interpreter/linkResolver.c
Event: 0.993 Thread 0x000001e8bd1e0800 Implicit null exception at 0x000001e8ccfa8e78 to 0x000001e8ccfa8f0a
Event: 1.042 Thread 0x000001e8bd1e0800 Exception <a 'java/lang/NoSuchMethodError'{0x000000008814ace0}: java.lang.invoke.DirectMethodHandle$Holder.invokeInterface(Ljava/lang/Object;Ljava/lang/Object;Ljava/lang/Object;)Ljava/lang/Object;> (0x000000008814ace0) thrown at [t:/workspace/open/src/hot
Event: 1.042 Thread 0x000001e8bd1e0800 Exception <a 'java/lang/IncompatibleClassChangeError'{0x000000008814dc68}: Found class java.lang.Object, but interface was expected> (0x000000008814dc68) thrown at [t:/workspace/open/src/hotspot/share/interpreter/linkResolver.cpp, line 856]
Event: 1.073 Thread 0x000001e8bd1e0800 Exception <a 'java/lang/NoSuchMethodError'{0x0000000088058b48}: java.lang.invoke.DirectMethodHandle$Holder.invokeSpecial(Ljava/lang/Object;Ljava/lang/Object;Ljava/lang/Object;Ljava/lang/Object;)I> (0x0000000088058b48) thrown at [t:/workspace/open/src/hots
Event: 1.093 Thread 0x000001e8bd1e0800 Exception <a 'java/lang/NoSuchMethodError'{0x000000008811c270}: java.lang.invoke.DirectMethodHandle$Holder.invokeSpecial(Ljava/lang/Object;Ljava/lang/Object;Ljava/lang/Object;Ljava/lang/Object;)V> (0x000000008811c270) thrown at [t:/workspace/open/src/hots
Event: 1.135 Thread 0x000001e8bd1e0800 Exception <a 'java/lang/NoSuchMethodError'{0x0000000087e0c608}: java.lang.invoke.Invokers$Holder.linkToTargetMethod(Ljava/lang/Object;Ljava/lang/Object;Ljava/lang/Object;Ljava/lang/Object;Ljava/lang/Object;Ljava/lang/Object;)Ljava/lang/Object;> (0x0000000
Event: 1.168 Thread 0x000001e8bd1e0800 Exception <a 'java/lang/NoSuchMethodError'{0x0000000087ed7730}: java.lang.invoke.DirectMethodHandle$Holder.invokeSpecial(Ljava/lang/Object;Ljava/lang/Object;Ljava/lang/Object;Ljava/lang/Object;Ljava/lang/Object;Ljava/lang/Object;I)Ljava/lang/Object;> (0x0
Event: 1.168 Thread 0x000001e8bd1e0800 Exception <a 'java/lang/NoSuchMethodError'{0x0000000087ee0e68}: java.lang.invoke.DirectMethodHandle$Holder.invokeStatic(Ljava/lang/Object;Ljava/lang/Object;Ljava/lang/Object;Ljava/lang/Object;Ljava/lang/Object;Ljava/lang/Object;I)Ljava/lang/Object;> (0x00
Event: 1.170 Thread 0x000001e8bd1e0800 Exception <a 'java/lang/NoSuchMethodError'{0x0000000087ee4ef8}: java.lang.invoke.DirectMethodHandle$Holder.invokeSpecial(Ljava/lang/Object;Ljava/lang/Object;Ljava/lang/Object;Ljava/lang/Object;Ljava/lang/Object;Ljava/lang/Object;Ljava/lang/Object;I)Ljava/

Events (10 events):
Event: 1.188 loading class org/springframework/boot/context/config/ConfigDataEnvironmentContributors
Event: 1.188 loading class org/springframework/boot/context/config/ConfigDataEnvironmentContributors done
Event: 1.189 loading class org/springframework/boot/context/config/ConfigDataLoaderContext
Event: 1.189 loading class org/springframework/boot/context/config/ConfigDataLoaderContext done
Event: 1.190 loading class org/springframework/boot/context/config/ConfigDataLocationResolverContext
Event: 1.190 loading class org/springframework/boot/context/config/ConfigDataLocationResolverContext done
Event: 1.190 loading class org/springframework/boot/context/config/ConfigDataEnvironmentContributor
Event: 1.190 loading class org/springframework/boot/context/config/ConfigDataEnvironmentContributor done
Event: 1.190 loading class org/springframework/boot/context/config/ConfigDataEnvironmentContributor
Event: 1.190 loading class org/springframework/boot/context/config/ConfigDataEnvironmentContributor done


Dynamic libraries:
0x00007ff67c1b0000 - 0x00007ff67c1f5000 	C:\jdk-11\bin\java.exe
0x00007ffd66d90000 - 0x00007ffd66f87000 	C:\Windows\SYSTEM32\ntdll.dll
0x00007ffd66270000 - 0x00007ffd6632d000 	C:\Windows\System32\KERNEL32.DLL
0x00007ffd644b0000 - 0x00007ffd6477d000 	C:\Windows\System32\KERNELBASE.dll
0x00007ffd66420000 - 0x00007ffd664ce000 	C:\Windows\System32\ADVAPI32.DLL
0x00007ffd65700000 - 0x00007ffd6579e000 	C:\Windows\System32\msvcrt.dll
0x00007ffd66bf0000 - 0x00007ffd66c8c000 	C:\Windows\System32\sechost.dll
0x00007ffd65080000 - 0x00007ffd651a5000 	C:\Windows\System32\RPCRT4.dll
0x00007ffd65980000 - 0x00007ffd65b20000 	C:\Windows\System32\USER32.dll
0x00007ffd64a30000 - 0x00007ffd64a52000 	C:\Windows\System32\win32u.dll
0x00007ffd64df0000 - 0x00007ffd64e1a000 	C:\Windows\System32\GDI32.dll
0x00007ffd64ce0000 - 0x00007ffd64deb000 	C:\Windows\System32\gdi32full.dll
0x00007ffd64c40000 - 0x00007ffd64cdd000 	C:\Windows\System32\msvcp_win.dll
0x00007ffd647f0000 - 0x00007ffd648f0000 	C:\Windows\System32\ucrtbase.dll
0x00007ffd3cfc0000 - 0x00007ffd3d25a000 	C:\Windows\WinSxS\amd64_microsoft.windows.common-controls_6595b64144ccf1df_6.0.19041.1110_none_60b5254171f9507e\COMCTL32.dll
0x00007ffd657c0000 - 0x00007ffd657f0000 	C:\Windows\System32\IMM32.DLL
0x00007ffd642c0000 - 0x00007ffd642fb000 	C:\Program Files\Citrix\HDX\bin\MfApHook.dll
0x00007ffd64200000 - 0x00007ffd64210000 	C:\Program Files\Citrix\HDX\bin\FullScreenHook.dll
0x00007ffd308f0000 - 0x00007ffd3099a000 	C:\jdk-11\bin\MSVCP140.dll
0x00007ffd641d0000 - 0x00007ffd641dc000 	C:\Windows\SYSTEM32\VCRUNTIME140_1.dll
0x00007ffd39830000 - 0x00007ffd39846000 	C:\jdk-11\bin\VCRUNTIME140.dll
0x00007ffd64050000 - 0x00007ffd6407d000 	C:\Program Files\Citrix\HDX\bin\ShellHook.dll
0x00007ffd66690000 - 0x00007ffd666e5000 	C:\Windows\System32\SHLWAPI.dll
0x00007ffd63ed0000 - 0x00007ffd63ff9000 	C:\Program Files\Citrix\HDX\bin\SCardHook.dll
0x00007ffd63e30000 - 0x00007ffd63e4e000 	C:\Program Files\Citrix\HDX\bin\CxInjIme.dll
0x00007ffd63e00000 - 0x00007ffd63e28000 	C:\Program Files\Citrix\HDX\bin\PicaWtsHook.dll
0x00007ffd27590000 - 0x00007ffd280d1000 	C:\jdk-11\bin\server\jvm.dll
0x00007ffd66d40000 - 0x00007ffd66d48000 	C:\Windows\System32\PSAPI.DLL
0x00007ffd5fd70000 - 0x00007ffd5fd79000 	C:\Windows\SYSTEM32\WSOCK32.dll
0x00007ffd664d0000 - 0x00007ffd6653b000 	C:\Windows\System32\WS2_32.dll
0x00007ffd640b0000 - 0x00007ffd640ba000 	C:\Windows\SYSTEM32\VERSION.dll
0x00007ffd5ee30000 - 0x00007ffd5ee57000 	C:\Windows\SYSTEM32\WINMM.dll
0x00007ffd628f0000 - 0x00007ffd62902000 	C:\Windows\SYSTEM32\kernel.appcore.dll
0x00007ffd38b90000 - 0x00007ffd38ba1000 	C:\jdk-11\bin\verify.dll
0x00007ffd61c60000 - 0x00007ffd61e44000 	C:\Windows\SYSTEM32\DBGHELP.DLL
0x00007ffd492c0000 - 0x00007ffd492ec000 	C:\Windows\SYSTEM32\dbgcore.DLL
0x00007ffd648f0000 - 0x00007ffd64972000 	C:\Windows\System32\bcryptPrimitives.dll
0x00007ffd35d40000 - 0x00007ffd35d68000 	C:\jdk-11\bin\java.dll
0x00007ffd36790000 - 0x00007ffd367bf000 	C:\jdk-11\bin\instrument.dll
0x00007ffd387e0000 - 0x00007ffd387f6000 	C:\jdk-11\bin\zip.dll
0x00007ffd43000000 - 0x00007ffd4300a000 	C:\jdk-11\bin\jimage.dll
0x00007ffd65b20000 - 0x00007ffd66264000 	C:\Windows\System32\SHELL32.dll
0x00007ffd62120000 - 0x00007ffd628b4000 	C:\Windows\SYSTEM32\windows.storage.dll
0x00007ffd653a0000 - 0x00007ffd656f4000 	C:\Windows\System32\combase.dll
0x00007ffd63aa0000 - 0x00007ffd63acc000 	C:\Windows\SYSTEM32\Wldp.dll
0x00007ffd66c90000 - 0x00007ffd66d3d000 	C:\Windows\System32\SHCORE.dll
0x00007ffd643f0000 - 0x00007ffd6440f000 	C:\Windows\SYSTEM32\profapi.dll
0x00007ffd383a0000 - 0x00007ffd383b9000 	C:\jdk-11\bin\net.dll
0x00007ffd5e230000 - 0x00007ffd5e33a000 	C:\Windows\SYSTEM32\WINHTTP.dll
0x00007ffd63760000 - 0x00007ffd637ca000 	C:\Windows\system32\mswsock.dll
0x00007ffd37110000 - 0x00007ffd37123000 	C:\jdk-11\bin\nio.dll
0x00007ffd37610000 - 0x00007ffd3762a000 	C:\Program Files\JetBrains\IntelliJ IDEA Community Edition 2022.1.2\bin\breakgen64.dll

dbghelp: loaded successfully - version: 4.0.5 - missing functions: none
symbol engine: initialized successfully - sym options: 0x614 - pdb path: .;C:\jdk-11\bin;C:\Windows\SYSTEM32;C:\Windows\WinSxS\amd64_microsoft.windows.common-controls_6595b64144ccf1df_6.0.19041.1110_none_60b5254171f9507e;C:\Program Files\Citrix\HDX\bin;C:\jdk-11\bin\server;C:\Program Files\JetBrains\IntelliJ IDEA Community Edition 2022.1.2\bin

VM Arguments:
jvm_args: -javaagent:C:\Program Files\JetBrains\IntelliJ IDEA Community Edition 2022.1.2\lib\idea_rt.jar=58300:C:\Program Files\JetBrains\IntelliJ IDEA Community Edition 2022.1.2\bin -Dfile.encoding=UTF-8 
java_command: client.ClientApplication
java_class_path (initial): C:\SoftwareArchitecture\client\Client\target\classes;C:\Users\614177\.m2\repository\org\springframework\boot\spring-boot-starter-data-mongodb\2.4.5\spring-boot-starter-data-mongodb-2.4.5.jar;C:\Users\614177\.m2\repository\org\mongodb\mongodb-driver-sync\4.1.2\mongodb-driver-sync-4.1.2.jar;C:\Users\614177\.m2\repository\org\mongodb\bson\4.1.2\bson-4.1.2.jar;C:\Users\614177\.m2\repository\org\mongodb\mongodb-driver-core\4.1.2\mongodb-driver-core-4.1.2.jar;C:\Users\614177\.m2\repository\org\springframework\data\spring-data-mongodb\3.1.8\spring-data-mongodb-3.1.8.jar;C:\Users\614177\.m2\repository\org\springframework\spring-tx\5.3.6\spring-tx-5.3.6.jar;C:\Users\614177\.m2\repository\org\springframework\spring-context\5.3.6\spring-context-5.3.6.jar;C:\Users\614177\.m2\repository\org\springframework\spring-beans\5.3.6\spring-beans-5.3.6.jar;C:\Users\614177\.m2\repository\org\springframework\spring-expression\5.3.6\spring-expression-5.3.6.jar;C:\Users\614177\.m2\repository\org\springframework\data\spring-data-commons\2.4.8\spring-data-commons-2.4.8.jar;C:\Users\614177\.m2\repository\org\slf4j\slf4j-api\1.7.30\slf4j-api-1.7.30.jar;C:\Users\614177\.m2\repository\org\springframework\boot\spring-boot-starter-web\2.4.5\spring-boot-starter-web-2.4.5.jar;C:\Users\614177\.m2\repository\org\springframework\boot\spring-boot-starter-json\2.4.5\spring-boot-starter-json-2.4.5.jar;C:\Users\614177\.m2\repository\com\fasterxml\jackson\core\jackson-databind\2.11.4\jackson-databind-2.11.4.jar;C:\Users\614177\.m2\repository\com\fasterxml\jackson\core\jackson-annotations\2.11.4\jackson-annotations-2.11.4.jar;C:\Users\614177\.m2\repository\com\fasterxml\jackson\core\jackson-core\2.11.4\jackson-core-2.11.4.jar;C:\Users\614177\.m2\repository\com\fasterxml\jackson\datatype\jackson-datatype-jdk8\2.11.4\jackson-datatype-jdk8-2.11.4.jar;C:\Users\614177\.m2\repository\com\fasterxml\jackson\datatype\jackson-datatype-jsr310\2.11.4\jackson-datatype-jsr310-2.11.4.jar;C:\Users
Launcher Type: SUN_STANDARD

[Global flags]
     intx CICompilerCount                          = 3                                         {product} {ergonomic}
     uint ConcGCThreads                            = 1                                         {product} {ergonomic}
     uint G1ConcRefinementThreads                  = 4                                         {product} {ergonomic}
   size_t G1HeapRegionSize                         = 1048576                                   {product} {ergonomic}
    uintx GCDrainStackTargetSize                   = 64                                        {product} {ergonomic}
   size_t InitialHeapSize                          = 134217728                                 {product} {ergonomic}
   size_t MarkStackSize                            = 4194304                                   {product} {ergonomic}
   size_t MaxHeapSize                              = 2145386496                                {product} {ergonomic}
   size_t MaxNewSize                               = 1286602752                                {product} {ergonomic}
   size_t MinHeapDeltaBytes                        = 1048576                                   {product} {ergonomic}
    uintx NonNMethodCodeHeapSize                   = 5830092                                {pd product} {ergonomic}
    uintx NonProfiledCodeHeapSize                  = 122914074                              {pd product} {ergonomic}
    uintx ProfiledCodeHeapSize                     = 122914074                              {pd product} {ergonomic}
    uintx ReservedCodeCacheSize                    = 251658240                              {pd product} {ergonomic}
     bool SegmentedCodeCache                       = true                                      {product} {ergonomic}
     bool UseCompressedClassPointers               = true                                 {lp64_product} {ergonomic}
     bool UseCompressedOops                        = true                                 {lp64_product} {ergonomic}
     bool UseG1GC                                  = true                                      {product} {ergonomic}
     bool UseLargePagesIndividualAllocation        = false                                  {pd product} {ergonomic}

Logging:
Log output configuration:
 #0: stdout all=warning uptime,level,tags
 #1: stderr all=off uptime,level,tags

Environment Variables:
JAVA_HOME=C:\jdk-11
PATH=C:\jdk-11;C:\Program Files (x86)\Common Files\Oracle\Java\javapath;C:\Windows\system32;C:\Windows;C:\Windows\System32\Wbem;C:\Windows\System32\WindowsPowerShell\v1.0\;C:\Windows\System32\OpenSSH\;C:\Program Files (x86)\Citrix\HDX\bin\;C:\Program Files\Citrix\HDX\bin\;C:\Program Files\Citrix\Virtual Desktop Agent\;C:\Program Files\Citrix\Citrix Files\;C:\Program Files (x86)\Citrix\Workspace Environment Management Agent;C:\Users\614177\AppData\Local\Microsoft\WindowsApps
USERNAME=614177
OS=Windows_NT
PROCESSOR_IDENTIFIER=Intel64 Family 6 Model 85 Stepping 7, GenuineIntel



---------------  S Y S T E M  ---------------

OS: Windows 10 , 64 bit Build 19041 (10.0.19041.1741)

CPU:total 4 (initial active 4) (4 cores per cpu, 1 threads per core) family 6 model 85 stepping 7, cmov, cx8, fxsr, mmx, sse, sse2, sse3, ssse3, sse4.1, sse4.2, popcnt, avx, avx2, aes, clmul, erms, 3dnowpref, lzcnt, tsc, bmi1, bmi2, adx, fma

Memory: 4k page, system-wide physical 8183M (243M free)
TotalPageFile size 19622M (AvailPageFile size 3M)
current process WorkingSet (physical memory assigned to process): 81M, peak: 81M
current process commit charge ("private bytes"): 216M, peak: 217M

vm_info: OpenJDK 64-Bit Server VM (11+28) for windows-amd64 JRE (11+28), built on Aug 23 2018 03:04:58 by "mach5one" with MS VC++ 15.5 (VS2017)

END.
