#
# There is insufficient memory for the Java Runtime Environment to continue.
# Native memory allocation (malloc) failed to allocate 480144 bytes for Chunk::new
# Possible reasons:
#   The system is out of physical RAM or swap space
#   The process is running with CompressedOops enabled, and the Java Heap may be blocking the growth of the native heap
# Possible solutions:
#   Reduce memory load on the system
#   Increase physical memory or swap space
#   Check if swap backing store is full
#   Decrease Java heap size (-Xmx/-Xms)
#   Decrease number of Java threads
#   Decrease Java thread stack sizes (-Xss)
#   Set larger code cache with -XX:ReservedCodeCacheSize=
#   JVM is running with Unscaled Compressed Oops mode in which the Java heap is
#     placed in the first 4GB address space. The Java Heap base address is the
#     maximum limit for the native heap growth. Please use -XX:HeapBaseMinAddress
#     to set the Java Heap base and to place the Java Heap above 4GB virtual address.
# This output file may be truncated or incomplete.
#
#  Out of Memory Error (arena.cpp:184), pid=20036, tid=15984
#
# JRE version: OpenJDK Runtime Environment (18.0.2+9) (build 18.0.2+9-61)
# Java VM: OpenJDK 64-Bit Server VM (18.0.2+9-61, mixed mode, sharing, tiered, compressed oops, compressed class ptrs, g1 gc, windows-amd64)
# No core dump will be written. Minidumps are not enabled by default on client versions of Windows
#

---------------  S U M M A R Y ------------

Command Line: -javaagent:C:\Program Files\JetBrains\IntelliJ IDEA Community Edition 2022.1.2\lib\idea_rt.jar=57784:C:\Program Files\JetBrains\IntelliJ IDEA Community Edition 2022.1.2\bin -Dfile.encoding=UTF-8 App.OrderCommandServiceApplication

Host: Intel(R) Xeon(R) Gold 6248R CPU @ 3.00GHz, 4 cores, 7G,  Windows 10 , 64 bit Build 19041 (10.0.19041.1741)
Time: Wed Aug 10 16:41:52 2022 Central Daylight Time elapsed time: 48.894949 seconds (0d 0h 0m 48s)

---------------  T H R E A D  ---------------

Current thread (0x0000024e7ff1d220):  JavaThread "C2 CompilerThread0" daemon [_thread_in_native, id=15984, stack(0x00000069c3300000,0x00000069c3400000)]


Current CompileTask:
C2:  48895 6601       4       org.apache.kafka.clients.consumer.internals.Fetcher::validateOffsetsIfNeeded (89 bytes)

Stack: [0x00000069c3300000,0x00000069c3400000]
Native frames: (J=compiled Java code, j=interpreted, Vv=VM code, C=native code)
V  [jvm.dll+0x6993ca]
V  [jvm.dll+0x7f481d]
V  [jvm.dll+0x7f612e]
V  [jvm.dll+0x7f67e3]
V  [jvm.dll+0x25cdaf]
V  [jvm.dll+0xb8c2f]
V  [jvm.dll+0xb8fa5]
V  [jvm.dll+0x3860cb]
V  [jvm.dll+0x1d2ba8]
V  [jvm.dll+0x2300a9]
V  [jvm.dll+0x22f321]
V  [jvm.dll+0x1ba01c]
V  [jvm.dll+0x23ec9a]
V  [jvm.dll+0x23cf85]
V  [jvm.dll+0x7a6e21]
V  [jvm.dll+0x7a125a]
V  [jvm.dll+0x698275]
C  [ucrtbase.dll+0x21bb2]
C  [KERNEL32.DLL+0x17034]
C  [ntdll.dll+0x52651]


---------------  P R O C E S S  ---------------

Threads class SMR info:
_java_thread_list=0x0000024e1adb3990, length=49, elements={
0x0000024e7fefc840, 0x0000024e7fefd1e0, 0x0000024e7ff18860, 0x0000024e7ff19200,
0x0000024e7ff19ba0, 0x0000024e7ff1c550, 0x0000024e7ff1d220, 0x0000024e7ff20020,
0x0000024e7ff5e840, 0x0000024e7feea8e0, 0x0000024e19b06080, 0x0000024e19e75120,
0x0000024e1b555770, 0x0000024e1b9c7a20, 0x0000024e1adf4b30, 0x0000024e1ade5790,
0x0000024e1bdcb9b0, 0x0000024e1bdce9d0, 0x0000024e1bdce500, 0x0000024e1bdcb010,
0x0000024e1bdcdb60, 0x0000024e1bdcbe80, 0x0000024e1bdcc820, 0x0000024e1bdcd1c0,
0x0000024e1bdcccf0, 0x0000024e1ce73ec0, 0x0000024e1ce78220, 0x0000024e1ce74390,
0x0000024e1ce74d30, 0x0000024e1ce7b710, 0x0000024e1ce79560, 0x0000024e1ce76a10,
0x0000024e1ce75200, 0x0000024e1ce77d50, 0x0000024e1ce74860, 0x0000024e1ce7a3d0,
0x0000024e1ce76ee0, 0x0000024e1ce79a30, 0x0000024e1ce79090, 0x0000024e1ce7a8a0,
0x0000024e1ce756d0, 0x0000024e1ce75ba0, 0x0000024e1ce79f00, 0x0000024e1ce76070,
0x0000024e1ce786f0, 0x0000024e1ce7ad70, 0x0000024e1ce7b240, 0x0000024e1ce773b0,
0x0000024e1ce77880
}

Java Threads: ( => current thread )
  0x0000024e7fefc840 JavaThread "Reference Handler" daemon [_thread_blocked, id=7676, stack(0x00000069c2d00000,0x00000069c2e00000)]
  0x0000024e7fefd1e0 JavaThread "Finalizer" daemon [_thread_blocked, id=10156, stack(0x00000069c2e00000,0x00000069c2f00000)]
  0x0000024e7ff18860 JavaThread "Signal Dispatcher" daemon [_thread_blocked, id=20052, stack(0x00000069c2f00000,0x00000069c3000000)]
  0x0000024e7ff19200 JavaThread "Attach Listener" daemon [_thread_blocked, id=18148, stack(0x00000069c3000000,0x00000069c3100000)]
  0x0000024e7ff19ba0 JavaThread "Service Thread" daemon [_thread_blocked, id=20224, stack(0x00000069c3100000,0x00000069c3200000)]
  0x0000024e7ff1c550 JavaThread "Monitor Deflation Thread" daemon [_thread_blocked, id=20264, stack(0x00000069c3200000,0x00000069c3300000)]
=>0x0000024e7ff1d220 JavaThread "C2 CompilerThread0" daemon [_thread_in_native, id=15984, stack(0x00000069c3300000,0x00000069c3400000)]
  0x0000024e7ff20020 JavaThread "C1 CompilerThread0" daemon [_thread_blocked, id=10020, stack(0x00000069c3400000,0x00000069c3500000)]
  0x0000024e7ff5e840 JavaThread "Sweeper thread" daemon [_thread_blocked, id=17988, stack(0x00000069c3500000,0x00000069c3600000)]
  0x0000024e7feea8e0 JavaThread "Common-Cleaner" daemon [_thread_blocked, id=19908, stack(0x00000069c3600000,0x00000069c3700000)]
  0x0000024e19b06080 JavaThread "Monitor Ctrl-Break" daemon [_thread_in_native, id=3620, stack(0x00000069c3800000,0x00000069c3900000)]
  0x0000024e19e75120 JavaThread "Notification Thread" daemon [_thread_blocked, id=19136, stack(0x00000069c3900000,0x00000069c3a00000)]
  0x0000024e1b555770 JavaThread "Keep-Alive-Timer" daemon [_thread_blocked, id=10012, stack(0x00000069c3f00000,0x00000069c4000000)]
  0x0000024e1b9c7a20 JavaThread "Catalina-utility-1" [_thread_blocked, id=13276, stack(0x00000069c4100000,0x00000069c4200000)]
  0x0000024e1adf4b30 JavaThread "Catalina-utility-2" [_thread_blocked, id=2740, stack(0x00000069c4200000,0x00000069c4300000)]
  0x0000024e1ade5790 JavaThread "container-0" [_thread_blocked, id=12976, stack(0x00000069c4300000,0x00000069c4400000)]
  0x0000024e1bdcb9b0 JavaThread "BufferPoolPruner-1-thread-1" daemon [_thread_blocked, id=18812, stack(0x00000069c4400000,0x00000069c4500000)]
  0x0000024e1bdce9d0 JavaThread "cluster-ClusterId{value='62f425f5f1101a2edab2b6dd', description='null'}-localhost:27017" daemon [_thread_blocked, id=1144, stack(0x00000069c4500000,0x00000069c4600000)]
  0x0000024e1bdce500 JavaThread "cluster-rtt-ClusterId{value='62f425f5f1101a2edab2b6dd', description='null'}-localhost:27017" daemon [_thread_blocked, id=11340, stack(0x00000069c4600000,0x00000069c4700000)]
  0x0000024e1bdcb010 JavaThread "MaintenanceTimer-2-thread-1" daemon [_thread_blocked, id=764, stack(0x00000069c4700000,0x00000069c4800000)]
  0x0000024e1bdcdb60 JavaThread "spring.cloud.inetutils" daemon [_thread_blocked, id=1496, stack(0x00000069c4800000,0x00000069c4900000)]
  0x0000024e1bdcbe80 JavaThread "AsyncResolver-bootstrap-0" daemon [_thread_blocked, id=15856, stack(0x00000069c4900000,0x00000069c4a00000)]
  0x0000024e1bdcc820 JavaThread "DiscoveryClient-0" daemon [_thread_blocked, id=18868, stack(0x00000069c4a00000,0x00000069c4b00000)]
  0x0000024e1bdcd1c0 JavaThread "DiscoveryClient-1" daemon [_thread_blocked, id=13132, stack(0x00000069c4b00000,0x00000069c4c00000)]
  0x0000024e1bdcccf0 JavaThread "DiscoveryClient-InstanceInfoReplicator-0" daemon [_thread_blocked, id=2696, stack(0x00000069c4c00000,0x00000069c4d00000)]
  0x0000024e1ce73ec0 JavaThread "ThreadPoolTaskScheduler-1" [_thread_blocked, id=13600, stack(0x00000069c4d00000,0x00000069c4e00000)]
  0x0000024e1ce78220 JavaThread "org.springframework.kafka.KafkaListenerEndpointContainer#2-0-C-1" [_thread_in_native, id=14692, stack(0x00000069c4e00000,0x00000069c4f00000)]
  0x0000024e1ce74390 JavaThread "ThreadPoolTaskScheduler-1" [_thread_blocked, id=15964, stack(0x00000069c4f00000,0x00000069c5000000)]
  0x0000024e1ce74d30 JavaThread "org.springframework.kafka.KafkaListenerEndpointContainer#0-0-C-1" [_thread_in_native, id=18040, stack(0x00000069c5000000,0x00000069c5100000)]
  0x0000024e1ce7b710 JavaThread "ThreadPoolTaskScheduler-1" [_thread_blocked, id=9272, stack(0x00000069c5100000,0x00000069c5200000)]
  0x0000024e1ce79560 JavaThread "org.springframework.kafka.KafkaListenerEndpointContainer#1-0-C-1" [_thread_in_native, id=17496, stack(0x00000069c5200000,0x00000069c5300000)]
  0x0000024e1ce76a10 JavaThread "http-nio-8086-exec-1" daemon [_thread_blocked, id=11632, stack(0x00000069c5300000,0x00000069c5400000)]
  0x0000024e1ce75200 JavaThread "http-nio-8086-exec-2" daemon [_thread_blocked, id=3320, stack(0x00000069c5400000,0x00000069c5500000)]
  0x0000024e1ce77d50 JavaThread "http-nio-8086-exec-3" daemon [_thread_blocked, id=19640, stack(0x00000069c5500000,0x00000069c5600000)]
  0x0000024e1ce74860 JavaThread "http-nio-8086-exec-4" daemon [_thread_blocked, id=19396, stack(0x00000069c5600000,0x00000069c5700000)]
  0x0000024e1ce7a3d0 JavaThread "http-nio-8086-exec-5" daemon [_thread_blocked, id=19796, stack(0x00000069c5700000,0x00000069c5800000)]
  0x0000024e1ce76ee0 JavaThread "http-nio-8086-exec-6" daemon [_thread_blocked, id=16460, stack(0x00000069c5800000,0x00000069c5900000)]
  0x0000024e1ce79a30 JavaThread "http-nio-8086-exec-7" daemon [_thread_blocked, id=5892, stack(0x00000069c5900000,0x00000069c5a00000)]
  0x0000024e1ce79090 JavaThread "http-nio-8086-exec-8" daemon [_thread_blocked, id=15128, stack(0x00000069c5a00000,0x00000069c5b00000)]
  0x0000024e1ce7a8a0 JavaThread "http-nio-8086-exec-9" daemon [_thread_blocked, id=15528, stack(0x00000069c5b00000,0x00000069c5c00000)]
  0x0000024e1ce756d0 JavaThread "http-nio-8086-exec-10" daemon [_thread_blocked, id=15348, stack(0x00000069c5c00000,0x00000069c5d00000)]
  0x0000024e1ce75ba0 JavaThread "http-nio-8086-Poller" daemon [_thread_in_native, id=7828, stack(0x00000069c5d00000,0x00000069c5e00000)]
  0x0000024e1ce79f00 JavaThread "http-nio-8086-Acceptor" daemon [_thread_in_native, id=10344, stack(0x00000069c5e00000,0x00000069c5f00000)]
  0x0000024e1ce76070 JavaThread "DestroyJavaVM" [_thread_blocked, id=1928, stack(0x00000069c2600000,0x00000069c2700000)]
  0x0000024e1ce786f0 JavaThread "kafka-coordinator-heartbeat-thread | gid-command" daemon [_thread_blocked, id=18640, stack(0x00000069c4000000,0x00000069c4100000)]
  0x0000024e1ce7ad70 JavaThread "kafka-coordinator-heartbeat-thread | gid-command" daemon [_thread_blocked, id=17092, stack(0x00000069c5f00000,0x00000069c6000000)]
  0x0000024e1ce7b240 JavaThread "kafka-coordinator-heartbeat-thread | gid-command" daemon [_thread_blocked, id=20312, stack(0x00000069c6000000,0x00000069c6100000)]
  0x0000024e1ce773b0 JavaThread "DiscoveryClient-CacheRefreshExecutor-0" daemon [_thread_blocked, id=17560, stack(0x00000069c6300000,0x00000069c6400000)]
  0x0000024e1ce77880 JavaThread "DiscoveryClient-HeartbeatExecutor-0" daemon [_thread_blocked, id=18084, stack(0x00000069c6400000,0x00000069c6500000)]

Other Threads:
  0x0000024e7fd6f190 VMThread "VM Thread" [stack: 0x00000069c2c00000,0x00000069c2d00000] [id=17540]
  0x0000024e19c20490 WatcherThread "VM Periodic Task Thread" [stack: 0x00000069c3a00000,0x00000069c3b00000] [id=19464]
  0x0000024e77ce7710 WorkerThread "GC Thread#0" [stack: 0x00000069c2700000,0x00000069c2800000] [id=15252]
  0x0000024e1a0e1f10 WorkerThread "GC Thread#1" [stack: 0x00000069c3b00000,0x00000069c3c00000] [id=8872]
  0x0000024e1a0e83a0 WorkerThread "GC Thread#2" [stack: 0x00000069c3c00000,0x00000069c3d00000] [id=10940]
  0x0000024e1a0e94a0 WorkerThread "GC Thread#3" [stack: 0x00000069c3d00000,0x00000069c3e00000] [id=11716]
  0x0000024e7fd6c070 ConcurrentGCThread "G1 Main Marker" [stack: 0x00000069c2800000,0x00000069c2900000] [id=17628]
  0x0000024e77cecdb0 WorkerThread "G1 Conc#0" [stack: 0x00000069c2900000,0x00000069c2a00000] [id=6252]
  0x0000024e7fdaf2c0 ConcurrentGCThread "G1 Refine#0" [stack: 0x00000069c2a00000,0x00000069c2b00000] [id=18500]
  0x0000024e1a0e8640 ConcurrentGCThread "G1 Refine#1" [stack: 0x00000069c3e00000,0x00000069c3f00000] [id=12960]
  0x0000024e7fdb0a80 ConcurrentGCThread "G1 Service" [stack: 0x00000069c2b00000,0x00000069c2c00000] [id=13732]

Threads with active compile tasks:
C2 CompilerThread0    48933 6601       4       org.apache.kafka.clients.consumer.internals.Fetcher::validateOffsetsIfNeeded (89 bytes)

VM state: not at safepoint (normal execution)

VM Mutex/Monitor currently owned by a thread: None

Heap address: 0x0000000080200000, size: 2046 MB, Compressed Oops mode: 32-bit

CDS archive(s) mapped at: [0x0000000800000000-0x0000000800ba0000-0x0000000800ba0000), size 12189696, SharedBaseAddress: 0x0000000800000000, ArchiveRelocationMode: 0.
Compressed class space mapped at: 0x0000000800c00000-0x0000000840c00000, reserved size: 1073741824
Narrow klass base: 0x0000000800000000, Narrow klass shift: 0, Narrow klass range: 0x100000000

GC Precious Log:
 CardTable entry size: 512
 Card Set container configuration: InlinePtr #cards 5 size 8 Array Of Cards #cards 12 size 40 Howl #buckets 4 coarsen threshold 1843 Howl Bitmap #cards 512 size 80 coarsen threshold 460 Card regions per heap region 1 cards per card region 2048
 CPUs: 4 total, 4 available
 Memory: 8183M
 Large Page Support: Disabled
 NUMA Support: Disabled
 Compressed Oops: Enabled (32-bit)
 Heap Region Size: 1M
 Heap Min Capacity: 8M
 Heap Initial Capacity: 128M
 Heap Max Capacity: 2046M
 Pre-touch: Disabled
 Parallel Workers: 4
 Concurrent Workers: 1
 Concurrent Refinement Workers: 4
 Periodic GC: Disabled

Heap:
 garbage-first heap   total 75776K, used 55578K [0x0000000080200000, 0x0000000100000000)
  region size 1024K, 28 young (28672K), 3 survivors (3072K)
 Metaspace       used 57306K, committed 57920K, reserved 1114112K
  class space    used 7208K, committed 7488K, reserved 1048576K

Heap Regions: E=young(eden), S=young(survivor), O=old, HS=humongous(starts), HC=humongous(continues), CS=collection set, F=free, OA=open archive, CA=closed archive, TAMS=top-at-mark-start (previous, next)
|   0|0x0000000080200000, 0x0000000080300000, 0x0000000080300000|100%| O|  |TAMS 0x0000000080300000, 0x0000000080200000| Untracked 
|   1|0x0000000080300000, 0x0000000080400000, 0x0000000080400000|100%| O|  |TAMS 0x0000000080400000, 0x0000000080300000| Untracked 
|   2|0x0000000080400000, 0x0000000080500000, 0x0000000080500000|100%| O|  |TAMS 0x0000000080500000, 0x0000000080400000| Untracked 
|   3|0x0000000080500000, 0x0000000080600000, 0x0000000080600000|100%| O|  |TAMS 0x0000000080600000, 0x0000000080500000| Untracked 
|   4|0x0000000080600000, 0x0000000080700000, 0x0000000080700000|100%| O|  |TAMS 0x0000000080700000, 0x0000000080600000| Untracked 
|   5|0x0000000080700000, 0x0000000080800000, 0x0000000080800000|100%| O|  |TAMS 0x0000000080800000, 0x0000000080700000| Untracked 
|   6|0x0000000080800000, 0x000000008089ec00, 0x0000000080900000| 62%| O|  |TAMS 0x000000008089ec00, 0x0000000080800000| Untracked 
|   7|0x0000000080900000, 0x0000000080a00000, 0x0000000080a00000|100%| O|  |TAMS 0x0000000080900000, 0x0000000080900000| Untracked 
|   8|0x0000000080a00000, 0x0000000080b00000, 0x0000000080b00000|100%| O|  |TAMS 0x0000000080a00000, 0x0000000080a00000| Untracked 
|   9|0x0000000080b00000, 0x0000000080c00000, 0x0000000080c00000|100%| O|  |TAMS 0x0000000080c00000, 0x0000000080b00000| Untracked 
|  10|0x0000000080c00000, 0x0000000080d00000, 0x0000000080d00000|100%| O|  |TAMS 0x0000000080d00000, 0x0000000080c00000| Untracked 
|  11|0x0000000080d00000, 0x0000000080e00000, 0x0000000080e00000|100%| O|  |TAMS 0x0000000080e00000, 0x0000000080d00000| Untracked 
|  12|0x0000000080e00000, 0x0000000080f00000, 0x0000000080f00000|100%| O|  |TAMS 0x0000000080f00000, 0x0000000080e00000| Untracked 
|  13|0x0000000080f00000, 0x0000000081000000, 0x0000000081000000|100%| O|  |TAMS 0x0000000081000000, 0x0000000080f00000| Untracked 
|  14|0x0000000081000000, 0x0000000081100000, 0x0000000081100000|100%| O|  |TAMS 0x00000000810a5e00, 0x0000000081000000| Untracked 
|  15|0x0000000081100000, 0x0000000081140800, 0x0000000081200000| 25%| O|  |TAMS 0x0000000081100000, 0x0000000081100000| Untracked 
|  16|0x0000000081200000, 0x0000000081300000, 0x0000000081300000|100%| O|  |TAMS 0x0000000081200000, 0x0000000081200000| Untracked 
|  17|0x0000000081300000, 0x0000000081400000, 0x0000000081400000|100%| O|  |TAMS 0x0000000081300000, 0x0000000081300000| Untracked 
|  18|0x0000000081400000, 0x0000000081500000, 0x0000000081500000|100%| O|  |TAMS 0x0000000081400000, 0x0000000081400000| Untracked 
|  19|0x0000000081500000, 0x0000000081600000, 0x0000000081600000|100%| O|  |TAMS 0x0000000081500000, 0x0000000081500000| Untracked 
|  20|0x0000000081600000, 0x0000000081700000, 0x0000000081700000|100%| O|  |TAMS 0x0000000081600000, 0x0000000081600000| Untracked 
|  21|0x0000000081700000, 0x0000000081800000, 0x0000000081800000|100%| O|  |TAMS 0x0000000081700000, 0x0000000081700000| Untracked 
|  22|0x0000000081800000, 0x0000000081900000, 0x0000000081900000|100%| O|  |TAMS 0x0000000081800000, 0x0000000081800000| Untracked 
|  23|0x0000000081900000, 0x0000000081a00000, 0x0000000081a00000|100%| O|  |TAMS 0x0000000081900000, 0x0000000081900000| Untracked 
|  24|0x0000000081a00000, 0x0000000081b00000, 0x0000000081b00000|100%| O|  |TAMS 0x0000000081a00000, 0x0000000081a00000| Untracked 
|  25|0x0000000081b00000, 0x0000000081b91c00, 0x0000000081c00000| 56%| O|  |TAMS 0x0000000081b00000, 0x0000000081b00000| Untracked 
|  26|0x0000000081c00000, 0x0000000081c00000, 0x0000000081d00000|  0%| F|  |TAMS 0x0000000081c00000, 0x0000000081c00000| Untracked 
|  27|0x0000000081d00000, 0x0000000081d00000, 0x0000000081e00000|  0%| F|  |TAMS 0x0000000081d00000, 0x0000000081d00000| Untracked 
|  28|0x0000000081e00000, 0x0000000081e00000, 0x0000000081f00000|  0%| F|  |TAMS 0x0000000081e00000, 0x0000000081e00000| Untracked 
|  29|0x0000000081f00000, 0x0000000081f00000, 0x0000000082000000|  0%| F|  |TAMS 0x0000000081f00000, 0x0000000081f00000| Untracked 
|  30|0x0000000082000000, 0x0000000082000000, 0x0000000082100000|  0%| F|  |TAMS 0x0000000082000000, 0x0000000082000000| Untracked 
|  31|0x0000000082100000, 0x0000000082100000, 0x0000000082200000|  0%| F|  |TAMS 0x0000000082100000, 0x0000000082100000| Untracked 
|  32|0x0000000082200000, 0x0000000082200000, 0x0000000082300000|  0%| F|  |TAMS 0x0000000082200000, 0x0000000082200000| Untracked 
|  33|0x0000000082300000, 0x0000000082300000, 0x0000000082400000|  0%| F|  |TAMS 0x0000000082300000, 0x0000000082300000| Untracked 
|  34|0x0000000082400000, 0x0000000082400000, 0x0000000082500000|  0%| F|  |TAMS 0x0000000082400000, 0x0000000082400000| Untracked 
|  35|0x0000000082500000, 0x0000000082500000, 0x0000000082600000|  0%| F|  |TAMS 0x0000000082500000, 0x0000000082500000| Untracked 
|  36|0x0000000082600000, 0x0000000082600000, 0x0000000082700000|  0%| F|  |TAMS 0x0000000082600000, 0x0000000082600000| Untracked 
|  37|0x0000000082700000, 0x0000000082700000, 0x0000000082800000|  0%| F|  |TAMS 0x0000000082700000, 0x0000000082700000| Untracked 
|  38|0x0000000082800000, 0x0000000082800000, 0x0000000082900000|  0%| F|  |TAMS 0x0000000082800000, 0x0000000082800000| Untracked 
|  39|0x0000000082900000, 0x0000000082900000, 0x0000000082a00000|  0%| F|  |TAMS 0x0000000082900000, 0x0000000082900000| Untracked 
|  40|0x0000000082a00000, 0x0000000082ad59f8, 0x0000000082b00000| 83%| S|CS|TAMS 0x0000000082a00000, 0x0000000082a00000| Complete 
|  41|0x0000000082b00000, 0x0000000082c00000, 0x0000000082c00000|100%| S|CS|TAMS 0x0000000082b00000, 0x0000000082b00000| Complete 
|  42|0x0000000082c00000, 0x0000000082c00000, 0x0000000082d00000|  0%| F|  |TAMS 0x0000000082c00000, 0x0000000082c00000| Untracked 
|  43|0x0000000082d00000, 0x0000000082d00000, 0x0000000082e00000|  0%| F|  |TAMS 0x0000000082d00000, 0x0000000082d00000| Untracked 
|  44|0x0000000082e00000, 0x0000000082e00000, 0x0000000082f00000|  0%| F|  |TAMS 0x0000000082e00000, 0x0000000082e00000| Untracked 
|  45|0x0000000082f00000, 0x0000000083000000, 0x0000000083000000|100%| S|CS|TAMS 0x0000000082f00000, 0x0000000082f00000| Complete 
|  46|0x0000000083000000, 0x0000000083087598, 0x0000000083100000| 52%| E|  |TAMS 0x0000000083000000, 0x0000000083000000| Complete 
|  47|0x0000000083100000, 0x0000000083200000, 0x0000000083200000|100%| E|CS|TAMS 0x0000000083100000, 0x0000000083100000| Complete 
|  48|0x0000000083200000, 0x0000000083300000, 0x0000000083300000|100%| E|CS|TAMS 0x0000000083200000, 0x0000000083200000| Complete 
|  49|0x0000000083300000, 0x0000000083400000, 0x0000000083400000|100%| E|CS|TAMS 0x0000000083300000, 0x0000000083300000| Complete 
|  50|0x0000000083400000, 0x0000000083500000, 0x0000000083500000|100%| E|CS|TAMS 0x0000000083400000, 0x0000000083400000| Complete 
|  51|0x0000000083500000, 0x0000000083600000, 0x0000000083600000|100%| E|CS|TAMS 0x0000000083500000, 0x0000000083500000| Complete 
|  52|0x0000000083600000, 0x0000000083700000, 0x0000000083700000|100%| E|CS|TAMS 0x0000000083600000, 0x0000000083600000| Complete 
|  53|0x0000000083700000, 0x0000000083800000, 0x0000000083800000|100%| E|CS|TAMS 0x0000000083700000, 0x0000000083700000| Complete 
|  54|0x0000000083800000, 0x0000000083900000, 0x0000000083900000|100%| E|CS|TAMS 0x0000000083800000, 0x0000000083800000| Complete 
|  55|0x0000000083900000, 0x0000000083a00000, 0x0000000083a00000|100%| E|CS|TAMS 0x0000000083900000, 0x0000000083900000| Complete 
|  56|0x0000000083a00000, 0x0000000083b00000, 0x0000000083b00000|100%| E|CS|TAMS 0x0000000083a00000, 0x0000000083a00000| Complete 
|  57|0x0000000083b00000, 0x0000000083c00000, 0x0000000083c00000|100%| E|CS|TAMS 0x0000000083b00000, 0x0000000083b00000| Complete 
|  58|0x0000000083c00000, 0x0000000083d00000, 0x0000000083d00000|100%| E|CS|TAMS 0x0000000083c00000, 0x0000000083c00000| Complete 
|  59|0x0000000083d00000, 0x0000000083e00000, 0x0000000083e00000|100%| E|CS|TAMS 0x0000000083d00000, 0x0000000083d00000| Complete 
|  60|0x0000000083e00000, 0x0000000083f00000, 0x0000000083f00000|100%| E|CS|TAMS 0x0000000083e00000, 0x0000000083e00000| Complete 
|  61|0x0000000083f00000, 0x0000000084000000, 0x0000000084000000|100%| E|CS|TAMS 0x0000000083f00000, 0x0000000083f00000| Complete 
|  62|0x0000000084000000, 0x0000000084100000, 0x0000000084100000|100%| E|CS|TAMS 0x0000000084000000, 0x0000000084000000| Complete 
|  63|0x0000000084100000, 0x0000000084200000, 0x0000000084200000|100%| E|CS|TAMS 0x0000000084100000, 0x0000000084100000| Complete 
|  64|0x0000000084200000, 0x0000000084300000, 0x0000000084300000|100%| E|CS|TAMS 0x0000000084200000, 0x0000000084200000| Complete 
|  66|0x0000000084400000, 0x0000000084500000, 0x0000000084500000|100%| E|CS|TAMS 0x0000000084400000, 0x0000000084400000| Complete 
|  67|0x0000000084500000, 0x0000000084600000, 0x0000000084600000|100%| E|CS|TAMS 0x0000000084500000, 0x0000000084500000| Complete 
|  68|0x0000000084600000, 0x0000000084700000, 0x0000000084700000|100%| E|CS|TAMS 0x0000000084600000, 0x0000000084600000| Complete 
|  69|0x0000000084700000, 0x0000000084800000, 0x0000000084800000|100%| E|CS|TAMS 0x0000000084700000, 0x0000000084700000| Complete 
|  70|0x0000000084800000, 0x0000000084900000, 0x0000000084900000|100%| E|CS|TAMS 0x0000000084800000, 0x0000000084800000| Complete 
| 127|0x0000000088100000, 0x0000000088200000, 0x0000000088200000|100%| E|CS|TAMS 0x0000000088100000, 0x0000000088100000| Complete 
|2043|0x00000000ffd00000, 0x00000000ffe00000, 0x00000000ffe00000|100%| O|  |TAMS 0x00000000ffe00000, 0x00000000ffd00000| Untracked 
|2044|0x00000000ffe00000, 0x00000000fff00000, 0x00000000fff00000|100%| O|  |TAMS 0x00000000fff00000, 0x00000000ffe00000| Untracked 
|2045|0x00000000fff00000, 0x0000000100000000, 0x0000000100000000|100%| O|  |TAMS 0x0000000100000000, 0x00000000fff00000| Untracked 

Card table byte_map: [0x0000024e7f960000,0x0000024e7fd60000] _byte_map_base: 0x0000024e7f55f000

Marking Bits (Prev, Next): (CMBitMap*) 0x0000024e77ce7d10, (CMBitMap*) 0x0000024e77ce7d50
 Prev Bits: [0x0000024e0f400000, 0x0000024e113f8000)
 Next Bits: [0x0000024e11400000, 0x0000024e133f8000)

Polling page: 0x0000024e75c30000

Metaspace:

Usage:
  Non-class:     48.92 MB used.
      Class:      7.04 MB used.
       Both:     55.96 MB used.

Virtual space:
  Non-class space:       64.00 MB reserved,      49.25 MB ( 77%) committed,  1 nodes.
      Class space:        1.00 GB reserved,       7.31 MB ( <1%) committed,  1 nodes.
             Both:        1.06 GB reserved,      56.56 MB (  5%) committed. 

Chunk freelists:
   Non-Class:  2.33 MB
       Class:  624.00 KB
        Both:  2.94 MB

MaxMetaspaceSize: unlimited
CompressedClassSpaceSize: 1.00 GB
Initial GC threshold: 21.00 MB
Current GC threshold: 58.88 MB
CDS: on
MetaspaceReclaimPolicy: balanced
 - commit_granule_bytes: 65536.
 - commit_granule_words: 8192.
 - virtual_space_node_default_size: 8388608.
 - enlarge_chunks_in_place: 1.
 - new_chunks_are_fully_committed: 0.
 - uncommit_free_chunks: 1.
 - use_allocation_guard: 0.


Internal statistics:

num_allocs_failed_limit: 6.
num_arena_births: 804.
num_arena_deaths: 0.
num_vsnodes_births: 2.
num_vsnodes_deaths: 0.
num_space_committed: 905.
num_space_uncommitted: 0.
num_chunks_returned_to_freelist: 6.
num_chunks_taken_from_freelist: 2757.
num_chunk_merges: 6.
num_chunk_splits: 1976.
num_chunks_enlarged: 1590.
num_inconsistent_stats: 0.

CodeHeap 'non-profiled nmethods': size=120000Kb used=3483Kb max_used=3483Kb free=116516Kb
 bounds [0x0000024e07ad0000, 0x0000024e07e40000, 0x0000024e0f000000]
CodeHeap 'profiled nmethods': size=120000Kb used=12134Kb max_used=12134Kb free=107865Kb
 bounds [0x0000024e005a0000, 0x0000024e01180000, 0x0000024e07ad0000]
CodeHeap 'non-nmethods': size=5760Kb used=1332Kb max_used=1397Kb free=4427Kb
 bounds [0x0000024e00000000, 0x0000024e00270000, 0x0000024e005a0000]
 total_blobs=6481 nmethods=5828 adapters=565
 compilation: enabled
              stopped_count=0, restarted_count=0
 full_count=0

Compilation events (20 events):
Event: 45.769 Thread 0x0000024e7ff1d220 nmethod 6581 0x0000024e07e35790 code [0x0000024e07e35920, 0x0000024e07e35a18]
Event: 45.769 Thread 0x0000024e7ff1d220 6591       4       java.util.stream.Collectors::toList (26 bytes)
Event: 45.769 Thread 0x0000024e7ff1d220 nmethod 6591 0x0000024e07e35b90 code [0x0000024e07e35d20, 0x0000024e07e35df8]
Event: 46.076 Thread 0x0000024e7ff20020 6592       3       java.util.concurrent.locks.AbstractQueuedSynchronizer$ConditionObject::canReacquire (28 bytes)
Event: 46.076 Thread 0x0000024e7ff20020 nmethod 6592 0x0000024e01174e10 code [0x0000024e01174fc0, 0x0000024e01175318]
Event: 46.572 Thread 0x0000024e7ff20020 6594       1       com.mongodb.internal.connection.ConcurrentLinkedDeque$Node::getPrev (5 bytes)
Event: 46.573 Thread 0x0000024e7ff20020 nmethod 6594 0x0000024e07e36310 code [0x0000024e07e364a0, 0x0000024e07e36578]
Event: 46.573 Thread 0x0000024e7ff20020 6595       3       org.bson.BsonBinaryReader::doSkipValue (365 bytes)
Event: 46.575 Thread 0x0000024e7ff20020 nmethod 6595 0x0000024e01175490 code [0x0000024e01175860, 0x0000024e01177558]
Event: 46.836 Thread 0x0000024e7ff20020 6596       3       org.apache.kafka.clients.consumer.internals.ConsumerNetworkClient$RequestFutureCompletionHandler::<init> (6 bytes)
Event: 46.837 Thread 0x0000024e7ff20020 nmethod 6596 0x0000024e01177d10 code [0x0000024e01177ec0, 0x0000024e011781e8]
Event: 46.837 Thread 0x0000024e7ff20020 6597       3       org.apache.kafka.clients.consumer.internals.ConsumerNetworkClient$UnsentRequests$$Lambda$1305/0x00000008012ffaf8::apply (8 bytes)
Event: 46.837 Thread 0x0000024e7ff20020 nmethod 6597 0x0000024e01178310 code [0x0000024e01178500, 0x0000024e01178b18]
Event: 46.837 Thread 0x0000024e7ff20020 6598   !   3       org.apache.kafka.clients.consumer.internals.ConsumerNetworkClient$UnsentRequests::put (47 bytes)
Event: 46.838 Thread 0x0000024e7ff20020 nmethod 6598 0x0000024e01178d10 code [0x0000024e01178f00, 0x0000024e011794f8]
Event: 47.844 Thread 0x0000024e7ff1d220 6599       4       org.apache.kafka.clients.consumer.internals.SubscriptionState$$Lambda$1289/0x00000008012ba0d8::accept (20 bytes)
Event: 47.844 Thread 0x0000024e7ff20020 6600       3       java.util.concurrent.locks.AbstractQueuedSynchronizer$Node::clearStatus (12 bytes)
Event: 47.844 Thread 0x0000024e7ff20020 nmethod 6600 0x0000024e01179790 code [0x0000024e01179940, 0x0000024e01179aa8]
Event: 47.846 Thread 0x0000024e7ff1d220 nmethod 6599 0x0000024e07e36610 code [0x0000024e07e367c0, 0x0000024e07e369a8]
Event: 48.736 Thread 0x0000024e7ff1d220 6601       4       org.apache.kafka.clients.consumer.internals.Fetcher::validateOffsetsIfNeeded (89 bytes)

GC Heap History (20 events):
Event: 0.895 GC heap before
{Heap before GC invocations=1 (full 0):
 garbage-first heap   total 131072K, used 13607K [0x0000000080200000, 0x0000000100000000)
  region size 1024K, 9 young (9216K), 2 survivors (2048K)
 Metaspace       used 4858K, committed 5056K, reserved 1114112K
  class space    used 528K, committed 640K, reserved 1048576K
}
Event: 0.899 GC heap after
{Heap after GC invocations=2 (full 0):
 garbage-first heap   total 131072K, used 7412K [0x0000000080200000, 0x0000000100000000)
  region size 1024K, 1 young (1024K), 1 survivors (1024K)
 Metaspace       used 4858K, committed 5056K, reserved 1114112K
  class space    used 528K, committed 640K, reserved 1048576K
}
Event: 1.808 GC heap before
{Heap before GC invocations=2 (full 0):
 garbage-first heap   total 131072K, used 27892K [0x0000000080200000, 0x0000000100000000)
  region size 1024K, 22 young (22528K), 1 survivors (1024K)
 Metaspace       used 10647K, committed 10880K, reserved 1114112K
  class space    used 1296K, committed 1408K, reserved 1048576K
}
Event: 1.814 GC heap after
{Heap after GC invocations=3 (full 0):
 garbage-first heap   total 131072K, used 9307K [0x0000000080200000, 0x0000000100000000)
  region size 1024K, 3 young (3072K), 3 survivors (3072K)
 Metaspace       used 10647K, committed 10880K, reserved 1114112K
  class space    used 1296K, committed 1408K, reserved 1048576K
}
Event: 4.086 GC heap before
{Heap before GC invocations=3 (full 0):
 garbage-first heap   total 131072K, used 60507K [0x0000000080200000, 0x0000000100000000)
  region size 1024K, 55 young (56320K), 3 survivors (3072K)
 Metaspace       used 21260K, committed 21504K, reserved 1114112K
  class space    used 2547K, committed 2688K, reserved 1048576K
}
Event: 4.096 GC heap after
{Heap after GC invocations=4 (full 0):
 garbage-first heap   total 131072K, used 13055K [0x0000000080200000, 0x0000000100000000)
  region size 1024K, 7 young (7168K), 7 survivors (7168K)
 Metaspace       used 21260K, committed 21504K, reserved 1114112K
  class space    used 2547K, committed 2688K, reserved 1048576K
}
Event: 5.225 GC heap before
{Heap before GC invocations=5 (full 0):
 garbage-first heap   total 55296K, used 52991K [0x0000000080200000, 0x0000000100000000)
  region size 1024K, 47 young (48128K), 7 survivors (7168K)
 Metaspace       used 28026K, committed 28352K, reserved 1114112K
  class space    used 3550K, committed 3712K, reserved 1048576K
}
Event: 5.248 GC heap after
{Heap after GC invocations=6 (full 0):
 garbage-first heap   total 65536K, used 15611K [0x0000000080200000, 0x0000000100000000)
  region size 1024K, 7 young (7168K), 7 survivors (7168K)
 Metaspace       used 28026K, committed 28352K, reserved 1114112K
  class space    used 3550K, committed 3712K, reserved 1048576K
}
Event: 6.100 GC heap before
{Heap before GC invocations=6 (full 0):
 garbage-first heap   total 65536K, used 45307K [0x0000000080200000, 0x0000000100000000)
  region size 1024K, 34 young (34816K), 7 survivors (7168K)
 Metaspace       used 32523K, committed 32832K, reserved 1114112K
  class space    used 4087K, committed 4224K, reserved 1048576K
}
Event: 6.111 GC heap after
{Heap after GC invocations=7 (full 0):
 garbage-first heap   total 65536K, used 18606K [0x0000000080200000, 0x0000000100000000)
  region size 1024K, 3 young (3072K), 3 survivors (3072K)
 Metaspace       used 32523K, committed 32832K, reserved 1114112K
  class space    used 4087K, committed 4224K, reserved 1048576K
}
Event: 6.603 GC heap before
{Heap before GC invocations=7 (full 0):
 garbage-first heap   total 65536K, used 31918K [0x0000000080200000, 0x0000000100000000)
  region size 1024K, 17 young (17408K), 3 survivors (3072K)
 Metaspace       used 35652K, committed 35968K, reserved 1114112K
  class space    used 4566K, committed 4736K, reserved 1048576K
}
Event: 6.608 GC heap after
{Heap after GC invocations=8 (full 0):
 garbage-first heap   total 78848K, used 19818K [0x0000000080200000, 0x0000000100000000)
  region size 1024K, 2 young (2048K), 2 survivors (2048K)
 Metaspace       used 35652K, committed 35968K, reserved 1114112K
  class space    used 4566K, committed 4736K, reserved 1048576K
}
Event: 7.864 GC heap before
{Heap before GC invocations=9 (full 0):
 garbage-first heap   total 75776K, used 57706K [0x0000000080200000, 0x0000000100000000)
  region size 1024K, 39 young (39936K), 2 survivors (2048K)
 Metaspace       used 41127K, committed 41536K, reserved 1114112K
  class space    used 5381K, committed 5568K, reserved 1048576K
}
Event: 7.873 GC heap after
{Heap after GC invocations=10 (full 0):
 garbage-first heap   total 75776K, used 23872K [0x0000000080200000, 0x0000000100000000)
  region size 1024K, 5 young (5120K), 5 survivors (5120K)
 Metaspace       used 41127K, committed 41536K, reserved 1114112K
  class space    used 5381K, committed 5568K, reserved 1048576K
}
Event: 8.696 GC heap before
{Heap before GC invocations=10 (full 0):
 garbage-first heap   total 75776K, used 55616K [0x0000000080200000, 0x0000000100000000)
  region size 1024K, 36 young (36864K), 5 survivors (5120K)
 Metaspace       used 47621K, committed 48192K, reserved 1114112K
  class space    used 6230K, committed 6528K, reserved 1048576K
}
Event: 8.705 GC heap after
{Heap after GC invocations=11 (full 0):
 garbage-first heap   total 75776K, used 28454K [0x0000000080200000, 0x0000000100000000)
  region size 1024K, 5 young (5120K), 5 survivors (5120K)
 Metaspace       used 47621K, committed 48192K, reserved 1114112K
  class space    used 6230K, committed 6528K, reserved 1048576K
}
Event: 9.373 GC heap before
{Heap before GC invocations=11 (full 0):
 garbage-first heap   total 75776K, used 54054K [0x0000000080200000, 0x0000000100000000)
  region size 1024K, 31 young (31744K), 5 survivors (5120K)
 Metaspace       used 53991K, committed 54528K, reserved 1114112K
  class space    used 6771K, committed 7040K, reserved 1048576K
}
Event: 9.379 GC heap after
{Heap after GC invocations=12 (full 0):
 garbage-first heap   total 75776K, used 30350K [0x0000000080200000, 0x0000000100000000)
  region size 1024K, 3 young (3072K), 3 survivors (3072K)
 Metaspace       used 53991K, committed 54528K, reserved 1114112K
  class space    used 6771K, committed 7040K, reserved 1048576K
}
Event: 39.201 GC heap before
{Heap before GC invocations=12 (full 0):
 garbage-first heap   total 75776K, used 55950K [0x0000000080200000, 0x0000000100000000)
  region size 1024K, 28 young (28672K), 3 survivors (3072K)
 Metaspace       used 57191K, committed 57792K, reserved 1114112K
  class space    used 7206K, committed 7488K, reserved 1048576K
}
Event: 39.207 GC heap after
{Heap after GC invocations=13 (full 0):
 garbage-first heap   total 75776K, used 31002K [0x0000000080200000, 0x0000000100000000)
  region size 1024K, 3 young (3072K), 3 survivors (3072K)
 Metaspace       used 57191K, committed 57792K, reserved 1114112K
  class space    used 7206K, committed 7488K, reserved 1048576K
}

Deoptimization events (20 events):
Event: 39.131 Thread 0x0000024e1ce74d30 Uncommon trap: trap_request=0xffffff45 fr.pc=0x0000024e07df82b4 relative=0x00000000000002f4
Event: 39.131 Thread 0x0000024e1ce74d30 Uncommon trap: reason=unstable_if action=reinterpret pc=0x0000024e07df82b4 method=org.apache.kafka.common.metrics.stats.SampledStat$Sample.isComplete(JLorg/apache/kafka/common/metrics/MetricConfig;)Z @ 11 c2
Event: 39.131 Thread 0x0000024e1ce74d30 DEOPT PACKING pc=0x0000024e07df82b4 sp=0x00000069c50fefe0
Event: 39.131 Thread 0x0000024e1ce74d30 DEOPT UNPACKING pc=0x0000024e000523a3 sp=0x00000069c50fef00 mode 2
Event: 39.180 Thread 0x0000024e1ce773b0 Uncommon trap: trap_request=0xffffffc6 fr.pc=0x0000024e07d8abf4 relative=0x00000000000021f4
Event: 39.180 Thread 0x0000024e1ce773b0 Uncommon trap: reason=bimorphic_or_optimized_type_check action=maybe_recompile pc=0x0000024e07d8abf4 method=java.util.zip.InflaterInputStream.read([BII)I @ 84 c2
Event: 39.180 Thread 0x0000024e1ce773b0 DEOPT PACKING pc=0x0000024e07d8abf4 sp=0x00000069c63fe3d0
Event: 39.180 Thread 0x0000024e1ce773b0 DEOPT UNPACKING pc=0x0000024e000523a3 sp=0x00000069c63fe420 mode 2
Event: 39.182 Thread 0x0000024e1ce773b0 Uncommon trap: trap_request=0xffffffc6 fr.pc=0x0000024e07d8abf4 relative=0x00000000000021f4
Event: 39.182 Thread 0x0000024e1ce773b0 Uncommon trap: reason=bimorphic_or_optimized_type_check action=maybe_recompile pc=0x0000024e07d8abf4 method=java.util.zip.InflaterInputStream.read([BII)I @ 84 c2
Event: 39.182 Thread 0x0000024e1ce773b0 DEOPT PACKING pc=0x0000024e07d8abf4 sp=0x00000069c63fd260
Event: 39.182 Thread 0x0000024e1ce773b0 DEOPT UNPACKING pc=0x0000024e000523a3 sp=0x00000069c63fd2b0 mode 2
Event: 39.661 Thread 0x0000024e1ce74d30 Uncommon trap: trap_request=0xffffff45 fr.pc=0x0000024e07e036ec relative=0x00000000000003ec
Event: 39.661 Thread 0x0000024e1ce74d30 Uncommon trap: reason=unstable_if action=reinterpret pc=0x0000024e07e036ec method=org.apache.kafka.common.metrics.stats.SampledStat$Sample.isComplete(JLorg/apache/kafka/common/metrics/MetricConfig;)Z @ 11 c2
Event: 39.661 Thread 0x0000024e1ce74d30 DEOPT PACKING pc=0x0000024e07e036ec sp=0x00000069c50febf0
Event: 39.661 Thread 0x0000024e1ce74d30 DEOPT UNPACKING pc=0x0000024e000523a3 sp=0x00000069c50fea20 mode 2
Event: 39.661 Thread 0x0000024e1ce74d30 Uncommon trap: trap_request=0xffffff45 fr.pc=0x0000024e07e02b50 relative=0x0000000000000310
Event: 39.661 Thread 0x0000024e1ce74d30 Uncommon trap: reason=unstable_if action=reinterpret pc=0x0000024e07e02b50 method=org.apache.kafka.common.metrics.stats.SampledStat$Sample.isComplete(JLorg/apache/kafka/common/metrics/MetricConfig;)Z @ 11 c2
Event: 39.661 Thread 0x0000024e1ce74d30 DEOPT PACKING pc=0x0000024e07e02b50 sp=0x00000069c50feb30
Event: 39.661 Thread 0x0000024e1ce74d30 DEOPT UNPACKING pc=0x0000024e000523a3 sp=0x00000069c50fea08 mode 2

Classes loaded (20 events):
Event: 9.436 Loading class sun/nio/ch/SelectionKeyImpl
Event: 9.436 Loading class java/nio/channels/spi/AbstractSelectionKey
Event: 9.436 Loading class java/nio/channels/SelectionKey
Event: 9.436 Loading class java/nio/channels/SelectionKey done
Event: 9.436 Loading class java/nio/channels/spi/AbstractSelectionKey done
Event: 9.436 Loading class sun/nio/ch/SelectionKeyImpl done
Event: 9.437 Loading class java/lang/invoke/ConstantBootstraps
Event: 9.437 Loading class java/lang/invoke/ConstantBootstraps done
Event: 9.485 Loading class sun/nio/ch/IOVecWrapper
Event: 9.486 Loading class sun/nio/ch/IOVecWrapper done
Event: 9.486 Loading class sun/nio/ch/AllocatedNativeObject
Event: 9.486 Loading class sun/nio/ch/NativeObject
Event: 9.487 Loading class sun/nio/ch/NativeObject done
Event: 9.487 Loading class sun/nio/ch/AllocatedNativeObject done
Event: 9.487 Loading class sun/nio/ch/IOVecWrapper$Deallocator
Event: 9.487 Loading class sun/nio/ch/IOVecWrapper$Deallocator done
Event: 9.521 Loading class java/lang/ExceptionInInitializerError
Event: 9.522 Loading class java/lang/ExceptionInInitializerError done
Event: 12.208 Loading class jdk/internal/access/foreign/MemorySegmentProxy
Event: 12.208 Loading class jdk/internal/access/foreign/MemorySegmentProxy done

Classes unloaded (0 events):
No events

Classes redefined (0 events):
No events

Internal exceptions (20 events):
Event: 8.262 Thread 0x0000024e77c873e0 Implicit null exception at 0x0000024e07c2de2e to 0x0000024e07c2e6cc
Event: 8.370 Thread 0x0000024e77c873e0 Exception <a 'sun/nio/fs/WindowsException'{0x000000008350b740}> (0x000000008350b740) 
thrown [s\open\src\hotspot\share\prims\jni.cpp, line 516]
Event: 8.690 Thread 0x0000024e77c873e0 Exception <a 'java/lang/NoSuchMethodError'{0x0000000082a97628}: 'java.lang.Object java.lang.invoke.DelegatingMethodHandle$Holder.reinvoke_L(java.lang.Object, int, int, long, java.lang.Object, long, long, long)'> (0x0000000082a97628) 
thrown [s\open\src\hotspot\share\interpreter\linkResolver.cpp, line 759]
Event: 8.692 Thread 0x0000024e77c873e0 Exception <a 'java/lang/NoSuchMethodError'{0x0000000082abdae0}: 'java.lang.Object java.lang.invoke.DelegatingMethodHandle$Holder.reinvoke_L(java.lang.Object, java.lang.Object, java.lang.Object, java.lang.Object, java.lang.Object, java.lang.Object, java.lang.Object, java.lang.Object, java.lang.Object, java.lang.Object, java.lang.Object, java.lang.Object, java.lang.Object, java.lang.Object, int, java.lang.Object, java.lang.Object, java.lang.Object, java.lang.Object, java.lang.Object, java.lang.Object, java.l
Event: 8.707 Thread 0x0000024e77c873e0 Exception <a 'java/lang/NoSuchMethodError'{0x000000008811bc90}: 'java.lang.Object java.lang.invoke.DelegatingMethodHandle$Holder.reinvoke_L(java.lang.Object, java.lang.Object, java.lang.Object, java.lang.Object, java.lang.Object, java.lang.Object, java.lang.Object, java.lang.Object, java.lang.Object, java.lang.Object, java.lang.Object, java.lang.Object, java.lang.Object, java.lang.Object, java.lang.Object, java.lang.Object, java.lang.Object, java.lang.Object, java.lang.Object, java.lang.Object, java.lang.O
Event: 9.484 Thread 0x0000024e1ce78220 Exception <a 'java/lang/NoSuchMethodError'{0x0000000084567288}: 'java.lang.Object java.lang.invoke.DirectMethodHandle$Holder.newInvokeSpecial(java.lang.Object, java.lang.Object, long)'> (0x0000000084567288) 
thrown [s\open\src\hotspot\share\interpreter\linkResolver.cpp, line 759]
Event: 9.484 Thread 0x0000024e1ce74d30 Exception <a 'java/lang/NoSuchMethodError'{0x00000000847adf00}: 'java.lang.Object java.lang.invoke.DirectMethodHandle$Holder.newInvokeSpecial(java.lang.Object, java.lang.Object, long)'> (0x00000000847adf00) 
thrown [s\open\src\hotspot\share\interpreter\linkResolver.cpp, line 759]
Event: 9.484 Thread 0x0000024e1ce79560 Exception <a 'java/lang/NoSuchMethodError'{0x0000000084573e28}: 'java.lang.Object java.lang.invoke.DirectMethodHandle$Holder.newInvokeSpecial(java.lang.Object, java.lang.Object, long)'> (0x0000000084573e28) 
thrown [s\open\src\hotspot\share\interpreter\linkResolver.cpp, line 759]
Event: 9.484 Thread 0x0000024e1ce78220 Exception <a 'java/lang/NoSuchMethodError'{0x000000008457cf40}: 'java.lang.Object java.lang.invoke.Invokers$Holder.linkToTargetMethod(java.lang.Object, long, java.lang.Object)'> (0x000000008457cf40) 
thrown [s\open\src\hotspot\share\interpreter\linkResolver.cpp, line 759]
Event: 9.484 Thread 0x0000024e1ce79560 Exception <a 'java/lang/NoSuchMethodError'{0x00000000845775b0}: 'java.lang.Object java.lang.invoke.Invokers$Holder.linkToTargetMethod(java.lang.Object, long, java.lang.Object)'> (0x00000000845775b0) 
thrown [s\open\src\hotspot\share\interpreter\linkResolver.cpp, line 759]
Event: 9.484 Thread 0x0000024e1ce74d30 Exception <a 'java/lang/NoSuchMethodError'{0x00000000847b1688}: 'java.lang.Object java.lang.invoke.Invokers$Holder.linkToTargetMethod(java.lang.Object, long, java.lang.Object)'> (0x00000000847b1688) 
thrown [s\open\src\hotspot\share\interpreter\linkResolver.cpp, line 759]
Event: 9.627 Thread 0x0000024e1ce78220 Exception <a 'java/lang/NoSuchMethodError'{0x0000000083ed8ca0}: 'java.lang.Object java.lang.invoke.DirectMethodHandle$Holder.invokeVirtual(java.lang.Object, java.lang.Object, int)'> (0x0000000083ed8ca0) 
thrown [s\open\src\hotspot\share\interpreter\linkResolver.cpp, line 759]
Event: 9.627 Thread 0x0000024e1ce79560 Exception <a 'java/lang/NoSuchMethodError'{0x0000000083ee1e68}: 'java.lang.Object java.lang.invoke.DirectMethodHandle$Holder.invokeVirtual(java.lang.Object, java.lang.Object, int)'> (0x0000000083ee1e68) 
thrown [s\open\src\hotspot\share\interpreter\linkResolver.cpp, line 759]
Event: 9.627 Thread 0x0000024e1ce74d30 Exception <a 'java/lang/NoSuchMethodError'{0x0000000083e79350}: 'java.lang.Object java.lang.invoke.DirectMethodHandle$Holder.invokeVirtual(java.lang.Object, java.lang.Object, int)'> (0x0000000083e79350) 
thrown [s\open\src\hotspot\share\interpreter\linkResolver.cpp, line 759]
Event: 10.154 Thread 0x0000024e1ce79560 Exception <a 'java/lang/NoSuchMethodError'{0x0000000083d7dbb0}: 'java.lang.Object java.lang.invoke.DirectMethodHandle$Holder.newInvokeSpecial(java.lang.Object, java.lang.Object, int, java.lang.Object)'> (0x0000000083d7dbb0) 
thrown [s\open\src\hotspot\share\interpreter\linkResolver.cpp, line 759]
Event: 10.154 Thread 0x0000024e1ce74d30 Exception <a 'java/lang/NoSuchMethodError'{0x0000000083df4370}: 'java.lang.Object java.lang.invoke.DirectMethodHandle$Holder.newInvokeSpecial(java.lang.Object, java.lang.Object, int, java.lang.Object)'> (0x0000000083df4370) 
thrown [s\open\src\hotspot\share\interpreter\linkResolver.cpp, line 759]
Event: 10.154 Thread 0x0000024e1ce78220 Exception <a 'java/lang/NoSuchMethodError'{0x0000000083de9878}: 'java.lang.Object java.lang.invoke.DirectMethodHandle$Holder.newInvokeSpecial(java.lang.Object, java.lang.Object, int, java.lang.Object)'> (0x0000000083de9878) 
thrown [s\open\src\hotspot\share\interpreter\linkResolver.cpp, line 759]
Event: 10.154 Thread 0x0000024e1ce79560 Exception <a 'java/lang/NoSuchMethodError'{0x0000000083c02fe8}: 'java.lang.Object java.lang.invoke.Invokers$Holder.linkToTargetMethod(java.lang.Object, int, java.lang.Object, java.lang.Object)'> (0x0000000083c02fe8) 
thrown [s\open\src\hotspot\share\interpreter\linkResolver.cpp, line 759]
Event: 10.155 Thread 0x0000024e1ce74d30 Exception <a 'java/lang/NoSuchMethodError'{0x0000000083df7be0}: 'java.lang.Object java.lang.invoke.Invokers$Holder.linkToTargetMethod(java.lang.Object, int, java.lang.Object, java.lang.Object)'> (0x0000000083df7be0) 
thrown [s\open\src\hotspot\share\interpreter\linkResolver.cpp, line 759]
Event: 10.155 Thread 0x0000024e1ce78220 Exception <a 'java/lang/NoSuchMethodError'{0x0000000083ded0e8}: 'java.lang.Object java.lang.invoke.Invokers$Holder.linkToTargetMethod(java.lang.Object, int, java.lang.Object, java.lang.Object)'> (0x0000000083ded0e8) 
thrown [s\open\src\hotspot\share\interpreter\linkResolver.cpp, line 759]

VM Operations (20 events):
Event: 38.083 Executing VM operation: Cleanup
Event: 38.083 Executing VM operation: Cleanup done
Event: 39.114 Executing VM operation: Cleanup
Event: 39.114 Executing VM operation: Cleanup done
Event: 39.195 Executing VM operation: G1CollectForAllocation
Event: 39.208 Executing VM operation: G1CollectForAllocation done
Event: 39.876 Executing VM operation: HandshakeAllThreads
Event: 39.894 Executing VM operation: HandshakeAllThreads done
Event: 39.902 Executing VM operation: ICBufferFull
Event: 39.902 Executing VM operation: ICBufferFull done
Event: 40.907 Executing VM operation: Cleanup
Event: 40.907 Executing VM operation: Cleanup done
Event: 42.925 Executing VM operation: Cleanup
Event: 42.925 Executing VM operation: Cleanup done
Event: 43.938 Executing VM operation: Cleanup
Event: 43.938 Executing VM operation: Cleanup done
Event: 44.950 Executing VM operation: Cleanup
Event: 44.950 Executing VM operation: Cleanup done
Event: 45.964 Executing VM operation: Cleanup
Event: 45.964 Executing VM operation: Cleanup done

Events (20 events):
Event: 9.062 Thread 0x0000024e1ce76ee0 Thread added: 0x0000024e1ce76ee0
Event: 9.062 Thread 0x0000024e1ce79a30 Thread added: 0x0000024e1ce79a30
Event: 9.062 Thread 0x0000024e1ce79090 Thread added: 0x0000024e1ce79090
Event: 9.062 Thread 0x0000024e1ce7a8a0 Thread added: 0x0000024e1ce7a8a0
Event: 9.062 Thread 0x0000024e1ce756d0 Thread added: 0x0000024e1ce756d0
Event: 9.065 Thread 0x0000024e1ce75ba0 Thread added: 0x0000024e1ce75ba0
Event: 9.067 Thread 0x0000024e1ce79f00 Thread added: 0x0000024e1ce79f00
Event: 9.109 Thread 0x0000024e77c873e0 Thread exited: 0x0000024e77c873e0
Event: 9.110 Thread 0x0000024e1ce76070 Thread added: 0x0000024e1ce76070
Event: 9.281 Thread 0x0000024e1b555fc0 Thread exited: 0x0000024e1b555fc0
Event: 9.582 Thread 0x0000024e1ce786f0 Thread added: 0x0000024e1ce786f0
Event: 9.582 Thread 0x0000024e1ce7ad70 Thread added: 0x0000024e1ce7ad70
Event: 9.583 Thread 0x0000024e1ce7b240 Thread added: 0x0000024e1ce7b240
Event: 9.778 Thread 0x0000024e1d28e420 Thread added: 0x0000024e1d28e420
Event: 10.146 Thread 0x0000024e1d28e420 Thread exited: 0x0000024e1d28e420
Event: 39.154 Thread 0x0000024e1ce773b0 Thread added: 0x0000024e1ce773b0
Event: 39.154 Thread 0x0000024e1ce77880 Thread added: 0x0000024e1ce77880
Event: 39.895 Thread 0x0000024e7ff5e840 flushing nmethod 0x0000024e07ca6390
Event: 39.898 Thread 0x0000024e7ff5e840 flushing nmethod 0x0000024e0073ec90
Event: 39.904 Thread 0x0000024e7ff5e840 flushing nmethod 0x0000024e00ed9290


Dynamic libraries:
0x00007ff6cbdf0000 - 0x00007ff6cbdfe000 	C:\Users\614177\.jdks\openjdk-18.0.2\bin\java.exe
0x00007ffd66d90000 - 0x00007ffd66f87000 	C:\Windows\SYSTEM32\ntdll.dll
0x00007ffd66270000 - 0x00007ffd6632d000 	C:\Windows\System32\KERNEL32.DLL
0x00007ffd644b0000 - 0x00007ffd6477d000 	C:\Windows\System32\KERNELBASE.dll
0x00007ffd66420000 - 0x00007ffd664ce000 	C:\Windows\System32\ADVAPI32.DLL
0x00007ffd65700000 - 0x00007ffd6579e000 	C:\Windows\System32\msvcrt.dll
0x00007ffd66bf0000 - 0x00007ffd66c8c000 	C:\Windows\System32\sechost.dll
0x00007ffd65080000 - 0x00007ffd651a5000 	C:\Windows\System32\RPCRT4.dll
0x00007ffd647f0000 - 0x00007ffd648f0000 	C:\Windows\System32\ucrtbase.dll
0x00007ffd38060000 - 0x00007ffd3807a000 	C:\Users\614177\.jdks\openjdk-18.0.2\bin\VCRUNTIME140.dll
0x00007ffd38080000 - 0x00007ffd38097000 	C:\Users\614177\.jdks\openjdk-18.0.2\bin\jli.dll
0x00007ffd65980000 - 0x00007ffd65b20000 	C:\Windows\System32\USER32.dll
0x00007ffd64a30000 - 0x00007ffd64a52000 	C:\Windows\System32\win32u.dll
0x00007ffd64df0000 - 0x00007ffd64e1a000 	C:\Windows\System32\GDI32.dll
0x00007ffd64ce0000 - 0x00007ffd64deb000 	C:\Windows\System32\gdi32full.dll
0x00007ffd64c40000 - 0x00007ffd64cdd000 	C:\Windows\System32\msvcp_win.dll
0x00007ffd3cfc0000 - 0x00007ffd3d25a000 	C:\Windows\WinSxS\amd64_microsoft.windows.common-controls_6595b64144ccf1df_6.0.19041.1110_none_60b5254171f9507e\COMCTL32.dll
0x00007ffd657c0000 - 0x00007ffd657f0000 	C:\Windows\System32\IMM32.DLL
0x00007ffd642c0000 - 0x00007ffd642fb000 	C:\Program Files\Citrix\HDX\bin\MfApHook.dll
0x00007ffd64200000 - 0x00007ffd64210000 	C:\Program Files\Citrix\HDX\bin\FullScreenHook.dll
0x00007ffd30060000 - 0x00007ffd300ed000 	C:\Users\614177\.jdks\openjdk-18.0.2\bin\MSVCP140.dll
0x00007ffd38d70000 - 0x00007ffd38d7c000 	C:\Users\614177\.jdks\openjdk-18.0.2\bin\VCRUNTIME140_1.dll
0x00007ffd64050000 - 0x00007ffd6407d000 	C:\Program Files\Citrix\HDX\bin\ShellHook.dll
0x00007ffd66690000 - 0x00007ffd666e5000 	C:\Windows\System32\SHLWAPI.dll
0x00007ffd63ed0000 - 0x00007ffd63ff9000 	C:\Program Files\Citrix\HDX\bin\SCardHook.dll
0x00007ffd63e30000 - 0x00007ffd63e4e000 	C:\Program Files\Citrix\HDX\bin\CxInjIme.dll
0x00007ffd63e00000 - 0x00007ffd63e28000 	C:\Program Files\Citrix\HDX\bin\PicaWtsHook.dll
0x00007ffd14070000 - 0x00007ffd14c81000 	C:\Users\614177\.jdks\openjdk-18.0.2\bin\server\jvm.dll
0x00007ffd66d40000 - 0x00007ffd66d48000 	C:\Windows\System32\PSAPI.DLL
0x00007ffd640b0000 - 0x00007ffd640ba000 	C:\Windows\SYSTEM32\VERSION.dll
0x00007ffd5ee30000 - 0x00007ffd5ee57000 	C:\Windows\SYSTEM32\WINMM.dll
0x00007ffd5fd70000 - 0x00007ffd5fd79000 	C:\Windows\SYSTEM32\WSOCK32.dll
0x00007ffd664d0000 - 0x00007ffd6653b000 	C:\Windows\System32\WS2_32.dll
0x00007ffd628f0000 - 0x00007ffd62902000 	C:\Windows\SYSTEM32\kernel.appcore.dll
0x00007ffd38c30000 - 0x00007ffd38c3a000 	C:\Users\614177\.jdks\openjdk-18.0.2\bin\jimage.dll
0x00007ffd61c60000 - 0x00007ffd61e44000 	C:\Windows\SYSTEM32\DBGHELP.DLL
0x00007ffd492c0000 - 0x00007ffd492ec000 	C:\Windows\SYSTEM32\dbgcore.DLL
0x00007ffd648f0000 - 0x00007ffd64972000 	C:\Windows\System32\bcryptPrimitives.dll
0x00007ffd38460000 - 0x00007ffd3846e000 	C:\Users\614177\.jdks\openjdk-18.0.2\bin\instrument.dll
0x00007ffd38030000 - 0x00007ffd38055000 	C:\Users\614177\.jdks\openjdk-18.0.2\bin\java.dll
0x00007ffd2f4c0000 - 0x00007ffd2f596000 	C:\Users\614177\.jdks\openjdk-18.0.2\bin\jsvml.dll
0x00007ffd65b20000 - 0x00007ffd66264000 	C:\Windows\System32\SHELL32.dll
0x00007ffd62120000 - 0x00007ffd628b4000 	C:\Windows\SYSTEM32\windows.storage.dll
0x00007ffd653a0000 - 0x00007ffd656f4000 	C:\Windows\System32\combase.dll
0x00007ffd63aa0000 - 0x00007ffd63acc000 	C:\Windows\SYSTEM32\Wldp.dll
0x00007ffd66c90000 - 0x00007ffd66d3d000 	C:\Windows\System32\SHCORE.dll
0x00007ffd643f0000 - 0x00007ffd6440f000 	C:\Windows\SYSTEM32\profapi.dll
0x00007ffd32f90000 - 0x00007ffd32fa8000 	C:\Users\614177\.jdks\openjdk-18.0.2\bin\zip.dll
0x00007ffd330c0000 - 0x00007ffd330d3000 	C:\Users\614177\.jdks\openjdk-18.0.2\bin\net.dll
0x00007ffd5e230000 - 0x00007ffd5e33a000 	C:\Windows\SYSTEM32\WINHTTP.dll
0x00007ffd63760000 - 0x00007ffd637ca000 	C:\Windows\system32\mswsock.dll
0x00007ffd33050000 - 0x00007ffd33066000 	C:\Users\614177\.jdks\openjdk-18.0.2\bin\nio.dll
0x00007ffd37610000 - 0x00007ffd3762a000 	C:\Program Files\JetBrains\IntelliJ IDEA Community Edition 2022.1.2\bin\breakgen64.dll
0x00007ffd37810000 - 0x00007ffd37820000 	C:\Users\614177\.jdks\openjdk-18.0.2\bin\verify.dll
0x00007ffd63460000 - 0x00007ffd6349b000 	C:\Windows\SYSTEM32\IPHLPAPI.DLL
0x00007ffd66680000 - 0x00007ffd66688000 	C:\Windows\System32\NSI.dll
0x00007ffd5da80000 - 0x00007ffd5da97000 	C:\Windows\SYSTEM32\dhcpcsvc6.DLL
0x00007ffd5d820000 - 0x00007ffd5d83d000 	C:\Windows\SYSTEM32\dhcpcsvc.DLL
0x00007ffd634a0000 - 0x00007ffd6356b000 	C:\Windows\SYSTEM32\DNSAPI.dll
0x00007ffd5b0b0000 - 0x00007ffd5b0ba000 	C:\Windows\System32\rasadhlp.dll
0x00007ffd5da00000 - 0x00007ffd5da80000 	C:\Windows\System32\fwpuclnt.dll
0x00007ffd64a60000 - 0x00007ffd64a87000 	C:\Windows\System32\bcrypt.dll
0x00007ffd35c10000 - 0x00007ffd35c19000 	C:\Users\614177\.jdks\openjdk-18.0.2\bin\management.dll
0x00007ffd352c0000 - 0x00007ffd352cb000 	C:\Users\614177\.jdks\openjdk-18.0.2\bin\management_ext.dll
0x00007ffd56380000 - 0x00007ffd56397000 	C:\Windows\system32\napinsp.dll
0x00007ffd563a0000 - 0x00007ffd563bb000 	C:\Windows\system32\pnrpnsp.dll
0x00007ffd5bd90000 - 0x00007ffd5bdad000 	C:\Windows\system32\NLAapi.dll
0x00007ffd563c0000 - 0x00007ffd563d2000 	C:\Windows\System32\winrnr.dll
0x00007ffd563e0000 - 0x00007ffd563f5000 	C:\Windows\system32\wshbth.dll
0x00007ffd63960000 - 0x00007ffd63978000 	C:\Windows\SYSTEM32\CRYPTSP.dll
0x00007ffd630f0000 - 0x00007ffd63124000 	C:\Windows\system32\rsaenh.dll
0x00007ffd643b0000 - 0x00007ffd643de000 	C:\Windows\SYSTEM32\USERENV.dll
0x00007ffd63950000 - 0x00007ffd6395c000 	C:\Windows\SYSTEM32\CRYPTBASE.dll
0x00007ffd38450000 - 0x00007ffd3845e000 	C:\Users\614177\.jdks\openjdk-18.0.2\bin\sunmscapi.dll
0x00007ffd64a90000 - 0x00007ffd64be6000 	C:\Windows\System32\CRYPT32.dll
0x00007ffd63b20000 - 0x00007ffd63b47000 	C:\Windows\SYSTEM32\ncrypt.dll
0x00007ffd63ad0000 - 0x00007ffd63b0b000 	C:\Windows\SYSTEM32\NTASN1.dll

dbghelp: loaded successfully - version: 4.0.5 - missing functions: none
symbol engine: initialized successfully - sym options: 0x614 - pdb path: .;C:\Users\614177\.jdks\openjdk-18.0.2\bin;C:\Windows\SYSTEM32;C:\Windows\WinSxS\amd64_microsoft.windows.common-controls_6595b64144ccf1df_6.0.19041.1110_none_60b5254171f9507e;C:\Program Files\Citrix\HDX\bin;C:\Users\614177\.jdks\openjdk-18.0.2\bin\server;C:\Program Files\JetBrains\IntelliJ IDEA Community Edition 2022.1.2\bin

VM Arguments:
jvm_args: -javaagent:C:\Program Files\JetBrains\IntelliJ IDEA Community Edition 2022.1.2\lib\idea_rt.jar=57784:C:\Program Files\JetBrains\IntelliJ IDEA Community Edition 2022.1.2\bin -Dfile.encoding=UTF-8 
java_command: App.OrderCommandServiceApplication
java_class_path (initial): C:\SoftwareArchitecture\client\OrderCommandService\OrderCommandService\target\classes;C:\Users\614177\.m2\repository\org\springframework\boot\spring-boot-starter-data-mongodb\2.7.2\spring-boot-starter-data-mongodb-2.7.2.jar;C:\Users\614177\.m2\repository\org\springframework\boot\spring-boot-starter\2.7.2\spring-boot-starter-2.7.2.jar;C:\Users\614177\.m2\repository\org\springframework\boot\spring-boot\2.7.2\spring-boot-2.7.2.jar;C:\Users\614177\.m2\repository\org\springframework\boot\spring-boot-autoconfigure\2.7.2\spring-boot-autoconfigure-2.7.2.jar;C:\Users\614177\.m2\repository\org\springframework\boot\spring-boot-starter-logging\2.7.2\spring-boot-starter-logging-2.7.2.jar;C:\Users\614177\.m2\repository\ch\qos\logback\logback-classic\1.2.11\logback-classic-1.2.11.jar;C:\Users\614177\.m2\repository\ch\qos\logback\logback-core\1.2.11\logback-core-1.2.11.jar;C:\Users\614177\.m2\repository\org\apache\logging\log4j\log4j-to-slf4j\2.17.2\log4j-to-slf4j-2.17.2.jar;C:\Users\614177\.m2\repository\org\apache\logging\log4j\log4j-api\2.17.2\log4j-api-2.17.2.jar;C:\Users\614177\.m2\repository\org\slf4j\jul-to-slf4j\1.7.36\jul-to-slf4j-1.7.36.jar;C:\Users\614177\.m2\repository\jakarta\annotation\jakarta.annotation-api\1.3.5\jakarta.annotation-api-1.3.5.jar;C:\Users\614177\.m2\repository\org\yaml\snakeyaml\1.30\snakeyaml-1.30.jar;C:\Users\614177\.m2\repository\org\mongodb\mongodb-driver-sync\4.6.1\mongodb-driver-sync-4.6.1.jar;C:\Users\614177\.m2\repository\org\mongodb\bson\4.6.1\bson-4.6.1.jar;C:\Users\614177\.m2\repository\org\mongodb\mongodb-driver-core\4.6.1\mongodb-driver-core-4.6.1.jar;C:\Users\614177\.m2\repository\org\mongodb\bson-record-codec\4.6.1\bson-record-codec-4.6.1.jar;C:\Users\614177\.m2\repository\org\springframework\data\spring-data-mongodb\3.4.2\spring-data-mongodb-3.4.2.jar;C:\Users\614177\.m2\repository\org\springframework\spring-beans\5.3.22\spring-beans-5.3.22.jar;C:\Users\614177\.m2\repository\org\springframework\spring-expression\5.3.22\spring-expression-5.3.22.jar;C:\Users\614177\.m2\repository\org\springframework\data\spring-data-commons\2.7.2\spring-data-commons-2.7.2.jar;C:\Users\614177\.m2\repository\org\slf4j\slf4j-api\1.7.36\slf4j-api-1.7.36.jar;C:\Users\614177\.m2\repository\org\springframework\boot\spring-boot-starter-web\2.7.2\spring-boot-starter-web-2.7.2.jar;C:\Users\614177\.m2\repository\org\springframework\boot\spring-boot-starter-json\2.7.2\spring-boot-starter-json-2.7.2.jar;C:\Users\614177\.m2\repository\com\fasterxml\jackson\datatype\jackson-datatype-jdk8\2.13.3\jackson-datatype-jdk8-2.13.3.jar;C:\Users\614177\.m2\repository\com\fasterxml\jackson\datatype\jackson-datatype-jsr310\2.13.3\jackson-datatype-jsr310-2.13.3.jar;C:\Users\614177\.m2\repository\com\fasterxml\jackson\module\jackson-module-parameter-names\2.13.3\jackson-module-parameter-names-2.13.3.jar;C:\Users\614177\.m2\repository\org\springframework\boot\spring-boot-starter-tomcat\2.7.2\spring-boot-starter-tomcat-2.7.2.jar;C:\Users\614177\.m2\repository\org\apache\tomcat\embed\tomcat-embed-core\9.0.65\tomcat-embed-core-9.0.65.jar;C:\Users\614177\.m2\repository\org\apache\tomcat\embed\tomcat-embed-el\9.0.65\tomcat-embed-el-9.0.65.jar;C:\Users\614177\.m2\repository\org\apache\tomcat\embed\tomcat-embed-websocket\9.0.65\tomcat-embed-websocket-9.0.65.jar;C:\Users\614177\.m2\repository\org\springframework\spring-web\5.3.22\spring-web-5.3.22.jar;C:\Users\614177\.m2\repository\org\springframework\spring-webmvc\5.3.22\spring-webmvc-5.3.22.jar;C:\Users\614177\.m2\repository\org\springframework\spring-aop\5.3.22\spring-aop-5.3.22.jar;C:\Users\614177\.m2\repository\org\springframework\cloud\spring-cloud-starter\3.1.3\spring-cloud-starter-3.1.3.jar;C:\Users\614177\.m2\repository\org\springframework\cloud\spring-cloud-context\3.1.3\spring-cloud-context-3.1.3.jar;C:\Users\614177\.m2\repository\org\springframework\security\spring-security-crypto\5.7.2\spring-security-crypto-5.7.2.jar;C:\Users\614177\.m2\repository\org\springframework\cloud\spring-cloud-commons\3.1.3\spring-cloud-commons-3.1.3.jar;C:\Users\614177\.m2\repository\org\springframework\security\spring-security-rsa\1.0.10.RELEASE\spring-security-rsa-1.0.10.RELEASE.jar;C:\Users\614177\.m2\repository\org\bouncycastle\bcpkix-jdk15on\1.68\bcpkix-jdk15on-1.68.jar;C:\Users\614177\.m2\repository\org\bouncycastle\bcprov-jdk15on\1.68\bcprov-jdk15on-1.68.jar;C:\Users\614177\.m2\repository\org\springframework\cloud\spring-cloud-starter-config\3.1.3\spring-cloud-starter-config-3.1.3.jar;C:\Users\614177\.m2\repository\org\springframework\cloud\spring-cloud-config-client\3.1.3\spring-cloud-config-client-3.1.3.jar;C:\Users\614177\.m2\repository\com\fasterxml\jackson\core\jackson-annotations\2.13.3\jackson-annotations-2.13.3.jar;C:\Users\614177\.m2\repository\org\apache\httpcomponents\httpclient\4.5.13\httpclient-4.5.13.jar;C:\Users\614177\.m2\repository\org\apache\httpcomponents\httpcore\4.4.15\httpcore-4.4.15.jar;C:\Users\614177\.m2\repository\commons-codec\commons-codec\1.15\commons-codec-1.15.jar;C:\Users\614177\.m2\repository\com\fasterxml\jackson\core\jackson-databind\2.13.3\jackson-databind-2.13.3.jar;C:\Users\614177\.m2\repository\com\fasterxml\jackson\core\jackson-core\2.13.3\jackson-core-2.13.3.jar;C:\Users\614177\.m2\repository\org\springframework\cloud\spring-cloud-starter-bootstrap\3.1.3\spring-cloud-starter-bootstrap-3.1.3.jar;C:\Users\614177\.m2\repository\org\springframework\cloud\spring-cloud-starter-netflix-eureka-client\3.1.3\spring-cloud-starter-netflix-eureka-client-3.1.3.jar;C:\Users\614177\.m2\repository\org\springframework\cloud\spring-cloud-netflix-eureka-client\3.1.3\spring-cloud-netflix-eureka-client-3.1.3.jar;C:\Users\614177\.m2\repository\com\netflix\eureka\eureka-client\1.10.17\eureka-client-1.10.17.jar;C:\Users\614177\.m2\repository\com\netflix\netflix-commons\netflix-eventbus\0.3.0\netflix-eventbus-0.3.0.jar;C:\Users\614177\.m2\repository\com\netflix\netflix-commons\netflix-infix\0.3.0\netflix-infix-0.3.0.jar;C:\Users\614177\.m2\repository\commons-jxpath\commons-jxpath\1.3\commons-jxpath-1.3.jar;C:\Users\614177\.m2\repository\joda-time\joda-time\2.3\joda-time-2.3.jar;C:\Users\614177\.m2\repository\org\antlr\antlr-runtime\3.4\antlr-runtime-3.4.jar;C:\Users\614177\.m2\repository\org\antlr\stringtemplate\3.2.1\stringtemplate-3.2.1.jar;C:\Users\614177\.m2\repository\antlr\antlr\2.7.7\antlr-2.7.7.jar;C:\Users\614177\.m2\repository\com\google\code\gson\gson\2.9.0\gson-2.9.0.jar;C:\Users\614177\.m2\repository\org\apache\commons\commons-math\2.2\commons-math-2.2.jar;C:\Users\614177\.m2\repository\com\thoughtworks\xstream\xstream\1.4.18\xstream-1.4.18.jar;C:\Users\614177\.m2\repository\io\github\x-stream\mxparser\1.2.2\mxparser-1.2.2.jar;C:\Users\614177\.m2\repository\xmlpull\xmlpull\1.1.3.1\xmlpull-1.1.3.1.jar;C:\Users\614177\.m2\repository\javax\ws\rs\jsr311-api\1.1.1\jsr311-api-1.1.1.jar;C:\Users\614177\.m2\repository\com\netflix\servo\servo-core\0.12.21\servo-core-0.12.21.jar;C:\Users\614177\.m2\repository\com\google\guava\guava\19.0\guava-19.0.jar;C:\Users\614177\.m2\repository\commons-configuration\commons-configuration\1.10\commons-configuration-1.10.jar;C:\Users\614177\.m2\repository\commons-lang\commons-lang\2.6\commons-lang-2.6.jar;C:\Users\614177\.m2\repository\com\google\inject\guice\4.1.0\guice-4.1.0.jar;C:\Users\614177\.m2\repository\javax\inject\javax.inject\1\javax.inject-1.jar;C:\Users\614177\.m2\repository\org\codehaus\jettison\jettison\1.4.0\jettison-1.4.0.jar;C:\Users\614177\.m2\repository\com\netflix\eureka\eureka-core\1.10.17\eureka-core-1.10.17.jar;C:\Users\614177\.m2\repository\com\fasterxml\woodstox\woodstox-core\6.2.1\woodstox-core-6.2.1.jar;C:\Users\614177\.m2\repository\org\codehaus\woodstox\stax2-api\4.2.1\stax2-api-4.2.1.jar;C:\Users\614177\.m2\repository\org\springframework\cloud\spring-cloud-starter-loadbalancer\3.1.3\spring-cloud-starter-loadbalancer-3.1.3.jar;C:\Users\614177\.m2\repository\org\springframework\cloud\spring-cloud-loadbalancer\3.1.3\spring-cloud-loadbalancer-3.1.3.jar;C:\Users\614177\.m2\repository\io\projectreactor\reactor-core\3.4.21\reactor-core-3.4.21.jar;C:\Users\614177\.m2\repository\org\reactivestreams\reactive-streams\1.0.4\reactive-streams-1.0.4.jar;C:\Users\614177\.m2\repository\io\projectreactor\addons\reactor-extra\3.4.8\reactor-extra-3.4.8.jar;C:\Users\614177\.m2\repository\org\springframework\boot\spring-boot-starter-cache\2.7.2\spring-boot-starter-cache-2.7.2.jar;C:\Users\614177\.m2\repository\org\springframework\spring-context-support\5.3.22\spring-context-support-5.3.22.jar;C:\Users\614177\.m2\repository\com\stoyanr\evictor\1.0.0\evictor-1.0.0.jar;C:\Users\614177\.m2\repository\org\springframework\kafka\spring-kafka\2.8.8\spring-kafka-2.8.8.jar;C:\Users\614177\.m2\repository\org\springframework\spring-context\5.3.22\spring-context-5.3.22.jar;C:\Users\614177\.m2\repository\org\springframework\spring-messaging\5.3.22\spring-messaging-5.3.22.jar;C:\Users\614177\.m2\repository\org\springframework\spring-tx\5.3.22\spring-tx-5.3.22.jar;C:\Users\614177\.m2\repository\org\springframework\retry\spring-retry\1.3.3\spring-retry-1.3.3.jar;C:\Users\614177\.m2\repository\org\apache\kafka\kafka-clients\3.1.1\kafka-clients-3.1.1.jar;C:\Users\614177\.m2\repository\com\github\luben\zstd-jni\1.5.0-4\zstd-jni-1.5.0-4.jar;C:\Users\614177\.m2\repository\org\lz4\lz4-java\1.8.0\lz4-java-1.8.0.jar;C:\Users\614177\.m2\repository\org\xerial\snappy\snappy-java\1.1.8.4\snappy-java-1.1.8.4.jar;C:\Users\614177\.m2\repository\com\google\code\findbugs\jsr305\3.0.2\jsr305-3.0.2.jar;C:\Users\614177\.m2\repository\org\springframework\spring-core\5.3.22\spring-core-5.3.22.jar;C:\Users\614177\.m2\repository\org\springframework\spring-jcl\5.3.22\spring-jcl-5.3.22.jar
Launcher Type: SUN_STANDARD

[Global flags]
     intx CICompilerCount                          = 3                                         {product} {ergonomic}
     uint ConcGCThreads                            = 1                                         {product} {ergonomic}
     uint G1ConcRefinementThreads                  = 4                                         {product} {ergonomic}
   size_t G1HeapRegionSize                         = 1048576                                   {product} {ergonomic}
    uintx GCDrainStackTargetSize                   = 64                                        {product} {ergonomic}
   size_t InitialHeapSize                          = 134217728                                 {product} {ergonomic}
   size_t MarkStackSize                            = 4194304                                   {product} {ergonomic}
   size_t MaxHeapSize                              = 2145386496                                {product} {ergonomic}
   size_t MaxNewSize                               = 1286602752                                {product} {ergonomic}
   size_t MinHeapDeltaBytes                        = 1048576                                   {product} {ergonomic}
   size_t MinHeapSize                              = 8388608                                   {product} {ergonomic}
    uintx NonNMethodCodeHeapSize                   = 5832780                                {pd product} {ergonomic}
    uintx NonProfiledCodeHeapSize                  = 122912730                              {pd product} {ergonomic}
    uintx ProfiledCodeHeapSize                     = 122912730                              {pd product} {ergonomic}
    uintx ReservedCodeCacheSize                    = 251658240                              {pd product} {ergonomic}
     bool SegmentedCodeCache                       = true                                      {product} {ergonomic}
   size_t SoftMaxHeapSize                          = 2145386496                             {manageable} {ergonomic}
     bool UseCompressedClassPointers               = true                           {product lp64_product} {ergonomic}
     bool UseCompressedOops                        = true                           {product lp64_product} {ergonomic}
     bool UseG1GC                                  = true                                      {product} {ergonomic}
     bool UseLargePagesIndividualAllocation        = false                                  {pd product} {ergonomic}

Logging:
Log output configuration:
 #0: stdout all=warning uptime,level,tags foldmultilines=false
 #1: stderr all=off uptime,level,tags foldmultilines=false

Environment Variables:
JAVA_HOME=C:\jdk-11
PATH=C:\jdk-11;C:\Program Files (x86)\Common Files\Oracle\Java\javapath;C:\Windows\system32;C:\Windows;C:\Windows\System32\Wbem;C:\Windows\System32\WindowsPowerShell\v1.0\;C:\Windows\System32\OpenSSH\;C:\Program Files (x86)\Citrix\HDX\bin\;C:\Program Files\Citrix\HDX\bin\;C:\Program Files\Citrix\Virtual Desktop Agent\;C:\Program Files\Citrix\Citrix Files\;C:\Program Files (x86)\Citrix\Workspace Environment Management Agent;C:\Users\614177\AppData\Local\Microsoft\WindowsApps
USERNAME=614177
OS=Windows_NT
PROCESSOR_IDENTIFIER=Intel64 Family 6 Model 85 Stepping 7, GenuineIntel



---------------  S Y S T E M  ---------------

OS:
 Windows 10 , 64 bit Build 19041 (10.0.19041.1741)
OS uptime: 25 days 3:03 hours
Xen hardware-assisted virtualization detected

CPU: total 4 (initial active 4) (4 cores per cpu, 1 threads per core) family 6 model 85 stepping 7 microcode 0x500320a, cx8, cmov, fxsr, mmx, 3dnowpref, sse, sse2, sse3, ssse3, sse4.1, sse4.2, popcnt, lzcnt, tsc, avx, avx2, aes, erms, clmul, bmi1, bmi2, adx, fma, vzeroupper, clflush, clflushopt, clwb, hv

Memory: 4k page, system-wide physical 8183M (250M free)
TotalPageFile size 19622M (AvailPageFile size 3M)
current process WorkingSet (physical memory assigned to process): 228M, peak: 248M
current process commit charge ("private bytes"): 258M, peak: 277M

vm_info: OpenJDK 64-Bit Server VM (18.0.2+9-61) for windows-amd64 JRE (18.0.2+9-61), built on Jun  7 2022 13:05:59 by "mach5one" with MS VC++ 16.8 / 16.9 (VS2019)

END.
