#
# There is insufficient memory for the Java Runtime Environment to continue.
# Native memory allocation (malloc) failed to allocate 179536 bytes for Chunk::new
# Possible reasons:
#   The system is out of physical RAM or swap space
#   The process is running with CompressedOops enabled, and the Java Heap may be blocking the growth of the native heap
# Possible solutions:
#   Reduce memory load on the system
#   Increase physical memory or swap space
#   Check if swap backing store is full
#   Decrease Java heap size (-Xmx/-Xms)
#   Decrease number of Java threads
#   Decrease Java thread stack sizes (-Xss)
#   Set larger code cache with -XX:ReservedCodeCacheSize=
#   JVM is running with Unscaled Compressed Oops mode in which the Java heap is
#     placed in the first 4GB address space. The Java Heap base address is the
#     maximum limit for the native heap growth. Please use -XX:HeapBaseMinAddress
#     to set the Java Heap base and to place the Java Heap above 4GB virtual address.
# This output file may be truncated or incomplete.
#
#  Out of Memory Error (t:/workspace/open/src/hotspot/share/memory/arena.cpp:197), pid=7124, tid=13136
#
# JRE version: OpenJDK Runtime Environment (11.0+28) (build 11+28)
# Java VM: OpenJDK 64-Bit Server VM (11+28, mixed mode, tiered, compressed oops, g1 gc, windows-amd64)
# No core dump will be written. Minidumps are not enabled by default on client versions of Windows
#

---------------  S U M M A R Y ------------

Command Line: -javaagent:C:\Program Files\JetBrains\IntelliJ IDEA Community Edition 2022.1.2\lib\idea_rt.jar=58907:C:\Program Files\JetBrains\IntelliJ IDEA Community Edition 2022.1.2\bin -Dfile.encoding=UTF-8 App.PaymentServiceApplication

Host: Intel(R) Xeon(R) Gold 6248R CPU @ 3.00GHz, 4 cores, 7G,  Windows 10 , 64 bit Build 19041 (10.0.19041.1741)
Time: Wed Aug 10 02:55:59 2022 Central Daylight Time elapsed time: 1201 seconds (0d 0h 20m 1s)

---------------  T H R E A D  ---------------

Current thread (0x0000024c293ff000):  JavaThread "C2 CompilerThread0" daemon [_thread_in_native, id=13136, stack(0x000000c249c00000,0x000000c249d00000)]


Current CompileTask:
C2:1201762 8080   !   4       java.util.concurrent.locks.AbstractQueuedSynchronizer::acquireQueued (74 bytes)

Stack: [0x000000c249c00000,0x000000c249d00000]
Native frames: (J=compiled Java code, j=interpreted, Vv=VM code, C=native code)
V  [jvm.dll+0x63adaa]
V  [jvm.dll+0x77852f]
V  [jvm.dll+0x779b18]
V  [jvm.dll+0x77a1d3]
V  [jvm.dll+0x2624c8]
V  [jvm.dll+0xc5b61]
V  [jvm.dll+0xc60fc]
V  [jvm.dll+0x36e6d7]
V  [jvm.dll+0x33b433]
V  [jvm.dll+0x33a80a]
V  [jvm.dll+0x21c365]
V  [jvm.dll+0x21b50a]
V  [jvm.dll+0x198400]
V  [jvm.dll+0x22a4ff]
V  [jvm.dll+0x228b18]
V  [jvm.dll+0x73dc3d]
V  [jvm.dll+0x639e42]
C  [ucrtbase.dll+0x21bb2]
C  [KERNEL32.DLL+0x17034]
C  [ntdll.dll+0x52651]


---------------  P R O C E S S  ---------------

Threads class SMR info:
_java_thread_list=0x0000024c31b26dd0, length=41, elements={
0x0000024c2938c800, 0x0000024c29395000, 0x0000024c293fa800, 0x0000024c293fb800,
0x0000024c293ff000, 0x0000024c29401000, 0x0000024c293b4000, 0x0000024c2958a000,
0x0000024c29ca5000, 0x0000024c29f53000, 0x0000024c2cce7800, 0x0000024c31460000,
0x0000024c2eab1800, 0x0000024c29ab4000, 0x0000024c2ca31800, 0x0000024c2f098800,
0x0000024c2ead9800, 0x0000024c2c9b5800, 0x0000024c2c9b8000, 0x0000024c2c9b6800,
0x0000024c2c9b7000, 0x0000024c2e184000, 0x0000024c2e185000, 0x0000024c2e185800,
0x0000024c2e186800, 0x0000024c2e181000, 0x0000024c2e187800, 0x0000024c2e181800,
0x0000024c2e188000, 0x0000024c2e182800, 0x0000024c2e189000, 0x0000024c2e183800,
0x0000024c2e18c000, 0x0000024c2e18b800, 0x0000024c2e18d000, 0x0000024c2e18e000,
0x0000024c2e18e800, 0x0000024c2e18f800, 0x0000024c2e18a800, 0x0000024c2e3d4800,
0x0000024c2e3d5000
}

Java Threads: ( => current thread )
  0x0000024c2938c800 JavaThread "Reference Handler" daemon [_thread_blocked, id=11120, stack(0x000000c249800000,0x000000c249900000)]
  0x0000024c29395000 JavaThread "Finalizer" daemon [_thread_blocked, id=14040, stack(0x000000c249900000,0x000000c249a00000)]
  0x0000024c293fa800 JavaThread "Signal Dispatcher" daemon [_thread_blocked, id=12228, stack(0x000000c249a00000,0x000000c249b00000)]
  0x0000024c293fb800 JavaThread "Attach Listener" daemon [_thread_blocked, id=3348, stack(0x000000c249b00000,0x000000c249c00000)]
=>0x0000024c293ff000 JavaThread "C2 CompilerThread0" daemon [_thread_in_native, id=13136, stack(0x000000c249c00000,0x000000c249d00000)]
  0x0000024c29401000 JavaThread "C1 CompilerThread0" daemon [_thread_blocked, id=4620, stack(0x000000c249d00000,0x000000c249e00000)]
  0x0000024c293b4000 JavaThread "Sweeper thread" daemon [_thread_blocked, id=18956, stack(0x000000c249e00000,0x000000c249f00000)]
  0x0000024c2958a000 JavaThread "Common-Cleaner" daemon [_thread_blocked, id=10320, stack(0x000000c249f00000,0x000000c24a000000)]
  0x0000024c29ca5000 JavaThread "Monitor Ctrl-Break" daemon [_thread_in_native, id=17676, stack(0x000000c24a000000,0x000000c24a100000)]
  0x0000024c29f53000 JavaThread "Service Thread" daemon [_thread_blocked, id=14204, stack(0x000000c24a100000,0x000000c24a200000)]
  0x0000024c2cce7800 JavaThread "pool-1-thread-1" [_thread_blocked, id=17660, stack(0x000000c24aa00000,0x000000c24ab00000)]
  0x0000024c31460000 JavaThread "Catalina-utility-1" [_thread_blocked, id=19420, stack(0x000000c24ab00000,0x000000c24ac00000)]
  0x0000024c2eab1800 JavaThread "Catalina-utility-2" [_thread_blocked, id=18832, stack(0x000000c24ac00000,0x000000c24ad00000)]
  0x0000024c29ab4000 JavaThread "container-0" [_thread_blocked, id=10396, stack(0x000000c24ad00000,0x000000c24ae00000)]
  0x0000024c2ca31800 JavaThread "BufferPoolPruner-1-thread-1" daemon [_thread_blocked, id=17772, stack(0x000000c24ae00000,0x000000c24af00000)]
  0x0000024c2f098800 JavaThread "cluster-ClusterId{value='62f35fe59ecca96e6a569369', description='null'}-localhost:27017" daemon [_thread_blocked, id=9876, stack(0x000000c24af00000,0x000000c24b000000)]
  0x0000024c2ead9800 JavaThread "cluster-rtt-ClusterId{value='62f35fe59ecca96e6a569369', description='null'}-localhost:27017" daemon [_thread_blocked, id=18216, stack(0x000000c24b000000,0x000000c24b100000)]
  0x0000024c2c9b5800 JavaThread "MaintenanceTimer-2-thread-1" daemon [_thread_blocked, id=10448, stack(0x000000c24b100000,0x000000c24b200000)]
  0x0000024c2c9b8000 JavaThread "spring.cloud.inetutils" daemon [_thread_blocked, id=16080, stack(0x000000c24b200000,0x000000c24b300000)]
  0x0000024c2c9b6800 JavaThread "AsyncResolver-bootstrap-0" daemon [_thread_blocked, id=15916, stack(0x000000c24b300000,0x000000c24b400000)]
  0x0000024c2c9b7000 JavaThread "DiscoveryClient-0" daemon [_thread_blocked, id=18068, stack(0x000000c24b400000,0x000000c24b500000)]
  0x0000024c2e184000 JavaThread "DiscoveryClient-1" daemon [_thread_blocked, id=12280, stack(0x000000c24b500000,0x000000c24b600000)]
  0x0000024c2e185000 JavaThread "DiscoveryClient-InstanceInfoReplicator-0" daemon [_thread_blocked, id=17704, stack(0x000000c24b600000,0x000000c24b700000)]
  0x0000024c2e185800 JavaThread "http-nio-8084-exec-1" daemon [_thread_blocked, id=9996, stack(0x000000c24b700000,0x000000c24b800000)]
  0x0000024c2e186800 JavaThread "http-nio-8084-exec-2" daemon [_thread_blocked, id=13532, stack(0x000000c24b800000,0x000000c24b900000)]
  0x0000024c2e181000 JavaThread "http-nio-8084-exec-3" daemon [_thread_blocked, id=18172, stack(0x000000c24b900000,0x000000c24ba00000)]
  0x0000024c2e187800 JavaThread "http-nio-8084-exec-4" daemon [_thread_blocked, id=11568, stack(0x000000c24ba00000,0x000000c24bb00000)]
  0x0000024c2e181800 JavaThread "http-nio-8084-exec-5" daemon [_thread_blocked, id=19320, stack(0x000000c24bb00000,0x000000c24bc00000)]
  0x0000024c2e188000 JavaThread "http-nio-8084-exec-6" daemon [_thread_blocked, id=19144, stack(0x000000c24bc00000,0x000000c24bd00000)]
  0x0000024c2e182800 JavaThread "http-nio-8084-exec-7" daemon [_thread_blocked, id=11276, stack(0x000000c24bd00000,0x000000c24be00000)]
  0x0000024c2e189000 JavaThread "http-nio-8084-exec-8" daemon [_thread_blocked, id=18460, stack(0x000000c24be00000,0x000000c24bf00000)]
  0x0000024c2e183800 JavaThread "http-nio-8084-exec-9" daemon [_thread_blocked, id=18100, stack(0x000000c24bf00000,0x000000c24c000000)]
  0x0000024c2e18c000 JavaThread "http-nio-8084-exec-10" daemon [_thread_blocked, id=4700, stack(0x000000c24c000000,0x000000c24c100000)]
  0x0000024c2e18b800 JavaThread "http-nio-8084-Poller" daemon [_thread_in_native, id=5440, stack(0x000000c24c100000,0x000000c24c200000)]
  0x0000024c2e18d000 JavaThread "http-nio-8084-Acceptor" daemon [_thread_in_native, id=19296, stack(0x000000c24c200000,0x000000c24c300000)]
  0x0000024c2e18e000 JavaThread "DestroyJavaVM" [_thread_blocked, id=1308, stack(0x000000c249100000,0x000000c249200000)]
  0x0000024c2e18e800 JavaThread "DiscoveryClient-HeartbeatExecutor-0" daemon [_thread_blocked, id=11360, stack(0x000000c24c400000,0x000000c24c500000)]
  0x0000024c2e18f800 JavaThread "DiscoveryClient-CacheRefreshExecutor-0" daemon [_thread_blocked, id=15800, stack(0x000000c24c500000,0x000000c24c600000)]
  0x0000024c2e18a800 JavaThread "AsyncReporter{RestTemplateSender{http://localhost:9411/api/v2/spans}}" daemon [_thread_blocked, id=14948, stack(0x000000c248e00000,0x000000c248f00000)]
  0x0000024c2e3d4800 JavaThread "kafka-producer-network-thread | producer-1" daemon [_thread_in_native, id=16768, stack(0x000000c248f00000,0x000000c249000000)]
  0x0000024c2e3d5000 JavaThread "AsyncResolver-bootstrap-executor-0" daemon [_thread_blocked, id=8360, stack(0x000000c24a600000,0x000000c24a700000)]

Other Threads:
  0x0000024c29366800 VMThread "VM Thread" [stack: 0x000000c249700000,0x000000c249800000] [id=11680]
  0x0000024c29f54000 WatcherThread [stack: 0x000000c24a200000,0x000000c24a300000] [id=9380]
  0x0000024c0a7a6000 GCTaskThread "GC Thread#0" [stack: 0x000000c249200000,0x000000c249300000] [id=1092]
  0x0000024c2a350000 GCTaskThread "GC Thread#1" [stack: 0x000000c24a300000,0x000000c24a400000] [id=12964]
  0x0000024c2a268800 GCTaskThread "GC Thread#2" [stack: 0x000000c24a400000,0x000000c24a500000] [id=18748]
  0x0000024c2acdc800 GCTaskThread "GC Thread#3" [stack: 0x000000c24a800000,0x000000c24a900000] [id=6204]
  0x0000024c0a7d7000 ConcurrentGCThread "G1 Main Marker" [stack: 0x000000c249300000,0x000000c249400000] [id=7196]
  0x0000024c0a7d8000 ConcurrentGCThread "G1 Conc#0" [stack: 0x000000c249400000,0x000000c249500000] [id=13112]
  0x0000024c289cc000 ConcurrentGCThread "G1 Refine#0" [stack: 0x000000c249500000,0x000000c249600000] [id=12352]
  0x0000024c29614800 ConcurrentGCThread "G1 Refine#1" [stack: 0x000000c24a500000,0x000000c24a600000] [id=18744]
  0x0000024c289cd000 ConcurrentGCThread "G1 Young RemSet Sampling" [stack: 0x000000c249600000,0x000000c249700000] [id=1692]

Threads with active compile tasks:
C2 CompilerThread08080   !   4       java.util.concurrent.locks.AbstractQueuedSynchronizer::acquireQueued (74 bytes)

VM state:not at safepoint (normal execution)

VM Mutex/Monitor currently owned by a thread: None

Heap address: 0x0000000080200000, size: 2046 MB, Compressed Oops mode: 32-bit
Narrow klass base: 0x0000000000000000, Narrow klass shift: 3
Compressed class space size: 1073741824 Address: 0x0000000100000000

Heap:
 garbage-first heap   total 189440K, used 45763K [0x0000000080200000, 0x0000000100000000)
  region size 1024K, 20 young (20480K), 11 survivors (11264K)
 Metaspace       used 75994K, capacity 78319K, committed 78592K, reserved 1118208K
  class space    used 9203K, capacity 10113K, committed 10240K, reserved 1048576K
Heap Regions: E=young(eden), S=young(survivor), O=old, HS=humongous(starts), HC=humongous(continues), CS=collection set, F=free, A=archive, TAMS=top-at-mark-start (previous, next)
|   0|0x0000000080200000, 0x0000000080300000, 0x0000000080300000|100%| O|  |TAMS 0x0000000080300000, 0x0000000080200000| Untracked 
|   1|0x0000000080300000, 0x0000000080400000, 0x0000000080400000|100%| O|  |TAMS 0x0000000080400000, 0x0000000080300000| Untracked 
|   2|0x0000000080400000, 0x0000000080500000, 0x0000000080500000|100%| O|  |TAMS 0x0000000080500000, 0x0000000080400000| Untracked 
|   3|0x0000000080500000, 0x0000000080600000, 0x0000000080600000|100%| O|  |TAMS 0x0000000080600000, 0x0000000080500000| Untracked 
|   4|0x0000000080600000, 0x0000000080700000, 0x0000000080700000|100%| O|  |TAMS 0x0000000080700000, 0x0000000080600000| Untracked 
|   5|0x0000000080700000, 0x0000000080800000, 0x0000000080800000|100%| O|  |TAMS 0x0000000080800000, 0x0000000080700000| Untracked 
|   6|0x0000000080800000, 0x0000000080900000, 0x0000000080900000|100%| O|  |TAMS 0x0000000080900000, 0x0000000080800000| Untracked 
|   7|0x0000000080900000, 0x0000000080a00000, 0x0000000080a00000|100%| O|  |TAMS 0x0000000080a00000, 0x0000000080900000| Untracked 
|   8|0x0000000080a00000, 0x0000000080b00000, 0x0000000080b00000|100%| O|  |TAMS 0x0000000080b00000, 0x0000000080a00000| Untracked 
|   9|0x0000000080b00000, 0x0000000080c00000, 0x0000000080c00000|100%| O|  |TAMS 0x0000000080c00000, 0x0000000080b00000| Untracked 
|  10|0x0000000080c00000, 0x0000000080d00000, 0x0000000080d00000|100%| O|  |TAMS 0x0000000080d00000, 0x0000000080c00000| Untracked 
|  11|0x0000000080d00000, 0x0000000080e00000, 0x0000000080e00000|100%| O|  |TAMS 0x0000000080e00000, 0x0000000080d00000| Untracked 
|  12|0x0000000080e00000, 0x0000000080f00000, 0x0000000080f00000|100%| O|  |TAMS 0x0000000080f00000, 0x0000000080e00000| Untracked 
|  13|0x0000000080f00000, 0x0000000081000000, 0x0000000081000000|100%| O|  |TAMS 0x0000000081000000, 0x0000000080f00000| Untracked 
|  14|0x0000000081000000, 0x0000000081100000, 0x0000000081100000|100%| O|  |TAMS 0x0000000081100000, 0x0000000081000000| Untracked 
|  15|0x0000000081100000, 0x0000000081200000, 0x0000000081200000|100%| O|  |TAMS 0x0000000081200000, 0x0000000081100000| Untracked 
|  16|0x0000000081200000, 0x0000000081300000, 0x0000000081300000|100%| O|  |TAMS 0x0000000081300000, 0x0000000081200000| Untracked 
|  17|0x0000000081300000, 0x0000000081400000, 0x0000000081400000|100%| O|  |TAMS 0x0000000081400000, 0x0000000081300000| Untracked 
|  18|0x0000000081400000, 0x0000000081500000, 0x0000000081500000|100%| O|  |TAMS 0x0000000081500000, 0x0000000081400000| Untracked 
|  19|0x0000000081500000, 0x0000000081600000, 0x0000000081600000|100%| O|  |TAMS 0x0000000081600000, 0x0000000081500000| Untracked 
|  20|0x0000000081600000, 0x0000000081700000, 0x0000000081700000|100%| O|  |TAMS 0x0000000081700000, 0x0000000081600000| Untracked 
|  21|0x0000000081700000, 0x0000000081800000, 0x0000000081800000|100%| O|  |TAMS 0x0000000081800000, 0x0000000081700000| Untracked 
|  22|0x0000000081800000, 0x0000000081900000, 0x0000000081900000|100%| O|  |TAMS 0x0000000081900000, 0x0000000081800000| Untracked 
|  23|0x0000000081900000, 0x0000000081a00000, 0x0000000081a00000|100%| O|  |TAMS 0x0000000081a00000, 0x0000000081900000| Untracked 
|  24|0x0000000081a00000, 0x0000000081b00000, 0x0000000081b00000|100%| O|  |TAMS 0x0000000081b00000, 0x0000000081a00000| Untracked 
|  25|0x0000000081b00000, 0x0000000081c00000, 0x0000000081c00000|100%| O|  |TAMS 0x0000000081c00000, 0x0000000081b00000| Untracked 
|  26|0x0000000081c00000, 0x0000000081c6b200, 0x0000000081d00000| 41%| O|  |TAMS 0x0000000081c6b200, 0x0000000081c00000| Untracked 
|  27|0x0000000081d00000, 0x0000000081d00000, 0x0000000081e00000|  0%| F|  |TAMS 0x0000000081d00000, 0x0000000081d00000| Untracked 
|  28|0x0000000081e00000, 0x0000000081e00000, 0x0000000081f00000|  0%| F|  |TAMS 0x0000000081e00000, 0x0000000081e00000| Untracked 
|  29|0x0000000081f00000, 0x0000000081f00000, 0x0000000082000000|  0%| F|  |TAMS 0x0000000081f00000, 0x0000000081f00000| Untracked 
|  30|0x0000000082000000, 0x0000000082000000, 0x0000000082100000|  0%| F|  |TAMS 0x0000000082000000, 0x0000000082000000| Untracked 
|  31|0x0000000082100000, 0x0000000082100000, 0x0000000082200000|  0%| F|  |TAMS 0x0000000082100000, 0x0000000082100000| Untracked 
|  32|0x0000000082200000, 0x0000000082200000, 0x0000000082300000|  0%| F|  |TAMS 0x0000000082200000, 0x0000000082200000| Untracked 
|  33|0x0000000082300000, 0x0000000082300000, 0x0000000082400000|  0%| F|  |TAMS 0x0000000082300000, 0x0000000082300000| Untracked 
|  34|0x0000000082400000, 0x0000000082400000, 0x0000000082500000|  0%| F|  |TAMS 0x0000000082400000, 0x0000000082400000| Untracked 
|  35|0x0000000082500000, 0x0000000082500000, 0x0000000082600000|  0%| F|  |TAMS 0x0000000082500000, 0x0000000082500000| Untracked 
|  36|0x0000000082600000, 0x0000000082600000, 0x0000000082700000|  0%| F|  |TAMS 0x0000000082600000, 0x0000000082600000| Untracked 
|  37|0x0000000082700000, 0x0000000082700000, 0x0000000082800000|  0%| F|  |TAMS 0x0000000082700000, 0x0000000082700000| Untracked 
|  38|0x0000000082800000, 0x0000000082800000, 0x0000000082900000|  0%| F|  |TAMS 0x0000000082800000, 0x0000000082800000| Untracked 
|  39|0x0000000082900000, 0x0000000082900000, 0x0000000082a00000|  0%| F|  |TAMS 0x0000000082900000, 0x0000000082900000| Untracked 
|  40|0x0000000082a00000, 0x0000000082a00000, 0x0000000082b00000|  0%| F|  |TAMS 0x0000000082a00000, 0x0000000082a00000| Untracked 
|  41|0x0000000082b00000, 0x0000000082b00000, 0x0000000082c00000|  0%| F|  |TAMS 0x0000000082b00000, 0x0000000082b00000| Untracked 
|  42|0x0000000082c00000, 0x0000000082c00000, 0x0000000082d00000|  0%| F|  |TAMS 0x0000000082c00000, 0x0000000082c00000| Untracked 
|  43|0x0000000082d00000, 0x0000000082d00000, 0x0000000082e00000|  0%| F|  |TAMS 0x0000000082d00000, 0x0000000082d00000| Untracked 
|  44|0x0000000082e00000, 0x0000000082e00000, 0x0000000082f00000|  0%| F|  |TAMS 0x0000000082e00000, 0x0000000082e00000| Untracked 
|  45|0x0000000082f00000, 0x0000000082f00000, 0x0000000083000000|  0%| F|  |TAMS 0x0000000082f00000, 0x0000000082f00000| Untracked 
|  46|0x0000000083000000, 0x0000000083000000, 0x0000000083100000|  0%| F|  |TAMS 0x0000000083000000, 0x0000000083000000| Untracked 
|  47|0x0000000083100000, 0x0000000083100000, 0x0000000083200000|  0%| F|  |TAMS 0x0000000083100000, 0x0000000083100000| Untracked 
|  48|0x0000000083200000, 0x0000000083200000, 0x0000000083300000|  0%| F|  |TAMS 0x0000000083200000, 0x0000000083200000| Untracked 
|  49|0x0000000083300000, 0x0000000083300000, 0x0000000083400000|  0%| F|  |TAMS 0x0000000083300000, 0x0000000083300000| Untracked 
|  50|0x0000000083400000, 0x0000000083400000, 0x0000000083500000|  0%| F|  |TAMS 0x0000000083400000, 0x0000000083400000| Untracked 
|  51|0x0000000083500000, 0x0000000083500000, 0x0000000083600000|  0%| F|  |TAMS 0x0000000083500000, 0x0000000083500000| Untracked 
|  52|0x0000000083600000, 0x0000000083600000, 0x0000000083700000|  0%| F|  |TAMS 0x0000000083600000, 0x0000000083600000| Untracked 
|  53|0x0000000083700000, 0x0000000083700000, 0x0000000083800000|  0%| F|  |TAMS 0x0000000083700000, 0x0000000083700000| Untracked 
|  54|0x0000000083800000, 0x0000000083800000, 0x0000000083900000|  0%| F|  |TAMS 0x0000000083800000, 0x0000000083800000| Untracked 
|  55|0x0000000083900000, 0x0000000083900000, 0x0000000083a00000|  0%| F|  |TAMS 0x0000000083900000, 0x0000000083900000| Untracked 
|  56|0x0000000083a00000, 0x0000000083a00000, 0x0000000083b00000|  0%| F|  |TAMS 0x0000000083a00000, 0x0000000083a00000| Untracked 
|  57|0x0000000083b00000, 0x0000000083b00000, 0x0000000083c00000|  0%| F|  |TAMS 0x0000000083b00000, 0x0000000083b00000| Untracked 
|  58|0x0000000083c00000, 0x0000000083c00000, 0x0000000083d00000|  0%| F|  |TAMS 0x0000000083c00000, 0x0000000083c00000| Untracked 
|  59|0x0000000083d00000, 0x0000000083d00000, 0x0000000083e00000|  0%| F|  |TAMS 0x0000000083d00000, 0x0000000083d00000| Untracked 
|  60|0x0000000083e00000, 0x0000000083e00000, 0x0000000083f00000|  0%| F|  |TAMS 0x0000000083e00000, 0x0000000083e00000| Untracked 
|  61|0x0000000083f00000, 0x0000000083f00000, 0x0000000084000000|  0%| F|  |TAMS 0x0000000083f00000, 0x0000000083f00000| Untracked 
|  62|0x0000000084000000, 0x0000000084000000, 0x0000000084100000|  0%| F|  |TAMS 0x0000000084000000, 0x0000000084000000| Untracked 
|  63|0x0000000084100000, 0x0000000084145ad0, 0x0000000084200000| 27%| S|CS|TAMS 0x0000000084100000, 0x0000000084100000| Complete 
|  64|0x0000000084200000, 0x0000000084300000, 0x0000000084300000|100%| S|CS|TAMS 0x0000000084200000, 0x0000000084200000| Complete 
|  65|0x0000000084300000, 0x0000000084400000, 0x0000000084400000|100%| S|CS|TAMS 0x0000000084300000, 0x0000000084300000| Complete 
|  66|0x0000000084400000, 0x0000000084500000, 0x0000000084500000|100%| S|CS|TAMS 0x0000000084400000, 0x0000000084400000| Complete 
|  67|0x0000000084500000, 0x0000000084600000, 0x0000000084600000|100%| S|CS|TAMS 0x0000000084500000, 0x0000000084500000| Complete 
|  68|0x0000000084600000, 0x0000000084700000, 0x0000000084700000|100%| S|CS|TAMS 0x0000000084600000, 0x0000000084600000| Complete 
|  69|0x0000000084700000, 0x0000000084800000, 0x0000000084800000|100%| S|CS|TAMS 0x0000000084700000, 0x0000000084700000| Complete 
|  70|0x0000000084800000, 0x0000000084900000, 0x0000000084900000|100%| S|CS|TAMS 0x0000000084800000, 0x0000000084800000| Complete 
|  71|0x0000000084900000, 0x0000000084a00000, 0x0000000084a00000|100%| S|CS|TAMS 0x0000000084900000, 0x0000000084900000| Complete 
|  72|0x0000000084a00000, 0x0000000084b00000, 0x0000000084b00000|100%| S|CS|TAMS 0x0000000084a00000, 0x0000000084a00000| Complete 
|  73|0x0000000084b00000, 0x0000000084c00000, 0x0000000084c00000|100%| S|CS|TAMS 0x0000000084b00000, 0x0000000084b00000| Complete 
|  74|0x0000000084c00000, 0x0000000084c00000, 0x0000000084d00000|  0%| F|  |TAMS 0x0000000084c00000, 0x0000000084c00000| Untracked 
|  75|0x0000000084d00000, 0x0000000084d00000, 0x0000000084e00000|  0%| F|  |TAMS 0x0000000084d00000, 0x0000000084d00000| Untracked 
|  76|0x0000000084e00000, 0x0000000084e00000, 0x0000000084f00000|  0%| F|  |TAMS 0x0000000084e00000, 0x0000000084e00000| Untracked 
|  77|0x0000000084f00000, 0x0000000084f00000, 0x0000000085000000|  0%| F|  |TAMS 0x0000000084f00000, 0x0000000084f00000| Untracked 
|  78|0x0000000085000000, 0x0000000085000000, 0x0000000085100000|  0%| F|  |TAMS 0x0000000085000000, 0x0000000085000000| Untracked 
|  79|0x0000000085100000, 0x0000000085100000, 0x0000000085200000|  0%| F|  |TAMS 0x0000000085100000, 0x0000000085100000| Untracked 
|  80|0x0000000085200000, 0x0000000085200000, 0x0000000085300000|  0%| F|  |TAMS 0x0000000085200000, 0x0000000085200000| Untracked 
|  81|0x0000000085300000, 0x0000000085300000, 0x0000000085400000|  0%| F|  |TAMS 0x0000000085300000, 0x0000000085300000| Untracked 
|  82|0x0000000085400000, 0x0000000085400000, 0x0000000085500000|  0%| F|  |TAMS 0x0000000085400000, 0x0000000085400000| Untracked 
|  83|0x0000000085500000, 0x0000000085500000, 0x0000000085600000|  0%| F|  |TAMS 0x0000000085500000, 0x0000000085500000| Untracked 
|  84|0x0000000085600000, 0x0000000085600000, 0x0000000085700000|  0%| F|  |TAMS 0x0000000085600000, 0x0000000085600000| Untracked 
|  85|0x0000000085700000, 0x0000000085700000, 0x0000000085800000|  0%| F|  |TAMS 0x0000000085700000, 0x0000000085700000| Untracked 
|  86|0x0000000085800000, 0x0000000085800000, 0x0000000085900000|  0%| F|  |TAMS 0x0000000085800000, 0x0000000085800000| Untracked 
|  87|0x0000000085900000, 0x0000000085900000, 0x0000000085a00000|  0%| F|  |TAMS 0x0000000085900000, 0x0000000085900000| Untracked 
|  88|0x0000000085a00000, 0x0000000085a00000, 0x0000000085b00000|  0%| F|  |TAMS 0x0000000085a00000, 0x0000000085a00000| Untracked 
|  89|0x0000000085b00000, 0x0000000085b00000, 0x0000000085c00000|  0%| F|  |TAMS 0x0000000085b00000, 0x0000000085b00000| Untracked 
|  90|0x0000000085c00000, 0x0000000085c00000, 0x0000000085d00000|  0%| F|  |TAMS 0x0000000085c00000, 0x0000000085c00000| Untracked 
|  91|0x0000000085d00000, 0x0000000085d00000, 0x0000000085e00000|  0%| F|  |TAMS 0x0000000085d00000, 0x0000000085d00000| Untracked 
|  92|0x0000000085e00000, 0x0000000085e00000, 0x0000000085f00000|  0%| F|  |TAMS 0x0000000085e00000, 0x0000000085e00000| Untracked 
|  93|0x0000000085f00000, 0x0000000085f00000, 0x0000000086000000|  0%| F|  |TAMS 0x0000000085f00000, 0x0000000085f00000| Untracked 
|  94|0x0000000086000000, 0x0000000086000000, 0x0000000086100000|  0%| F|  |TAMS 0x0000000086000000, 0x0000000086000000| Untracked 
|  95|0x0000000086100000, 0x0000000086100000, 0x0000000086200000|  0%| F|  |TAMS 0x0000000086100000, 0x0000000086100000| Untracked 
|  96|0x0000000086200000, 0x0000000086200000, 0x0000000086300000|  0%| F|  |TAMS 0x0000000086200000, 0x0000000086200000| Untracked 
|  97|0x0000000086300000, 0x0000000086300000, 0x0000000086400000|  0%| F|  |TAMS 0x0000000086300000, 0x0000000086300000| Untracked 
|  98|0x0000000086400000, 0x0000000086400000, 0x0000000086500000|  0%| F|  |TAMS 0x0000000086400000, 0x0000000086400000| Untracked 
|  99|0x0000000086500000, 0x0000000086500000, 0x0000000086600000|  0%| F|  |TAMS 0x0000000086500000, 0x0000000086500000| Untracked 
| 100|0x0000000086600000, 0x0000000086600000, 0x0000000086700000|  0%| F|  |TAMS 0x0000000086600000, 0x0000000086600000| Untracked 
| 101|0x0000000086700000, 0x0000000086700000, 0x0000000086800000|  0%| F|  |TAMS 0x0000000086700000, 0x0000000086700000| Untracked 
| 102|0x0000000086800000, 0x0000000086800000, 0x0000000086900000|  0%| F|  |TAMS 0x0000000086800000, 0x0000000086800000| Untracked 
| 103|0x0000000086900000, 0x0000000086900000, 0x0000000086a00000|  0%| F|  |TAMS 0x0000000086900000, 0x0000000086900000| Untracked 
| 104|0x0000000086a00000, 0x0000000086a00000, 0x0000000086b00000|  0%| F|  |TAMS 0x0000000086a00000, 0x0000000086a00000| Untracked 
| 105|0x0000000086b00000, 0x0000000086b00000, 0x0000000086c00000|  0%| F|  |TAMS 0x0000000086b00000, 0x0000000086b00000| Untracked 
| 106|0x0000000086c00000, 0x0000000086c00000, 0x0000000086d00000|  0%| F|  |TAMS 0x0000000086c00000, 0x0000000086c00000| Untracked 
| 107|0x0000000086d00000, 0x0000000086d00000, 0x0000000086e00000|  0%| F|  |TAMS 0x0000000086d00000, 0x0000000086d00000| Untracked 
| 108|0x0000000086e00000, 0x0000000086e00000, 0x0000000086f00000|  0%| F|  |TAMS 0x0000000086e00000, 0x0000000086e00000| Untracked 
| 109|0x0000000086f00000, 0x0000000086f00000, 0x0000000087000000|  0%| F|  |TAMS 0x0000000086f00000, 0x0000000086f00000| Untracked 
| 110|0x0000000087000000, 0x0000000087000000, 0x0000000087100000|  0%| F|  |TAMS 0x0000000087000000, 0x0000000087000000| Untracked 
| 111|0x0000000087100000, 0x0000000087100000, 0x0000000087200000|  0%| F|  |TAMS 0x0000000087100000, 0x0000000087100000| Untracked 
| 112|0x0000000087200000, 0x0000000087200000, 0x0000000087300000|  0%| F|  |TAMS 0x0000000087200000, 0x0000000087200000| Untracked 
| 113|0x0000000087300000, 0x0000000087300000, 0x0000000087400000|  0%| F|  |TAMS 0x0000000087300000, 0x0000000087300000| Untracked 
| 114|0x0000000087400000, 0x0000000087400000, 0x0000000087500000|  0%| F|  |TAMS 0x0000000087400000, 0x0000000087400000| Untracked 
| 115|0x0000000087500000, 0x0000000087500000, 0x0000000087600000|  0%| F|  |TAMS 0x0000000087500000, 0x0000000087500000| Untracked 
| 116|0x0000000087600000, 0x0000000087600000, 0x0000000087700000|  0%| F|  |TAMS 0x0000000087600000, 0x0000000087600000| Untracked 
| 117|0x0000000087700000, 0x0000000087700000, 0x0000000087800000|  0%| F|  |TAMS 0x0000000087700000, 0x0000000087700000| Untracked 
| 118|0x0000000087800000, 0x0000000087800000, 0x0000000087900000|  0%| F|  |TAMS 0x0000000087800000, 0x0000000087800000| Untracked 
| 119|0x0000000087900000, 0x0000000087900000, 0x0000000087a00000|  0%| F|  |TAMS 0x0000000087900000, 0x0000000087900000| Untracked 
| 120|0x0000000087a00000, 0x0000000087a00000, 0x0000000087b00000|  0%| F|  |TAMS 0x0000000087a00000, 0x0000000087a00000| Untracked 
| 121|0x0000000087b00000, 0x0000000087b00000, 0x0000000087c00000|  0%| F|  |TAMS 0x0000000087b00000, 0x0000000087b00000| Untracked 
| 122|0x0000000087c00000, 0x0000000087c00000, 0x0000000087d00000|  0%| F|  |TAMS 0x0000000087c00000, 0x0000000087c00000| Untracked 
| 123|0x0000000087d00000, 0x0000000087d00000, 0x0000000087e00000|  0%| F|  |TAMS 0x0000000087d00000, 0x0000000087d00000| Untracked 
| 124|0x0000000087e00000, 0x0000000087e00000, 0x0000000087f00000|  0%| F|  |TAMS 0x0000000087e00000, 0x0000000087e00000| Untracked 
| 125|0x0000000087f00000, 0x0000000087f00000, 0x0000000088000000|  0%| F|  |TAMS 0x0000000087f00000, 0x0000000087f00000| Untracked 
| 126|0x0000000088000000, 0x0000000088000000, 0x0000000088100000|  0%| F|  |TAMS 0x0000000088000000, 0x0000000088000000| Untracked 
| 127|0x0000000088100000, 0x0000000088100000, 0x0000000088200000|  0%| F|  |TAMS 0x0000000088100000, 0x0000000088100000| Untracked 
| 128|0x0000000088200000, 0x0000000088200000, 0x0000000088300000|  0%| F|  |TAMS 0x0000000088200000, 0x0000000088200000| Untracked 
| 129|0x0000000088300000, 0x0000000088300000, 0x0000000088400000|  0%| F|  |TAMS 0x0000000088300000, 0x0000000088300000| Untracked 
| 130|0x0000000088400000, 0x0000000088400000, 0x0000000088500000|  0%| F|  |TAMS 0x0000000088400000, 0x0000000088400000| Untracked 
| 131|0x0000000088500000, 0x0000000088500000, 0x0000000088600000|  0%| F|  |TAMS 0x0000000088500000, 0x0000000088500000| Untracked 
| 132|0x0000000088600000, 0x0000000088600000, 0x0000000088700000|  0%| F|  |TAMS 0x0000000088600000, 0x0000000088600000| Untracked 
| 133|0x0000000088700000, 0x0000000088700000, 0x0000000088800000|  0%| F|  |TAMS 0x0000000088700000, 0x0000000088700000| Untracked 
| 134|0x0000000088800000, 0x0000000088800000, 0x0000000088900000|  0%| F|  |TAMS 0x0000000088800000, 0x0000000088800000| Untracked 
| 135|0x0000000088900000, 0x0000000088900000, 0x0000000088a00000|  0%| F|  |TAMS 0x0000000088900000, 0x0000000088900000| Untracked 
| 136|0x0000000088a00000, 0x0000000088a00000, 0x0000000088b00000|  0%| F|  |TAMS 0x0000000088a00000, 0x0000000088a00000| Untracked 
| 137|0x0000000088b00000, 0x0000000088b00000, 0x0000000088c00000|  0%| F|  |TAMS 0x0000000088b00000, 0x0000000088b00000| Untracked 
| 138|0x0000000088c00000, 0x0000000088c00000, 0x0000000088d00000|  0%| F|  |TAMS 0x0000000088c00000, 0x0000000088c00000| Untracked 
| 139|0x0000000088d00000, 0x0000000088d00000, 0x0000000088e00000|  0%| F|  |TAMS 0x0000000088d00000, 0x0000000088d00000| Untracked 
| 140|0x0000000088e00000, 0x0000000088e00000, 0x0000000088f00000|  0%| F|  |TAMS 0x0000000088e00000, 0x0000000088e00000| Untracked 
| 141|0x0000000088f00000, 0x0000000088f00000, 0x0000000089000000|  0%| F|  |TAMS 0x0000000088f00000, 0x0000000088f00000| Untracked 
| 142|0x0000000089000000, 0x0000000089000000, 0x0000000089100000|  0%| F|  |TAMS 0x0000000089000000, 0x0000000089000000| Untracked 
| 143|0x0000000089100000, 0x0000000089100000, 0x0000000089200000|  0%| F|  |TAMS 0x0000000089100000, 0x0000000089100000| Untracked 
| 144|0x0000000089200000, 0x0000000089200000, 0x0000000089300000|  0%| F|  |TAMS 0x0000000089200000, 0x0000000089200000| Untracked 
| 145|0x0000000089300000, 0x0000000089300000, 0x0000000089400000|  0%| F|  |TAMS 0x0000000089300000, 0x0000000089300000| Untracked 
| 146|0x0000000089400000, 0x0000000089400000, 0x0000000089500000|  0%| F|  |TAMS 0x0000000089400000, 0x0000000089400000| Untracked 
| 147|0x0000000089500000, 0x0000000089500000, 0x0000000089600000|  0%| F|  |TAMS 0x0000000089500000, 0x0000000089500000| Untracked 
| 148|0x0000000089600000, 0x0000000089600000, 0x0000000089700000|  0%| F|  |TAMS 0x0000000089600000, 0x0000000089600000| Untracked 
| 149|0x0000000089700000, 0x0000000089700000, 0x0000000089800000|  0%| F|  |TAMS 0x0000000089700000, 0x0000000089700000| Untracked 
| 150|0x0000000089800000, 0x0000000089800000, 0x0000000089900000|  0%| F|  |TAMS 0x0000000089800000, 0x0000000089800000| Untracked 
| 151|0x0000000089900000, 0x0000000089900000, 0x0000000089a00000|  0%| F|  |TAMS 0x0000000089900000, 0x0000000089900000| Untracked 
| 152|0x0000000089a00000, 0x0000000089a00000, 0x0000000089b00000|  0%| F|  |TAMS 0x0000000089a00000, 0x0000000089a00000| Untracked 
| 153|0x0000000089b00000, 0x0000000089b00000, 0x0000000089c00000|  0%| F|  |TAMS 0x0000000089b00000, 0x0000000089b00000| Untracked 
| 154|0x0000000089c00000, 0x0000000089c00000, 0x0000000089d00000|  0%| F|  |TAMS 0x0000000089c00000, 0x0000000089c00000| Untracked 
| 155|0x0000000089d00000, 0x0000000089d00000, 0x0000000089e00000|  0%| F|  |TAMS 0x0000000089d00000, 0x0000000089d00000| Untracked 
| 156|0x0000000089e00000, 0x0000000089e00000, 0x0000000089f00000|  0%| F|  |TAMS 0x0000000089e00000, 0x0000000089e00000| Untracked 
| 157|0x0000000089f00000, 0x0000000089f00000, 0x000000008a000000|  0%| F|  |TAMS 0x0000000089f00000, 0x0000000089f00000| Untracked 
| 158|0x000000008a000000, 0x000000008a000000, 0x000000008a100000|  0%| F|  |TAMS 0x000000008a000000, 0x000000008a000000| Untracked 
| 159|0x000000008a100000, 0x000000008a100000, 0x000000008a200000|  0%| F|  |TAMS 0x000000008a100000, 0x000000008a100000| Untracked 
| 160|0x000000008a200000, 0x000000008a200000, 0x000000008a300000|  0%| F|  |TAMS 0x000000008a200000, 0x000000008a200000| Untracked 
| 161|0x000000008a300000, 0x000000008a300000, 0x000000008a400000|  0%| F|  |TAMS 0x000000008a300000, 0x000000008a300000| Untracked 
| 162|0x000000008a400000, 0x000000008a400000, 0x000000008a500000|  0%| F|  |TAMS 0x000000008a400000, 0x000000008a400000| Untracked 
| 163|0x000000008a500000, 0x000000008a500000, 0x000000008a600000|  0%| F|  |TAMS 0x000000008a500000, 0x000000008a500000| Untracked 
| 164|0x000000008a600000, 0x000000008a600000, 0x000000008a700000|  0%| F|  |TAMS 0x000000008a600000, 0x000000008a600000| Untracked 
| 165|0x000000008a700000, 0x000000008a700000, 0x000000008a800000|  0%| F|  |TAMS 0x000000008a700000, 0x000000008a700000| Untracked 
| 166|0x000000008a800000, 0x000000008a800000, 0x000000008a900000|  0%| F|  |TAMS 0x000000008a800000, 0x000000008a800000| Untracked 
| 167|0x000000008a900000, 0x000000008a900000, 0x000000008aa00000|  0%| F|  |TAMS 0x000000008a900000, 0x000000008a900000| Untracked 
| 168|0x000000008aa00000, 0x000000008aa00000, 0x000000008ab00000|  0%| F|  |TAMS 0x000000008aa00000, 0x000000008aa00000| Untracked 
| 169|0x000000008ab00000, 0x000000008ab00000, 0x000000008ac00000|  0%| F|  |TAMS 0x000000008ab00000, 0x000000008ab00000| Untracked 
| 170|0x000000008ac00000, 0x000000008ac00000, 0x000000008ad00000|  0%| F|  |TAMS 0x000000008ac00000, 0x000000008ac00000| Untracked 
| 171|0x000000008ad00000, 0x000000008ad00000, 0x000000008ae00000|  0%| F|  |TAMS 0x000000008ad00000, 0x000000008ad00000| Untracked 
| 172|0x000000008ae00000, 0x000000008ae00000, 0x000000008af00000|  0%| F|  |TAMS 0x000000008ae00000, 0x000000008ae00000| Untracked 
| 173|0x000000008af00000, 0x000000008af00000, 0x000000008b000000|  0%| F|  |TAMS 0x000000008af00000, 0x000000008af00000| Untracked 
| 174|0x000000008b000000, 0x000000008b000000, 0x000000008b100000|  0%| F|  |TAMS 0x000000008b000000, 0x000000008b000000| Untracked 
| 175|0x000000008b100000, 0x000000008b100000, 0x000000008b200000|  0%| F|  |TAMS 0x000000008b100000, 0x000000008b100000| Untracked 
| 176|0x000000008b200000, 0x000000008b278d00, 0x000000008b300000| 47%| E|  |TAMS 0x000000008b200000, 0x000000008b200000| Complete 
| 177|0x000000008b300000, 0x000000008b400000, 0x000000008b400000|100%| E|CS|TAMS 0x000000008b300000, 0x000000008b300000| Complete 
| 178|0x000000008b400000, 0x000000008b500000, 0x000000008b500000|100%| E|CS|TAMS 0x000000008b400000, 0x000000008b400000| Complete 
| 179|0x000000008b500000, 0x000000008b600000, 0x000000008b600000|100%| E|CS|TAMS 0x000000008b500000, 0x000000008b500000| Complete 
| 180|0x000000008b600000, 0x000000008b700000, 0x000000008b700000|100%| E|CS|TAMS 0x000000008b600000, 0x000000008b600000| Complete 
| 181|0x000000008b700000, 0x000000008b800000, 0x000000008b800000|100%| E|CS|TAMS 0x000000008b700000, 0x000000008b700000| Complete 
| 182|0x000000008b800000, 0x000000008b900000, 0x000000008b900000|100%| E|CS|TAMS 0x000000008b800000, 0x000000008b800000| Complete 
| 183|0x000000008b900000, 0x000000008ba00000, 0x000000008ba00000|100%| E|CS|TAMS 0x000000008b900000, 0x000000008b900000| Complete 
| 184|0x000000008ba00000, 0x000000008bb00000, 0x000000008bb00000|100%| E|CS|TAMS 0x000000008ba00000, 0x000000008ba00000| Complete 

Card table byte_map: [0x0000024c21e30000,0x0000024c22230000] _byte_map_base: 0x0000024c21a2f000

Marking Bits (Prev, Next): (CMBitMap*) 0x0000024c0a7ce148, (CMBitMap*) 0x0000024c0a7ce180
 Prev Bits: [0x0000024c22630000, 0x0000024c24628000)
 Next Bits: [0x0000024c24630000, 0x0000024c26628000)

Polling page: 0x0000024c09f00000

Metaspace:

Usage:
  Non-class:     66.61 MB capacity,    65.23 MB ( 98%) used,     1.10 MB (  2%) free+waste,   290.50 KB ( <1%) overhead. 
      Class:      9.88 MB capacity,     8.99 MB ( 91%) used,   772.49 KB (  8%) free+waste,   136.56 KB (  1%) overhead. 
       Both:     76.48 MB capacity,    74.21 MB ( 97%) used,     1.85 MB (  2%) free+waste,   427.06 KB ( <1%) overhead. 

Virtual space:
  Non-class space:       68.00 MB reserved,      66.75 MB ( 98%) committed 
      Class space:        1.00 GB reserved,      10.00 MB ( <1%) committed 
             Both:        1.07 GB reserved,      76.75 MB (  7%) committed 

Chunk freelists:
   Non-Class:  2.25 KB
       Class:  0 bytes
        Both:  2.25 KB

CodeHeap 'non-profiled nmethods': size=120064Kb used=3948Kb max_used=5047Kb free=116115Kb
 bounds [0x0000024c1a4f0000, 0x0000024c1a9e0000, 0x0000024c21a30000]
CodeHeap 'profiled nmethods': size=120000Kb used=14024Kb max_used=15080Kb free=105975Kb
 bounds [0x0000024c12fc0000, 0x0000024c13e80000, 0x0000024c1a4f0000]
CodeHeap 'non-nmethods': size=5696Kb used=1288Kb max_used=1334Kb free=4407Kb
 bounds [0x0000024c12a30000, 0x0000024c12ca0000, 0x0000024c12fc0000]
 total_blobs=10390 nmethods=6881 adapters=590
 compilation: enabled
              stopped_count=0, restarted_count=0
 full_count=0

Compilation events (10 events):
Event: 1177.386 Thread 0x0000024c29401000 nmethod 8075 0x0000024c13841e90 code [0x0000024c13842120, 0x0000024c13842c80]
Event: 1177.404 Thread 0x0000024c29401000 8076       1       org.springframework.http.HttpEntity::getBody (5 bytes)
Event: 1177.404 Thread 0x0000024c29401000 nmethod 8076 0x0000024c1a6a5a90 code [0x0000024c1a6a5c40, 0x0000024c1a6a5d58]
Event: 1180.264 Thread 0x0000024c293ff000 8077       4       java.lang.reflect.Method::invoke (65 bytes)
Event: 1180.334 Thread 0x0000024c293ff000 nmethod 8077 0x0000024c1a6a0f90 code [0x0000024c1a6a13a0, 0x0000024c1a6a3b58]
Event: 1184.466 Thread 0x0000024c29401000 8078       1       org.apache.catalina.loader.WebappLoader::getClassLoader (5 bytes)
Event: 1184.466 Thread 0x0000024c29401000 nmethod 8078 0x0000024c1a6a0c10 code [0x0000024c1a6a0dc0, 0x0000024c1a6a0ed8]
Event: 1184.466 Thread 0x0000024c29401000 8079       3       java.lang.Thread::setContextClassLoader (27 bytes)
Event: 1184.467 Thread 0x0000024c29401000 nmethod 8079 0x0000024c13841410 code [0x0000024c13841620, 0x0000024c13841c60]
Event: 1201.752 Thread 0x0000024c293ff000 8080   !   4       java.util.concurrent.locks.AbstractQueuedSynchronizer::acquireQueued (74 bytes)

GC Heap History (10 events):
Event: 7.773 GC heap before
{Heap before GC invocations=9 (full 0):
 garbage-first heap   total 157696K, used 106929K [0x0000000080200000, 0x0000000100000000)
  region size 1024K, 92 young (94208K), 11 survivors (11264K)
 Metaspace       used 47689K, capacity 48876K, committed 49024K, reserved 1091584K
  class space    used 5760K, capacity 6243K, committed 6272K, reserved 1048576K
}
Event: 7.786 GC heap after
{Heap after GC invocations=10 (full 0):
 garbage-first heap   total 157696K, used 23008K [0x0000000080200000, 0x0000000100000000)
  region size 1024K, 8 young (8192K), 8 survivors (8192K)
 Metaspace       used 47689K, capacity 48876K, committed 49024K, reserved 1091584K
  class space    used 5760K, capacity 6243K, committed 6272K, reserved 1048576K
}
Event: 8.739 GC heap before
{Heap before GC invocations=10 (full 0):
 garbage-first heap   total 157696K, used 109024K [0x0000000080200000, 0x0000000100000000)
  region size 1024K, 92 young (94208K), 8 survivors (8192K)
 Metaspace       used 54124K, capacity 55666K, committed 55808K, reserved 1097728K
  class space    used 6706K, capacity 7341K, committed 7424K, reserved 1048576K
}
Event: 8.756 GC heap after
{Heap after GC invocations=11 (full 0):
 garbage-first heap   total 189440K, used 27871K [0x0000000080200000, 0x0000000100000000)
  region size 1024K, 8 young (8192K), 8 survivors (8192K)
 Metaspace       used 54124K, capacity 55666K, committed 55808K, reserved 1097728K
  class space    used 6706K, capacity 7341K, committed 7424K, reserved 1048576K
}
Event: 9.869 GC heap before
{Heap before GC invocations=11 (full 0):
 garbage-first heap   total 189440K, used 131295K [0x0000000080200000, 0x0000000100000000)
  region size 1024K, 109 young (111616K), 8 survivors (8192K)
 Metaspace       used 57838K, capacity 59606K, committed 59648K, reserved 1101824K
  class space    used 7191K, capacity 7899K, committed 7936K, reserved 1048576K
}
Event: 9.883 GC heap after
{Heap after GC invocations=12 (full 0):
 garbage-first heap   total 189440K, used 32109K [0x0000000080200000, 0x0000000100000000)
  region size 1024K, 10 young (10240K), 10 survivors (10240K)
 Metaspace       used 57838K, capacity 59606K, committed 59648K, reserved 1101824K
  class space    used 7191K, capacity 7899K, committed 7936K, reserved 1048576K
}
Event: 10.063 GC heap before
{Heap before GC invocations=12 (full 0):
 garbage-first heap   total 189440K, used 51565K [0x0000000080200000, 0x0000000100000000)
  region size 1024K, 30 young (30720K), 10 survivors (10240K)
 Metaspace       used 58289K, capacity 60046K, committed 60160K, reserved 1101824K
  class space    used 7257K, capacity 7983K, committed 8064K, reserved 1048576K
}
Event: 10.079 GC heap after
{Heap after GC invocations=13 (full 0):
 garbage-first heap   total 189440K, used 32587K [0x0000000080200000, 0x0000000100000000)
  region size 1024K, 6 young (6144K), 6 survivors (6144K)
 Metaspace       used 58289K, capacity 60046K, committed 60160K, reserved 1101824K
  class space    used 7257K, capacity 7983K, committed 8064K, reserved 1048576K
}
Event: 721.995 GC heap before
{Heap before GC invocations=14 (full 0):
 garbage-first heap   total 189440K, used 140107K [0x0000000080200000, 0x0000000100000000)
  region size 1024K, 111 young (113664K), 6 survivors (6144K)
 Metaspace       used 75742K, capacity 78043K, committed 78208K, reserved 1118208K
  class space    used 9194K, capacity 10108K, committed 10112K, reserved 1048576K
}
Event: 722.122 GC heap after
{Heap after GC invocations=15 (full 0):
 garbage-first heap   total 189440K, used 37571K [0x0000000080200000, 0x0000000100000000)
  region size 1024K, 11 young (11264K), 11 survivors (11264K)
 Metaspace       used 75742K, capacity 78043K, committed 78208K, reserved 1118208K
  class space    used 9194K, capacity 10108K, committed 10112K, reserved 1048576K
}

Deoptimization events (10 events):
Event: 172.583 Thread 0x0000024c2e18a800 Uncommon trap: reason=null_check action=make_not_entrant pc=0x0000024c1a984f40 method=java.lang.ClassLoader.definePackage(Ljava/lang/String;Ljava/lang/Module;)Ljava/lang/Package; @ 49 c2
Event: 173.430 Thread 0x0000024c2e185800 Uncommon trap: reason=bimorphic_or_optimized_type_check action=maybe_recompile pc=0x0000024c1a5cbe6c method=java.io.DataOutputStream.writeByte(I)V @ 5 c2
Event: 173.430 Thread 0x0000024c2e185800 Uncommon trap: reason=bimorphic_or_optimized_type_check action=maybe_recompile pc=0x0000024c1a5cbe6c method=java.io.DataOutputStream.writeByte(I)V @ 5 c2
Event: 173.431 Thread 0x0000024c2e185800 Uncommon trap: reason=class_check action=maybe_recompile pc=0x0000024c1a7880e4 method=java.io.DataOutputStream.write(I)V @ 5 c2
Event: 173.431 Thread 0x0000024c2e185800 Uncommon trap: reason=bimorphic_or_optimized_type_check action=maybe_recompile pc=0x0000024c1a5cbe6c method=java.io.DataOutputStream.writeByte(I)V @ 5 c2
Event: 173.431 Thread 0x0000024c2e185800 Uncommon trap: reason=bimorphic_or_optimized_type_check action=maybe_recompile pc=0x0000024c1a5cbe6c method=java.io.DataOutputStream.writeByte(I)V @ 5 c2
Event: 173.443 Thread 0x0000024c2e185800 Uncommon trap: reason=unstable_if action=reinterpret pc=0x0000024c1a8de130 method=org.springframework.core.ResolvableType.resolveType()Lorg/springframework/core/ResolvableType; @ 37 c2
Event: 173.445 Thread 0x0000024c2e185800 Uncommon trap: reason=unstable_if action=reinterpret pc=0x0000024c1a8f5edc method=java.lang.CharacterDataLatin1.isWhitespace(I)Z @ 14 c2
Event: 173.445 Thread 0x0000024c2e185800 Uncommon trap: reason=unstable_if action=reinterpret pc=0x0000024c1a5587a0 method=java.lang.CharacterDataLatin1.isWhitespace(I)Z @ 14 c2
Event: 756.991 Thread 0x0000024c2e18f800 Uncommon trap: reason=unstable_if action=reinterpret pc=0x0000024c1a560f84 method=com.fasterxml.jackson.core.json.UTF8StreamJsonParser._finishAndReturnString()Ljava/lang/String; @ 59 c2

Classes redefined (0 events):
No events

Internal exceptions (10 events):
Event: 1158.228 Thread 0x0000024c2ead9800 Exception <a 'java/net/ConnectException'{0x000000008b20cde8}: Connection refused: connect> (0x000000008b20cde8) thrown at [t:/workspace/open/src/hotspot/share/prims/jni.cpp, line 636]
Event: 1160.327 Thread 0x0000024c2f098800 Exception <a 'java/net/ConnectException'{0x000000008b3ead70}: Connection refused: connect> (0x000000008b3ead70) thrown at [t:/workspace/open/src/hotspot/share/prims/jni.cpp, line 636]
Event: 1170.260 Thread 0x0000024c2ead9800 Exception <a 'java/net/ConnectException'{0x000000008b20e4f8}: Connection refused: connect> (0x000000008b20e4f8) thrown at [t:/workspace/open/src/hotspot/share/prims/jni.cpp, line 636]
Event: 1172.358 Thread 0x0000024c2f098800 Exception <a 'java/net/ConnectException'{0x000000008b3ec7a8}: Connection refused: connect> (0x000000008b3ec7a8) thrown at [t:/workspace/open/src/hotspot/share/prims/jni.cpp, line 636]
Event: 1177.006 Thread 0x0000024c2e18e800 Exception <a 'java/net/SocketTimeoutException'{0x000000008b3bad48}: Read timed out> (0x000000008b3bad48) thrown at [t:/workspace/open/src/hotspot/share/prims/jni.cpp, line 636]
Event: 1177.401 Thread 0x0000024c2e18f800 Exception <a 'java/net/SocketTimeoutException'{0x000000008b230140}: Read timed out> (0x000000008b230140) thrown at [t:/workspace/open/src/hotspot/share/prims/jni.cpp, line 636]
Event: 1182.291 Thread 0x0000024c2ead9800 Exception <a 'java/net/ConnectException'{0x000000008b20fc08}: Connection refused: connect> (0x000000008b20fc08) thrown at [t:/workspace/open/src/hotspot/share/prims/jni.cpp, line 636]
Event: 1184.387 Thread 0x0000024c2f098800 Exception <a 'java/net/ConnectException'{0x000000008b3ee1e0}: Connection refused: connect> (0x000000008b3ee1e0) thrown at [t:/workspace/open/src/hotspot/share/prims/jni.cpp, line 636]
Event: 1194.331 Thread 0x0000024c2ead9800 Exception <a 'java/net/ConnectException'{0x000000008b211478}: Connection refused: connect> (0x000000008b211478) thrown at [t:/workspace/open/src/hotspot/share/prims/jni.cpp, line 636]
Event: 1196.551 Thread 0x0000024c2f098800 Exception <a 'java/net/ConnectException'{0x000000008b3efc18}: Connection refused: connect> (0x000000008b3efc18) thrown at [t:/workspace/open/src/hotspot/share/prims/jni.cpp, line 636]

Events (10 events):
Event: 756.970 loading class com/fasterxml/jackson/datatype/joda$JodaModule done
Event: 756.970 loading class com/fasterxml/jackson/datatype/joda/JodaModule
Event: 756.970 loading class com/fasterxml/jackson/datatype/joda/JodaModule done
Event: 756.970 loading class com/fasterxml/jackson/datatype/joda$JodaModule
Event: 756.970 loading class com/fasterxml/jackson/datatype/joda$JodaModule done
Event: 756.991 Thread 0x0000024c2e18f800 Uncommon trap: trap_request=0xffffff4d fr.pc=0x0000024c1a560f84 relative=0x0000000000000a84
Event: 756.991 Thread 0x0000024c2e18f800 DEOPT PACKING pc=0x0000024c1a560f84 sp=0x000000c24c5fd140
Event: 756.991 Thread 0x0000024c2e18f800 DEOPT UNPACKING pc=0x0000024c12a58f2f sp=0x000000c24c5fd0e8 mode 2
Event: 907.148 loading class org/slf4j/Marker
Event: 907.148 loading class org/slf4j/Marker done


Dynamic libraries:
0x00007ff67c1b0000 - 0x00007ff67c1f5000 	C:\jdk-11\bin\java.exe
0x00007ffd66d90000 - 0x00007ffd66f87000 	C:\Windows\SYSTEM32\ntdll.dll
0x00007ffd66270000 - 0x00007ffd6632d000 	C:\Windows\System32\KERNEL32.DLL
0x00007ffd644b0000 - 0x00007ffd6477d000 	C:\Windows\System32\KERNELBASE.dll
0x00007ffd66420000 - 0x00007ffd664ce000 	C:\Windows\System32\ADVAPI32.DLL
0x00007ffd65700000 - 0x00007ffd6579e000 	C:\Windows\System32\msvcrt.dll
0x00007ffd66bf0000 - 0x00007ffd66c8c000 	C:\Windows\System32\sechost.dll
0x00007ffd65080000 - 0x00007ffd651a5000 	C:\Windows\System32\RPCRT4.dll
0x00007ffd65980000 - 0x00007ffd65b20000 	C:\Windows\System32\USER32.dll
0x00007ffd64a30000 - 0x00007ffd64a52000 	C:\Windows\System32\win32u.dll
0x00007ffd64df0000 - 0x00007ffd64e1a000 	C:\Windows\System32\GDI32.dll
0x00007ffd64ce0000 - 0x00007ffd64deb000 	C:\Windows\System32\gdi32full.dll
0x00007ffd64c40000 - 0x00007ffd64cdd000 	C:\Windows\System32\msvcp_win.dll
0x00007ffd647f0000 - 0x00007ffd648f0000 	C:\Windows\System32\ucrtbase.dll
0x00007ffd3cfc0000 - 0x00007ffd3d25a000 	C:\Windows\WinSxS\amd64_microsoft.windows.common-controls_6595b64144ccf1df_6.0.19041.1110_none_60b5254171f9507e\COMCTL32.dll
0x00007ffd657c0000 - 0x00007ffd657f0000 	C:\Windows\System32\IMM32.DLL
0x00007ffd642c0000 - 0x00007ffd642fb000 	C:\Program Files\Citrix\HDX\bin\MfApHook.dll
0x00007ffd64200000 - 0x00007ffd64210000 	C:\Program Files\Citrix\HDX\bin\FullScreenHook.dll
0x00007ffd34e20000 - 0x00007ffd34eca000 	C:\jdk-11\bin\MSVCP140.dll
0x00007ffd641d0000 - 0x00007ffd641dc000 	C:\Windows\SYSTEM32\VCRUNTIME140_1.dll
0x00007ffd4ad80000 - 0x00007ffd4ad96000 	C:\jdk-11\bin\VCRUNTIME140.dll
0x00007ffd64050000 - 0x00007ffd6407d000 	C:\Program Files\Citrix\HDX\bin\ShellHook.dll
0x00007ffd66690000 - 0x00007ffd666e5000 	C:\Windows\System32\SHLWAPI.dll
0x00007ffd63ed0000 - 0x00007ffd63ff9000 	C:\Program Files\Citrix\HDX\bin\SCardHook.dll
0x00007ffd63e30000 - 0x00007ffd63e4e000 	C:\Program Files\Citrix\HDX\bin\CxInjIme.dll
0x00007ffd63e00000 - 0x00007ffd63e28000 	C:\Program Files\Citrix\HDX\bin\PicaWtsHook.dll
0x00007ffd270c0000 - 0x00007ffd27c01000 	C:\jdk-11\bin\server\jvm.dll
0x00007ffd66d40000 - 0x00007ffd66d48000 	C:\Windows\System32\PSAPI.DLL
0x00007ffd5ee30000 - 0x00007ffd5ee57000 	C:\Windows\SYSTEM32\WINMM.dll
0x00007ffd5fd70000 - 0x00007ffd5fd79000 	C:\Windows\SYSTEM32\WSOCK32.dll
0x00007ffd664d0000 - 0x00007ffd6653b000 	C:\Windows\System32\WS2_32.dll
0x00007ffd640b0000 - 0x00007ffd640ba000 	C:\Windows\SYSTEM32\VERSION.dll
0x00007ffd628f0000 - 0x00007ffd62902000 	C:\Windows\SYSTEM32\kernel.appcore.dll
0x00007ffd39f50000 - 0x00007ffd39f61000 	C:\jdk-11\bin\verify.dll
0x00007ffd61c60000 - 0x00007ffd61e44000 	C:\Windows\SYSTEM32\DBGHELP.DLL
0x00007ffd492c0000 - 0x00007ffd492ec000 	C:\Windows\SYSTEM32\dbgcore.DLL
0x00007ffd648f0000 - 0x00007ffd64972000 	C:\Windows\System32\bcryptPrimitives.dll
0x00007ffd38c80000 - 0x00007ffd38ca8000 	C:\jdk-11\bin\java.dll
0x00007ffd35c10000 - 0x00007ffd35c3f000 	C:\jdk-11\bin\instrument.dll
0x00007ffd39830000 - 0x00007ffd39846000 	C:\jdk-11\bin\zip.dll
0x00007ffd492f0000 - 0x00007ffd492fa000 	C:\jdk-11\bin\jimage.dll
0x00007ffd65b20000 - 0x00007ffd66264000 	C:\Windows\System32\SHELL32.dll
0x00007ffd62120000 - 0x00007ffd628b4000 	C:\Windows\SYSTEM32\windows.storage.dll
0x00007ffd653a0000 - 0x00007ffd656f4000 	C:\Windows\System32\combase.dll
0x00007ffd63aa0000 - 0x00007ffd63acc000 	C:\Windows\SYSTEM32\Wldp.dll
0x00007ffd66c90000 - 0x00007ffd66d3d000 	C:\Windows\System32\SHCORE.dll
0x00007ffd643f0000 - 0x00007ffd6440f000 	C:\Windows\SYSTEM32\profapi.dll
0x00007ffd387e0000 - 0x00007ffd387f9000 	C:\jdk-11\bin\net.dll
0x00007ffd5e230000 - 0x00007ffd5e33a000 	C:\Windows\SYSTEM32\WINHTTP.dll
0x00007ffd63760000 - 0x00007ffd637ca000 	C:\Windows\system32\mswsock.dll
0x00007ffd38450000 - 0x00007ffd38463000 	C:\jdk-11\bin\nio.dll
0x00007ffd34030000 - 0x00007ffd3404a000 	C:\Program Files\JetBrains\IntelliJ IDEA Community Edition 2022.1.2\bin\breakgen64.dll
0x00007ffd63460000 - 0x00007ffd6349b000 	C:\Windows\SYSTEM32\IPHLPAPI.DLL
0x00007ffd66680000 - 0x00007ffd66688000 	C:\Windows\System32\NSI.dll
0x00007ffd5da80000 - 0x00007ffd5da97000 	C:\Windows\SYSTEM32\dhcpcsvc6.DLL
0x00007ffd5d820000 - 0x00007ffd5d83d000 	C:\Windows\SYSTEM32\dhcpcsvc.DLL
0x00007ffd634a0000 - 0x00007ffd6356b000 	C:\Windows\SYSTEM32\DNSAPI.dll
0x00007ffd5b0b0000 - 0x00007ffd5b0ba000 	C:\Windows\System32\rasadhlp.dll
0x00007ffd5da00000 - 0x00007ffd5da80000 	C:\Windows\System32\fwpuclnt.dll
0x00007ffd64a60000 - 0x00007ffd64a87000 	C:\Windows\System32\bcrypt.dll
0x00007ffd43000000 - 0x00007ffd43009000 	C:\jdk-11\bin\management.dll
0x00007ffd42ad0000 - 0x00007ffd42adc000 	C:\jdk-11\bin\management_ext.dll
0x00007ffd56380000 - 0x00007ffd56397000 	C:\Windows\system32\napinsp.dll
0x00007ffd563a0000 - 0x00007ffd563bb000 	C:\Windows\system32\pnrpnsp.dll
0x00007ffd5bd90000 - 0x00007ffd5bdad000 	C:\Windows\system32\NLAapi.dll
0x00007ffd563c0000 - 0x00007ffd563d2000 	C:\Windows\System32\winrnr.dll
0x00007ffd563e0000 - 0x00007ffd563f5000 	C:\Windows\system32\wshbth.dll
0x00007ffd63960000 - 0x00007ffd63978000 	C:\Windows\SYSTEM32\CRYPTSP.dll
0x00007ffd630f0000 - 0x00007ffd63124000 	C:\Windows\system32\rsaenh.dll
0x00007ffd643b0000 - 0x00007ffd643de000 	C:\Windows\SYSTEM32\USERENV.dll
0x00007ffd63950000 - 0x00007ffd6395c000 	C:\Windows\SYSTEM32\CRYPTBASE.dll
0x00007ffd41120000 - 0x00007ffd4112d000 	C:\jdk-11\bin\sunmscapi.dll
0x00007ffd64a90000 - 0x00007ffd64be6000 	C:\Windows\System32\CRYPT32.dll
0x00007ffd63b20000 - 0x00007ffd63b47000 	C:\Windows\SYSTEM32\ncrypt.dll
0x00007ffd63ad0000 - 0x00007ffd63b0b000 	C:\Windows\SYSTEM32\NTASN1.dll
0x00007ffd375d0000 - 0x00007ffd375f7000 	C:\jdk-11\bin\sunec.dll

dbghelp: loaded successfully - version: 4.0.5 - missing functions: none
symbol engine: initialized successfully - sym options: 0x614 - pdb path: .;C:\jdk-11\bin;C:\Windows\SYSTEM32;C:\Windows\WinSxS\amd64_microsoft.windows.common-controls_6595b64144ccf1df_6.0.19041.1110_none_60b5254171f9507e;C:\Program Files\Citrix\HDX\bin;C:\jdk-11\bin\server;C:\Program Files\JetBrains\IntelliJ IDEA Community Edition 2022.1.2\bin

VM Arguments:
jvm_args: -javaagent:C:\Program Files\JetBrains\IntelliJ IDEA Community Edition 2022.1.2\lib\idea_rt.jar=58907:C:\Program Files\JetBrains\IntelliJ IDEA Community Edition 2022.1.2\bin -Dfile.encoding=UTF-8 
java_command: App.PaymentServiceApplication
java_class_path (initial): C:\SoftwareArchitecture\client\App\target\classes;C:\Users\614177\.m2\repository\org\springframework\boot\spring-boot-starter-data-mongodb\2.7.2\spring-boot-starter-data-mongodb-2.7.2.jar;C:\Users\614177\.m2\repository\org\springframework\boot\spring-boot-starter\2.7.2\spring-boot-starter-2.7.2.jar;C:\Users\614177\.m2\repository\org\springframework\boot\spring-boot\2.7.2\spring-boot-2.7.2.jar;C:\Users\614177\.m2\repository\org\springframework\boot\spring-boot-autoconfigure\2.7.2\spring-boot-autoconfigure-2.7.2.jar;C:\Users\614177\.m2\repository\org\springframework\boot\spring-boot-starter-logging\2.7.2\spring-boot-starter-logging-2.7.2.jar;C:\Users\614177\.m2\repository\ch\qos\logback\logback-classic\1.2.11\logback-classic-1.2.11.jar;C:\Users\614177\.m2\repository\ch\qos\logback\logback-core\1.2.11\logback-core-1.2.11.jar;C:\Users\614177\.m2\repository\org\apache\logging\log4j\log4j-to-slf4j\2.17.2\log4j-to-slf4j-2.17.2.jar;C:\Users\614177\.m2\repository\org\apache\logging\log4j\log4j-api\2.17.2\log4j-api-2.17.2.jar;C:\Users\614177\.m2\repository\org\slf4j\jul-to-slf4j\1.7.36\jul-to-slf4j-1.7.36.jar;C:\Users\614177\.m2\repository\jakarta\annotation\jakarta.annotation-api\1.3.5\jakarta.annotation-api-1.3.5.jar;C:\Users\614177\.m2\repository\org\yaml\snakeyaml\1.30\snakeyaml-1.30.jar;C:\Users\614177\.m2\repository\org\mongodb\mongodb-driver-sync\4.6.1\mongodb-driver-sync-4.6.1.jar;C:\Users\614177\.m2\repository\org\mongodb\bson\4.6.1\bson-4.6.1.jar;C:\Users\614177\.m2\repository\org\mongodb\mongodb-driver-core\4.6.1\mongodb-driver-core-4.6.1.jar;C:\Users\614177\.m2\repository\org\mongodb\bson-record-codec\4.6.1\bson-record-codec-4.6.1.jar;C:\Users\614177\.m2\repository\org\springframework\data\spring-data-mongodb\3.4.2\spring-data-mongodb-3.4.2.jar;C:\Users\614177\.m2\repository\org\springframework\spring-beans\5.3.22\spring-beans-5.3.22.jar;C:\Users\614177\.m2\repository\org\springframework\spring-expression\5.3.22\spring-expre
Launcher Type: SUN_STANDARD

[Global flags]
     intx CICompilerCount                          = 3                                         {product} {ergonomic}
     uint ConcGCThreads                            = 1                                         {product} {ergonomic}
     uint G1ConcRefinementThreads                  = 4                                         {product} {ergonomic}
   size_t G1HeapRegionSize                         = 1048576                                   {product} {ergonomic}
    uintx GCDrainStackTargetSize                   = 64                                        {product} {ergonomic}
   size_t InitialHeapSize                          = 134217728                                 {product} {ergonomic}
   size_t MarkStackSize                            = 4194304                                   {product} {ergonomic}
   size_t MaxHeapSize                              = 2145386496                                {product} {ergonomic}
   size_t MaxNewSize                               = 1286602752                                {product} {ergonomic}
   size_t MinHeapDeltaBytes                        = 1048576                                   {product} {ergonomic}
    uintx NonNMethodCodeHeapSize                   = 5830092                                {pd product} {ergonomic}
    uintx NonProfiledCodeHeapSize                  = 122914074                              {pd product} {ergonomic}
    uintx ProfiledCodeHeapSize                     = 122914074                              {pd product} {ergonomic}
    uintx ReservedCodeCacheSize                    = 251658240                              {pd product} {ergonomic}
     bool SegmentedCodeCache                       = true                                      {product} {ergonomic}
     bool UseCompressedClassPointers               = true                                 {lp64_product} {ergonomic}
     bool UseCompressedOops                        = true                                 {lp64_product} {ergonomic}
     bool UseG1GC                                  = true                                      {product} {ergonomic}
     bool UseLargePagesIndividualAllocation        = false                                  {pd product} {ergonomic}

Logging:
Log output configuration:
 #0: stdout all=warning uptime,level,tags
 #1: stderr all=off uptime,level,tags

Environment Variables:
JAVA_HOME=C:\jdk-11
PATH=C:\jdk-11;C:\Program Files (x86)\Common Files\Oracle\Java\javapath;C:\Windows\system32;C:\Windows;C:\Windows\System32\Wbem;C:\Windows\System32\WindowsPowerShell\v1.0\;C:\Windows\System32\OpenSSH\;C:\Program Files (x86)\Citrix\HDX\bin\;C:\Program Files\Citrix\HDX\bin\;C:\Program Files\Citrix\Virtual Desktop Agent\;C:\Program Files\Citrix\Citrix Files\;C:\Program Files (x86)\Citrix\Workspace Environment Management Agent;C:\Users\614177\AppData\Local\Microsoft\WindowsApps
USERNAME=614177
OS=Windows_NT
PROCESSOR_IDENTIFIER=Intel64 Family 6 Model 85 Stepping 7, GenuineIntel



---------------  S Y S T E M  ---------------

OS: Windows 10 , 64 bit Build 19041 (10.0.19041.1741)

CPU:total 4 (initial active 4) (4 cores per cpu, 1 threads per core) family 6 model 85 stepping 7, cmov, cx8, fxsr, mmx, sse, sse2, sse3, ssse3, sse4.1, sse4.2, popcnt, avx, avx2, aes, clmul, erms, 3dnowpref, lzcnt, tsc, bmi1, bmi2, adx, fma

Memory: 4k page, system-wide physical 8183M (218M free)
TotalPageFile size 19622M (AvailPageFile size 5M)
current process WorkingSet (physical memory assigned to process): 179M, peak: 374M
current process commit charge ("private bytes"): 384M, peak: 426M

vm_info: OpenJDK 64-Bit Server VM (11+28) for windows-amd64 JRE (11+28), built on Aug 23 2018 03:04:58 by "mach5one" with MS VC++ 15.5 (VS2017)

END.
