#
# There is insufficient memory for the Java Runtime Environment to continue.
# Native memory allocation (malloc) failed to allocate 291296 bytes for Chunk::new
# Possible reasons:
#   The system is out of physical RAM or swap space
#   The process is running with CompressedOops enabled, and the Java Heap may be blocking the growth of the native heap
# Possible solutions:
#   Reduce memory load on the system
#   Increase physical memory or swap space
#   Check if swap backing store is full
#   Decrease Java heap size (-Xmx/-Xms)
#   Decrease number of Java threads
#   Decrease Java thread stack sizes (-Xss)
#   Set larger code cache with -XX:ReservedCodeCacheSize=
#   JVM is running with Unscaled Compressed Oops mode in which the Java heap is
#     placed in the first 4GB address space. The Java Heap base address is the
#     maximum limit for the native heap growth. Please use -XX:HeapBaseMinAddress
#     to set the Java Heap base and to place the Java Heap above 4GB virtual address.
# This output file may be truncated or incomplete.
#
#  Out of Memory Error (arena.cpp:184), pid=16264, tid=8052
#
# JRE version: OpenJDK Runtime Environment (18.0.2+9) (build 18.0.2+9-61)
# Java VM: OpenJDK 64-Bit Server VM (18.0.2+9-61, mixed mode, sharing, tiered, compressed oops, compressed class ptrs, g1 gc, windows-amd64)
# No core dump will be written. Minidumps are not enabled by default on client versions of Windows
#

---------------  S U M M A R Y ------------

Command Line: -javaagent:C:\Program Files\JetBrains\IntelliJ IDEA Community Edition 2022.1.2\lib\idea_rt.jar=51025:C:\Program Files\JetBrains\IntelliJ IDEA Community Edition 2022.1.2\bin -Dfile.encoding=UTF-8 Eureka.EurekaServerApplication

Host: Intel(R) Xeon(R) Gold 6248R CPU @ 3.00GHz, 4 cores, 7G,  Windows 10 , 64 bit Build 19041 (10.0.19041.1741)
Time: Wed Aug 10 16:41:52 2022 Central Daylight Time elapsed time: 750.977795 seconds (0d 0h 12m 30s)

---------------  T H R E A D  ---------------

Current thread (0x0000012b47a31fe0):  JavaThread "C2 CompilerThread0" daemon [_thread_in_native, id=8052, stack(0x0000002327400000,0x0000002327500000)]


Current CompileTask:
C2: 750977 9979       4       java.util.concurrent.locks.AbstractQueuedSynchronizer$ConditionObject::awaitNanos (200 bytes)

Stack: [0x0000002327400000,0x0000002327500000]
Native frames: (J=compiled Java code, j=interpreted, Vv=VM code, C=native code)
V  [jvm.dll+0x6993ca]
V  [jvm.dll+0x7f481d]
V  [jvm.dll+0x7f612e]
V  [jvm.dll+0x7f67e3]
V  [jvm.dll+0x25cdaf]
V  [jvm.dll+0xb8c2f]
V  [jvm.dll+0xb8fa5]
V  [jvm.dll+0x2c7cbf]
V  [jvm.dll+0x5a0d8e]
V  [jvm.dll+0x2382e3]
V  [jvm.dll+0x2319a2]
V  [jvm.dll+0x22f21b]
V  [jvm.dll+0x1ba01c]
V  [jvm.dll+0x23ec9a]
V  [jvm.dll+0x23cf85]
V  [jvm.dll+0x7a6e21]
V  [jvm.dll+0x7a125a]
V  [jvm.dll+0x698275]
C  [ucrtbase.dll+0x21bb2]
C  [KERNEL32.DLL+0x17034]
C  [ntdll.dll+0x52651]


---------------  P R O C E S S  ---------------

Threads class SMR info:
_java_thread_list=0x0000012b4fa96d60, length=72, elements={
0x0000012b47a0b5d0, 0x0000012b47a0bf70, 0x0000012b47a24000, 0x0000012b47a249a0,
0x0000012b47a25ae0, 0x0000012b47a2adc0, 0x0000012b47a31fe0, 0x0000012b47a5cd90,
0x0000012b47a5ea80, 0x0000012b4e230eb0, 0x0000012b4e306470, 0x0000012b4e81f030,
0x0000012b4f914b50, 0x0000012b51ad3570, 0x0000012b51ad3a40, 0x0000012b51ad0080,
0x0000012b51ad2230, 0x0000012b51ad2700, 0x0000012b51ad2bd0, 0x0000012b51ad0550,
0x0000012b51ad0a20, 0x0000012b51ad0ef0, 0x0000012b51ad13c0, 0x0000012b51ad1890,
0x0000012b51ad30a0, 0x0000012b51576cb0, 0x0000012b5157b9b0, 0x0000012b51577180,
0x0000012b51574fd0, 0x0000012b51579cd0, 0x0000012b5157a670, 0x0000012b51577650,
0x0000012b51577b20, 0x0000012b515754a0, 0x0000012b5157c820, 0x0000012b51577ff0,
0x0000012b5157a1a0, 0x0000012b51579330, 0x0000012b5157b4e0, 0x0000012b51578990,
0x0000012b5157b010, 0x0000012b5157ab40, 0x0000012b51575970, 0x0000012b515784c0,
0x0000012b51575e40, 0x0000012b51579800, 0x0000012b5157be80, 0x0000012b5157c350,
0x0000012b51576310, 0x0000012b51578e60, 0x0000012b515767e0, 0x0000012b4eb9ea40,
0x0000012b4eb98530, 0x0000012b4eb9abb0, 0x0000012b4eb993a0, 0x0000012b4eb99870,
0x0000012b4eb9d230, 0x0000012b4eb9a210, 0x0000012b4eb9e0a0, 0x0000012b4eb98ed0,
0x0000012b4eb99d40, 0x0000012b4eb9b080, 0x0000012b4eb9a6e0, 0x0000012b4eb9ba20,
0x0000012b4eb9f3e0, 0x0000012b4eb9dbd0, 0x0000012b4eb9bef0, 0x0000012b4eb9f8b0,
0x0000012b4eb9c3c0, 0x0000012b4eb9c890, 0x0000012b4eb9ef10, 0x0000012b4eb9b550
}

Java Threads: ( => current thread )
  0x0000012b47a0b5d0 JavaThread "Reference Handler" daemon [_thread_blocked, id=14992, stack(0x0000002326e00000,0x0000002326f00000)]
  0x0000012b47a0bf70 JavaThread "Finalizer" daemon [_thread_blocked, id=4596, stack(0x0000002326f00000,0x0000002327000000)]
  0x0000012b47a24000 JavaThread "Signal Dispatcher" daemon [_thread_blocked, id=16324, stack(0x0000002327000000,0x0000002327100000)]
  0x0000012b47a249a0 JavaThread "Attach Listener" daemon [_thread_blocked, id=17888, stack(0x0000002327100000,0x0000002327200000)]
  0x0000012b47a25ae0 JavaThread "Service Thread" daemon [_thread_blocked, id=13704, stack(0x0000002327200000,0x0000002327300000)]
  0x0000012b47a2adc0 JavaThread "Monitor Deflation Thread" daemon [_thread_blocked, id=19440, stack(0x0000002327300000,0x0000002327400000)]
=>0x0000012b47a31fe0 JavaThread "C2 CompilerThread0" daemon [_thread_in_native, id=8052, stack(0x0000002327400000,0x0000002327500000)]
  0x0000012b47a5cd90 JavaThread "C1 CompilerThread0" daemon [_thread_blocked, id=10968, stack(0x0000002327500000,0x0000002327600000)]
  0x0000012b47a5ea80 JavaThread "Sweeper thread" daemon [_thread_blocked, id=19476, stack(0x0000002327600000,0x0000002327700000)]
  0x0000012b4e230eb0 JavaThread "Common-Cleaner" daemon [_thread_blocked, id=18088, stack(0x0000002327700000,0x0000002327800000)]
  0x0000012b4e306470 JavaThread "Monitor Ctrl-Break" daemon [_thread_in_native, id=13112, stack(0x0000002327800000,0x0000002327900000)]
  0x0000012b4e81f030 JavaThread "Notification Thread" daemon [_thread_blocked, id=1244, stack(0x0000002327900000,0x0000002327a00000)]
  0x0000012b4f914b50 JavaThread "pool-1-thread-1" [_thread_blocked, id=19304, stack(0x0000002328000000,0x0000002328100000)]
  0x0000012b51ad3570 JavaThread "spring.cloud.inetutils" daemon [_thread_blocked, id=3224, stack(0x0000002328200000,0x0000002328300000)]
  0x0000012b51ad3a40 JavaThread "Catalina-utility-1" [_thread_blocked, id=18608, stack(0x0000002328300000,0x0000002328400000)]
  0x0000012b51ad0080 JavaThread "Catalina-utility-2" [_thread_blocked, id=16984, stack(0x0000002328400000,0x0000002328500000)]
  0x0000012b51ad2230 JavaThread "container-0" [_thread_blocked, id=14220, stack(0x0000002328500000,0x0000002328600000)]
  0x0000012b51ad2700 JavaThread "Apache-HttpClient-Conn-Cleaner2" daemon [_thread_blocked, id=8464, stack(0x0000002328600000,0x0000002328700000)]
  0x0000012b51ad2bd0 JavaThread "AsyncResolver-bootstrap-0" daemon [_thread_blocked, id=10896, stack(0x0000002328700000,0x0000002328800000)]
  0x0000012b51ad0550 JavaThread "DiscoveryClient-0" daemon [_thread_blocked, id=9556, stack(0x0000002328800000,0x0000002328900000)]
  0x0000012b51ad0a20 JavaThread "DiscoveryClient-1" daemon [_thread_blocked, id=19400, stack(0x0000002328900000,0x0000002328a00000)]
  0x0000012b51ad0ef0 JavaThread "DiscoveryClient-InstanceInfoReplicator-0" daemon [_thread_blocked, id=13928, stack(0x0000002328a00000,0x0000002328b00000)]
  0x0000012b51ad13c0 JavaThread "Eureka-DeltaRetentionTimer" daemon [_thread_blocked, id=20300, stack(0x0000002328b00000,0x0000002328c00000)]
  0x0000012b51ad1890 JavaThread "Eureka-EvictionTimer" daemon [_thread_blocked, id=18928, stack(0x0000002328c00000,0x0000002328d00000)]
  0x0000012b51ad30a0 JavaThread "Eureka-MeasureRateTimer" daemon [_thread_blocked, id=4732, stack(0x0000002328d00000,0x0000002328e00000)]
  0x0000012b51576cb0 JavaThread "ReplicaAwareInstanceRegistry - RenewalThresholdUpdater" daemon [_thread_blocked, id=12336, stack(0x0000002328e00000,0x0000002328f00000)]
  0x0000012b5157b9b0 JavaThread "Eureka-MeasureRateTimer" daemon [_thread_blocked, id=13052, stack(0x0000002328f00000,0x0000002329000000)]
  0x0000012b51577180 JavaThread "Apache-HttpClient-Conn-Cleaner2" daemon [_thread_blocked, id=15560, stack(0x0000002329000000,0x0000002329100000)]
  0x0000012b51574fd0 JavaThread "TaskAcceptor-target_eurekaserver2" daemon [_thread_blocked, id=19272, stack(0x0000002329100000,0x0000002329200000)]
  0x0000012b51579cd0 JavaThread "StatsMonitor-0" daemon [_thread_blocked, id=18872, stack(0x0000002329200000,0x0000002329300000)]
  0x0000012b5157a670 JavaThread "TaskBatchingWorker-target_eurekaserver2-0" daemon [_thread_blocked, id=14400, stack(0x0000002329300000,0x0000002329400000)]
  0x0000012b51577650 JavaThread "TaskBatchingWorker-target_eurekaserver2-1" daemon [_thread_blocked, id=19260, stack(0x0000002329400000,0x0000002329500000)]
  0x0000012b51577b20 JavaThread "TaskBatchingWorker-target_eurekaserver2-2" daemon [_thread_blocked, id=18632, stack(0x0000002329500000,0x0000002329600000)]
  0x0000012b515754a0 JavaThread "TaskBatchingWorker-target_eurekaserver2-3" daemon [_thread_blocked, id=17620, stack(0x0000002329600000,0x0000002329700000)]
  0x0000012b5157c820 JavaThread "TaskBatchingWorker-target_eurekaserver2-4" daemon [_thread_blocked, id=14392, stack(0x0000002329700000,0x0000002329800000)]
  0x0000012b51577ff0 JavaThread "TaskBatchingWorker-target_eurekaserver2-5" daemon [_thread_blocked, id=724, stack(0x0000002329800000,0x0000002329900000)]
  0x0000012b5157a1a0 JavaThread "TaskBatchingWorker-target_eurekaserver2-6" daemon [_thread_blocked, id=16464, stack(0x0000002329900000,0x0000002329a00000)]
  0x0000012b51579330 JavaThread "TaskBatchingWorker-target_eurekaserver2-7" daemon [_thread_blocked, id=19636, stack(0x0000002329a00000,0x0000002329b00000)]
  0x0000012b5157b4e0 JavaThread "TaskBatchingWorker-target_eurekaserver2-8" daemon [_thread_blocked, id=8856, stack(0x0000002329b00000,0x0000002329c00000)]
  0x0000012b51578990 JavaThread "TaskBatchingWorker-target_eurekaserver2-9" daemon [_thread_blocked, id=14836, stack(0x0000002329c00000,0x0000002329d00000)]
  0x0000012b5157b010 JavaThread "TaskBatchingWorker-target_eurekaserver2-10" daemon [_thread_blocked, id=15088, stack(0x0000002329d00000,0x0000002329e00000)]
  0x0000012b5157ab40 JavaThread "TaskBatchingWorker-target_eurekaserver2-11" daemon [_thread_blocked, id=19144, stack(0x0000002329e00000,0x0000002329f00000)]
  0x0000012b51575970 JavaThread "TaskBatchingWorker-target_eurekaserver2-12" daemon [_thread_blocked, id=11728, stack(0x0000002329f00000,0x000000232a000000)]
  0x0000012b515784c0 JavaThread "TaskBatchingWorker-target_eurekaserver2-13" daemon [_thread_blocked, id=18700, stack(0x000000232a000000,0x000000232a100000)]
  0x0000012b51575e40 JavaThread "TaskBatchingWorker-target_eurekaserver2-14" daemon [_thread_blocked, id=12008, stack(0x000000232a100000,0x000000232a200000)]
  0x0000012b51579800 JavaThread "TaskBatchingWorker-target_eurekaserver2-15" daemon [_thread_blocked, id=17688, stack(0x000000232a200000,0x000000232a300000)]
  0x0000012b5157be80 JavaThread "TaskBatchingWorker-target_eurekaserver2-16" daemon [_thread_blocked, id=1964, stack(0x000000232a300000,0x000000232a400000)]
  0x0000012b5157c350 JavaThread "TaskBatchingWorker-target_eurekaserver2-17" daemon [_thread_blocked, id=11548, stack(0x000000232a400000,0x000000232a500000)]
  0x0000012b51576310 JavaThread "TaskBatchingWorker-target_eurekaserver2-18" daemon [_thread_blocked, id=10720, stack(0x000000232a500000,0x000000232a600000)]
  0x0000012b51578e60 JavaThread "TaskBatchingWorker-target_eurekaserver2-19" daemon [_thread_blocked, id=9572, stack(0x000000232a600000,0x000000232a700000)]
  0x0000012b515767e0 JavaThread "TaskAcceptor-eurekaserver2" daemon [_thread_blocked, id=14428, stack(0x000000232a700000,0x000000232a800000)]
  0x0000012b4eb9ea40 JavaThread "TaskNonBatchingWorker-eurekaserver2-0" daemon [_thread_blocked, id=13816, stack(0x000000232a800000,0x000000232a900000)]
  0x0000012b4eb98530 JavaThread "Eureka-PeerNodesUpdater" daemon [_thread_blocked, id=15776, stack(0x000000232a900000,0x000000232aa00000)]
  0x0000012b4eb9abb0 JavaThread "Eureka-CacheFillTimer" daemon [_thread_blocked, id=18428, stack(0x000000232aa00000,0x000000232ab00000)]
  0x0000012b4eb993a0 JavaThread "http-nio-8761-exec-1" daemon [_thread_blocked, id=11864, stack(0x000000232ac00000,0x000000232ad00000)]
  0x0000012b4eb99870 JavaThread "http-nio-8761-exec-2" daemon [_thread_blocked, id=8920, stack(0x000000232ad00000,0x000000232ae00000)]
  0x0000012b4eb9d230 JavaThread "http-nio-8761-exec-3" daemon [_thread_blocked, id=10616, stack(0x000000232ae00000,0x000000232af00000)]
  0x0000012b4eb9a210 JavaThread "http-nio-8761-exec-4" daemon [_thread_blocked, id=16344, stack(0x000000232af00000,0x000000232b000000)]
  0x0000012b4eb9e0a0 JavaThread "http-nio-8761-exec-5" daemon [_thread_blocked, id=19912, stack(0x000000232b000000,0x000000232b100000)]
  0x0000012b4eb98ed0 JavaThread "http-nio-8761-exec-6" daemon [_thread_blocked, id=17840, stack(0x000000232b100000,0x000000232b200000)]
  0x0000012b4eb99d40 JavaThread "http-nio-8761-exec-7" daemon [_thread_blocked, id=19428, stack(0x000000232b200000,0x000000232b300000)]
  0x0000012b4eb9b080 JavaThread "http-nio-8761-exec-8" daemon [_thread_blocked, id=18064, stack(0x000000232b300000,0x000000232b400000)]
  0x0000012b4eb9a6e0 JavaThread "http-nio-8761-exec-9" daemon [_thread_blocked, id=1012, stack(0x000000232b400000,0x000000232b500000)]
  0x0000012b4eb9ba20 JavaThread "http-nio-8761-exec-10" daemon [_thread_blocked, id=19776, stack(0x000000232b500000,0x000000232b600000)]
  0x0000012b4eb9f3e0 JavaThread "http-nio-8761-Poller" daemon [_thread_in_native, id=16268, stack(0x000000232b600000,0x000000232b700000)]
  0x0000012b4eb9dbd0 JavaThread "http-nio-8761-Acceptor" daemon [_thread_in_native, id=14808, stack(0x000000232b700000,0x000000232b800000)]
  0x0000012b4eb9bef0 JavaThread "DestroyJavaVM" [_thread_blocked, id=18140, stack(0x0000002326700000,0x0000002326800000)]
  0x0000012b4eb9f8b0 JavaThread "AsyncReporter{RestTemplateSender{http://localhost:9411/api/v2/spans}}" daemon [_thread_blocked, id=15944, stack(0x0000002327b00000,0x0000002327c00000)]
  0x0000012b4eb9c3c0 JavaThread "DiscoveryClient-HeartbeatExecutor-0" daemon [_thread_blocked, id=18548, stack(0x000000232ba00000,0x000000232bb00000)]
  0x0000012b4eb9c890 JavaThread "DiscoveryClient-CacheRefreshExecutor-0" daemon [_thread_blocked, id=20004, stack(0x000000232bb00000,0x000000232bc00000)]
  0x0000012b4eb9ef10 JavaThread "AsyncResolver-bootstrap-executor-0" daemon [_thread_blocked, id=4492, stack(0x0000002326600000,0x0000002326700000)]
  0x0000012b4eb9b550 JavaThread "Keep-Alive-Timer" daemon [_thread_blocked, id=3184, stack(0x0000002326400000,0x0000002326500000)]

Other Threads:
  0x0000012b47a03f80 VMThread "VM Thread" [stack: 0x0000002326d00000,0x0000002326e00000] [id=17332]
  0x0000012b2c399d60 WatcherThread "VM Periodic Task Thread" [stack: 0x0000002327a00000,0x0000002327b00000] [id=11736]
  0x0000012b478808a0 WorkerThread "GC Thread#0" [stack: 0x0000002326800000,0x0000002326900000] [id=5132]
  0x0000012b4e883ec0 WorkerThread "GC Thread#1" [stack: 0x0000002327c00000,0x0000002327d00000] [id=5340]
  0x0000012b4e8e0920 WorkerThread "GC Thread#2" [stack: 0x0000002327d00000,0x0000002327e00000] [id=18804]
  0x0000012b4e90c7d0 WorkerThread "GC Thread#3" [stack: 0x0000002327e00000,0x0000002327f00000] [id=16076]
  0x0000012b2a2be8c0 ConcurrentGCThread "G1 Main Marker" [stack: 0x0000002326900000,0x0000002326a00000] [id=18112]
  0x0000012b2c3e3fe0 WorkerThread "G1 Conc#0" [stack: 0x0000002326a00000,0x0000002326b00000] [id=19316]
  0x0000012b478b4ec0 ConcurrentGCThread "G1 Refine#0" [stack: 0x0000002326b00000,0x0000002326c00000] [id=19432]
  0x0000012b4e901b70 ConcurrentGCThread "G1 Refine#1" [stack: 0x0000002327f00000,0x0000002328000000] [id=17832]
  0x0000012b478b6680 ConcurrentGCThread "G1 Service" [stack: 0x0000002326c00000,0x0000002326d00000] [id=17696]

Threads with active compile tasks:
C2 CompilerThread0   751015 9979       4       java.util.concurrent.locks.AbstractQueuedSynchronizer$ConditionObject::awaitNanos (200 bytes)

VM state: not at safepoint (normal execution)

VM Mutex/Monitor currently owned by a thread: None

Heap address: 0x0000000080200000, size: 2046 MB, Compressed Oops mode: 32-bit

CDS archive(s) mapped at: [0x0000000800000000-0x0000000800ba0000-0x0000000800ba0000), size 12189696, SharedBaseAddress: 0x0000000800000000, ArchiveRelocationMode: 0.
Compressed class space mapped at: 0x0000000800c00000-0x0000000840c00000, reserved size: 1073741824
Narrow klass base: 0x0000000800000000, Narrow klass shift: 0, Narrow klass range: 0x100000000

GC Precious Log:
 CardTable entry size: 512
 Card Set container configuration: InlinePtr #cards 5 size 8 Array Of Cards #cards 12 size 40 Howl #buckets 4 coarsen threshold 1843 Howl Bitmap #cards 512 size 80 coarsen threshold 460 Card regions per heap region 1 cards per card region 2048
 CPUs: 4 total, 4 available
 Memory: 8183M
 Large Page Support: Disabled
 NUMA Support: Disabled
 Compressed Oops: Enabled (32-bit)
 Heap Region Size: 1M
 Heap Min Capacity: 8M
 Heap Initial Capacity: 128M
 Heap Max Capacity: 2046M
 Pre-touch: Disabled
 Parallel Workers: 4
 Concurrent Workers: 1
 Concurrent Refinement Workers: 4
 Periodic GC: Disabled

Heap:
 garbage-first heap   total 125952K, used 93263K [0x0000000080200000, 0x0000000100000000)
  region size 1024K, 54 young (55296K), 1 survivors (1024K)
 Metaspace       used 62293K, committed 62912K, reserved 1114112K
  class space    used 7779K, committed 8064K, reserved 1048576K

Heap Regions: E=young(eden), S=young(survivor), O=old, HS=humongous(starts), HC=humongous(continues), CS=collection set, F=free, OA=open archive, CA=closed archive, TAMS=top-at-mark-start (previous, next)
|   0|0x0000000080200000, 0x0000000080300000, 0x0000000080300000|100%| O|  |TAMS 0x0000000080300000, 0x0000000080200000| Untracked 
|   1|0x0000000080300000, 0x0000000080400000, 0x0000000080400000|100%| O|  |TAMS 0x0000000080400000, 0x0000000080300000| Untracked 
|   2|0x0000000080400000, 0x0000000080500000, 0x0000000080500000|100%| O|  |TAMS 0x0000000080500000, 0x0000000080400000| Untracked 
|   3|0x0000000080500000, 0x0000000080600000, 0x0000000080600000|100%| O|  |TAMS 0x0000000080600000, 0x0000000080500000| Untracked 
|   4|0x0000000080600000, 0x0000000080700000, 0x0000000080700000|100%| O|  |TAMS 0x0000000080700000, 0x0000000080600000| Untracked 
|   5|0x0000000080700000, 0x0000000080800000, 0x0000000080800000|100%| O|  |TAMS 0x0000000080800000, 0x0000000080700000| Untracked 
|   6|0x0000000080800000, 0x00000000808ea600, 0x0000000080900000| 91%| O|  |TAMS 0x00000000808ea600, 0x0000000080800000| Untracked 
|   7|0x0000000080900000, 0x0000000080a00000, 0x0000000080a00000|100%| O|  |TAMS 0x0000000080a00000, 0x0000000080900000| Untracked 
|   8|0x0000000080a00000, 0x0000000080b00000, 0x0000000080b00000|100%| O|  |TAMS 0x0000000080b00000, 0x0000000080a00000| Untracked 
|   9|0x0000000080b00000, 0x0000000080b00000, 0x0000000080c00000|  0%| F|  |TAMS 0x0000000080b00000, 0x0000000080b00000| Untracked 
|  10|0x0000000080c00000, 0x0000000080d00000, 0x0000000080d00000|100%| O|  |TAMS 0x0000000080d00000, 0x0000000080c00000| Untracked 
|  11|0x0000000080d00000, 0x0000000080e00000, 0x0000000080e00000|100%| O|  |TAMS 0x0000000080e00000, 0x0000000080d00000| Untracked 
|  12|0x0000000080e00000, 0x0000000080f00000, 0x0000000080f00000|100%| O|  |TAMS 0x0000000080f00000, 0x0000000080e00000| Untracked 
|  13|0x0000000080f00000, 0x0000000081000000, 0x0000000081000000|100%| O|  |TAMS 0x0000000081000000, 0x0000000080f00000| Untracked 
|  14|0x0000000081000000, 0x0000000081100000, 0x0000000081100000|100%| O|  |TAMS 0x0000000081100000, 0x0000000081000000| Untracked 
|  15|0x0000000081100000, 0x0000000081200000, 0x0000000081200000|100%| O|  |TAMS 0x0000000081200000, 0x0000000081100000| Untracked 
|  16|0x0000000081200000, 0x0000000081300000, 0x0000000081300000|100%| O|  |TAMS 0x0000000081300000, 0x0000000081200000| Untracked 
|  17|0x0000000081300000, 0x0000000081400000, 0x0000000081400000|100%| O|  |TAMS 0x0000000081400000, 0x0000000081300000| Untracked 
|  18|0x0000000081400000, 0x0000000081500000, 0x0000000081500000|100%| O|  |TAMS 0x0000000081500000, 0x0000000081400000| Untracked 
|  19|0x0000000081500000, 0x0000000081600000, 0x0000000081600000|100%| O|  |TAMS 0x0000000081600000, 0x0000000081500000| Untracked 
|  20|0x0000000081600000, 0x0000000081700000, 0x0000000081700000|100%| O|  |TAMS 0x0000000081700000, 0x0000000081600000| Untracked 
|  21|0x0000000081700000, 0x0000000081800000, 0x0000000081800000|100%| O|  |TAMS 0x0000000081800000, 0x0000000081700000| Untracked 
|  22|0x0000000081800000, 0x0000000081900000, 0x0000000081900000|100%| O|  |TAMS 0x0000000081900000, 0x0000000081800000| Untracked 
|  23|0x0000000081900000, 0x0000000081a00000, 0x0000000081a00000|100%| O|  |TAMS 0x0000000081a00000, 0x0000000081900000| Untracked 
|  24|0x0000000081a00000, 0x0000000081b00000, 0x0000000081b00000|100%| O|  |TAMS 0x0000000081b00000, 0x0000000081a00000| Untracked 
|  25|0x0000000081b00000, 0x0000000081c00000, 0x0000000081c00000|100%| O|  |TAMS 0x0000000081c00000, 0x0000000081b00000| Untracked 
|  26|0x0000000081c00000, 0x0000000081d00000, 0x0000000081d00000|100%| O|  |TAMS 0x0000000081d00000, 0x0000000081c00000| Untracked 
|  27|0x0000000081d00000, 0x0000000081e00000, 0x0000000081e00000|100%| O|  |TAMS 0x0000000081e00000, 0x0000000081d00000| Untracked 
|  28|0x0000000081e00000, 0x0000000081f00000, 0x0000000081f00000|100%| O|  |TAMS 0x0000000081f00000, 0x0000000081e00000| Untracked 
|  29|0x0000000081f00000, 0x0000000082000000, 0x0000000082000000|100%| O|  |TAMS 0x0000000082000000, 0x0000000081f00000| Untracked 
|  30|0x0000000082000000, 0x0000000082100000, 0x0000000082100000|100%| O|  |TAMS 0x0000000082100000, 0x0000000082000000| Untracked 
|  31|0x0000000082100000, 0x0000000082200000, 0x0000000082200000|100%| O|  |TAMS 0x0000000082200000, 0x0000000082100000| Untracked 
|  32|0x0000000082200000, 0x0000000082300000, 0x0000000082300000|100%| O|  |TAMS 0x0000000082300000, 0x0000000082200000| Untracked 
|  33|0x0000000082300000, 0x0000000082400000, 0x0000000082400000|100%| O|  |TAMS 0x0000000082400000, 0x0000000082300000| Untracked 
|  34|0x0000000082400000, 0x0000000082500000, 0x0000000082500000|100%| O|  |TAMS 0x0000000082485400, 0x0000000082400000| Untracked 
|  35|0x0000000082500000, 0x0000000082600000, 0x0000000082600000|100%| O|  |TAMS 0x0000000082500000, 0x0000000082500000| Untracked 
|  36|0x0000000082600000, 0x0000000082700000, 0x0000000082700000|100%| O|  |TAMS 0x0000000082600000, 0x0000000082600000| Untracked 
|  37|0x0000000082700000, 0x0000000082800000, 0x0000000082800000|100%| O|  |TAMS 0x0000000082700000, 0x0000000082700000| Untracked 
|  38|0x0000000082800000, 0x0000000082900000, 0x0000000082900000|100%| O|  |TAMS 0x0000000082800000, 0x0000000082800000| Untracked 
|  39|0x0000000082900000, 0x0000000082a00000, 0x0000000082a00000|100%| O|  |TAMS 0x0000000082900000, 0x0000000082900000| Untracked 
|  40|0x0000000082a00000, 0x0000000082a95a00, 0x0000000082b00000| 58%| O|  |TAMS 0x0000000082a00000, 0x0000000082a00000| Untracked 
|  41|0x0000000082b00000, 0x0000000082b00000, 0x0000000082c00000|  0%| F|  |TAMS 0x0000000082b00000, 0x0000000082b00000| Untracked 
|  42|0x0000000082c00000, 0x0000000082c00000, 0x0000000082d00000|  0%| F|  |TAMS 0x0000000082c00000, 0x0000000082c00000| Untracked 
|  43|0x0000000082d00000, 0x0000000082d00000, 0x0000000082e00000|  0%| F|  |TAMS 0x0000000082d00000, 0x0000000082d00000| Untracked 
|  44|0x0000000082e00000, 0x0000000082e00000, 0x0000000082f00000|  0%| F|  |TAMS 0x0000000082e00000, 0x0000000082e00000| Untracked 
|  45|0x0000000082f00000, 0x0000000082f00000, 0x0000000083000000|  0%| F|  |TAMS 0x0000000082f00000, 0x0000000082f00000| Untracked 
|  46|0x0000000083000000, 0x0000000083000000, 0x0000000083100000|  0%| F|  |TAMS 0x0000000083000000, 0x0000000083000000| Untracked 
|  47|0x0000000083100000, 0x0000000083100000, 0x0000000083200000|  0%| F|  |TAMS 0x0000000083100000, 0x0000000083100000| Untracked 
|  48|0x0000000083200000, 0x0000000083200000, 0x0000000083300000|  0%| F|  |TAMS 0x0000000083200000, 0x0000000083200000| Untracked 
|  49|0x0000000083300000, 0x0000000083300000, 0x0000000083400000|  0%| F|  |TAMS 0x0000000083300000, 0x0000000083300000| Untracked 
|  50|0x0000000083400000, 0x0000000083400000, 0x0000000083500000|  0%| F|  |TAMS 0x0000000083400000, 0x0000000083400000| Untracked 
|  51|0x0000000083500000, 0x0000000083500000, 0x0000000083600000|  0%| F|  |TAMS 0x0000000083500000, 0x0000000083500000| Untracked 
|  52|0x0000000083600000, 0x0000000083600000, 0x0000000083700000|  0%| F|  |TAMS 0x0000000083600000, 0x0000000083600000| Untracked 
|  53|0x0000000083700000, 0x0000000083700000, 0x0000000083800000|  0%| F|  |TAMS 0x0000000083700000, 0x0000000083700000| Untracked 
|  54|0x0000000083800000, 0x0000000083800000, 0x0000000083900000|  0%| F|  |TAMS 0x0000000083800000, 0x0000000083800000| Untracked 
|  55|0x0000000083900000, 0x0000000083900000, 0x0000000083a00000|  0%| F|  |TAMS 0x0000000083900000, 0x0000000083900000| Untracked 
|  56|0x0000000083a00000, 0x0000000083a00000, 0x0000000083b00000|  0%| F|  |TAMS 0x0000000083a00000, 0x0000000083a00000| Untracked 
|  57|0x0000000083b00000, 0x0000000083b00000, 0x0000000083c00000|  0%| F|  |TAMS 0x0000000083b00000, 0x0000000083b00000| Untracked 
|  58|0x0000000083c00000, 0x0000000083c00000, 0x0000000083d00000|  0%| F|  |TAMS 0x0000000083c00000, 0x0000000083c00000| Untracked 
|  59|0x0000000083d00000, 0x0000000083d00000, 0x0000000083e00000|  0%| F|  |TAMS 0x0000000083d00000, 0x0000000083d00000| Untracked 
|  60|0x0000000083e00000, 0x0000000083e00000, 0x0000000083f00000|  0%| F|  |TAMS 0x0000000083e00000, 0x0000000083e00000| Untracked 
|  61|0x0000000083f00000, 0x0000000083f00000, 0x0000000084000000|  0%| F|  |TAMS 0x0000000083f00000, 0x0000000083f00000| Untracked 
|  62|0x0000000084000000, 0x0000000084000000, 0x0000000084100000|  0%| F|  |TAMS 0x0000000084000000, 0x0000000084000000| Untracked 
|  63|0x0000000084100000, 0x0000000084100000, 0x0000000084200000|  0%| F|  |TAMS 0x0000000084100000, 0x0000000084100000| Untracked 
|  64|0x0000000084200000, 0x0000000084200000, 0x0000000084300000|  0%| F|  |TAMS 0x0000000084200000, 0x0000000084200000| Untracked 
|  65|0x0000000084300000, 0x0000000084300000, 0x0000000084400000|  0%| F|  |TAMS 0x0000000084300000, 0x0000000084300000| Untracked 
|  66|0x0000000084400000, 0x0000000084400000, 0x0000000084500000|  0%| F|  |TAMS 0x0000000084400000, 0x0000000084400000| Untracked 
|  67|0x0000000084500000, 0x0000000084500000, 0x0000000084600000|  0%| F|  |TAMS 0x0000000084500000, 0x0000000084500000| Untracked 
|  68|0x0000000084600000, 0x0000000084600000, 0x0000000084700000|  0%| F|  |TAMS 0x0000000084600000, 0x0000000084600000| Untracked 
|  69|0x0000000084700000, 0x0000000084737960, 0x0000000084800000| 21%| E|  |TAMS 0x0000000084700000, 0x0000000084700000| Complete 
|  70|0x0000000084800000, 0x0000000084900000, 0x0000000084900000|100%| E|CS|TAMS 0x0000000084800000, 0x0000000084800000| Complete 
|  71|0x0000000084900000, 0x0000000084a00000, 0x0000000084a00000|100%| E|CS|TAMS 0x0000000084900000, 0x0000000084900000| Complete 
|  72|0x0000000084a00000, 0x0000000084b00000, 0x0000000084b00000|100%| E|CS|TAMS 0x0000000084a00000, 0x0000000084a00000| Complete 
|  73|0x0000000084b00000, 0x0000000084c00000, 0x0000000084c00000|100%| E|  |TAMS 0x0000000084b00000, 0x0000000084b00000| Complete 
|  74|0x0000000084c00000, 0x0000000084d00000, 0x0000000084d00000|100%| E|CS|TAMS 0x0000000084c00000, 0x0000000084c00000| Complete 
|  75|0x0000000084d00000, 0x0000000084e00000, 0x0000000084e00000|100%| E|CS|TAMS 0x0000000084d00000, 0x0000000084d00000| Complete 
|  76|0x0000000084e00000, 0x0000000084f00000, 0x0000000084f00000|100%| E|CS|TAMS 0x0000000084e00000, 0x0000000084e00000| Complete 
|  77|0x0000000084f00000, 0x0000000085000000, 0x0000000085000000|100%| E|CS|TAMS 0x0000000084f00000, 0x0000000084f00000| Complete 
|  78|0x0000000085000000, 0x0000000085100000, 0x0000000085100000|100%| E|CS|TAMS 0x0000000085000000, 0x0000000085000000| Complete 
|  79|0x0000000085100000, 0x0000000085200000, 0x0000000085200000|100%| E|CS|TAMS 0x0000000085100000, 0x0000000085100000| Complete 
|  80|0x0000000085200000, 0x0000000085300000, 0x0000000085300000|100%| E|CS|TAMS 0x0000000085200000, 0x0000000085200000| Complete 
|  81|0x0000000085300000, 0x0000000085400000, 0x0000000085400000|100%| E|CS|TAMS 0x0000000085300000, 0x0000000085300000| Complete 
|  82|0x0000000085400000, 0x0000000085500000, 0x0000000085500000|100%| E|CS|TAMS 0x0000000085400000, 0x0000000085400000| Complete 
|  83|0x0000000085500000, 0x0000000085600000, 0x0000000085600000|100%| E|CS|TAMS 0x0000000085500000, 0x0000000085500000| Complete 
|  84|0x0000000085600000, 0x0000000085700000, 0x0000000085700000|100%| E|CS|TAMS 0x0000000085600000, 0x0000000085600000| Complete 
|  85|0x0000000085700000, 0x0000000085800000, 0x0000000085800000|100%| E|CS|TAMS 0x0000000085700000, 0x0000000085700000| Complete 
|  86|0x0000000085800000, 0x0000000085900000, 0x0000000085900000|100%| E|CS|TAMS 0x0000000085800000, 0x0000000085800000| Complete 
|  87|0x0000000085900000, 0x0000000085a00000, 0x0000000085a00000|100%| E|CS|TAMS 0x0000000085900000, 0x0000000085900000| Complete 
|  88|0x0000000085a00000, 0x0000000085b00000, 0x0000000085b00000|100%| E|CS|TAMS 0x0000000085a00000, 0x0000000085a00000| Complete 
|  89|0x0000000085b00000, 0x0000000085c00000, 0x0000000085c00000|100%| E|CS|TAMS 0x0000000085b00000, 0x0000000085b00000| Complete 
|  90|0x0000000085c00000, 0x0000000085d00000, 0x0000000085d00000|100%| E|CS|TAMS 0x0000000085c00000, 0x0000000085c00000| Complete 
|  91|0x0000000085d00000, 0x0000000085e00000, 0x0000000085e00000|100%| E|CS|TAMS 0x0000000085d00000, 0x0000000085d00000| Complete 
|  92|0x0000000085e00000, 0x0000000085f00000, 0x0000000085f00000|100%| E|CS|TAMS 0x0000000085e00000, 0x0000000085e00000| Complete 
|  93|0x0000000085f00000, 0x0000000086000000, 0x0000000086000000|100%| E|CS|TAMS 0x0000000085f00000, 0x0000000085f00000| Complete 
|  94|0x0000000086000000, 0x0000000086100000, 0x0000000086100000|100%| E|CS|TAMS 0x0000000086000000, 0x0000000086000000| Complete 
|  95|0x0000000086100000, 0x0000000086200000, 0x0000000086200000|100%| E|CS|TAMS 0x0000000086100000, 0x0000000086100000| Complete 
|  96|0x0000000086200000, 0x0000000086300000, 0x0000000086300000|100%| E|CS|TAMS 0x0000000086200000, 0x0000000086200000| Complete 
|  97|0x0000000086300000, 0x0000000086400000, 0x0000000086400000|100%| E|CS|TAMS 0x0000000086300000, 0x0000000086300000| Complete 
|  98|0x0000000086400000, 0x0000000086500000, 0x0000000086500000|100%| E|CS|TAMS 0x0000000086400000, 0x0000000086400000| Complete 
|  99|0x0000000086500000, 0x0000000086600000, 0x0000000086600000|100%| E|CS|TAMS 0x0000000086500000, 0x0000000086500000| Complete 
| 100|0x0000000086600000, 0x0000000086700000, 0x0000000086700000|100%| E|CS|TAMS 0x0000000086600000, 0x0000000086600000| Complete 
| 101|0x0000000086700000, 0x0000000086800000, 0x0000000086800000|100%| E|CS|TAMS 0x0000000086700000, 0x0000000086700000| Complete 
| 102|0x0000000086800000, 0x0000000086900000, 0x0000000086900000|100%| E|CS|TAMS 0x0000000086800000, 0x0000000086800000| Complete 
| 103|0x0000000086900000, 0x0000000086a00000, 0x0000000086a00000|100%| E|CS|TAMS 0x0000000086900000, 0x0000000086900000| Complete 
| 104|0x0000000086a00000, 0x0000000086b00000, 0x0000000086b00000|100%| E|CS|TAMS 0x0000000086a00000, 0x0000000086a00000| Complete 
| 105|0x0000000086b00000, 0x0000000086c00000, 0x0000000086c00000|100%| E|CS|TAMS 0x0000000086b00000, 0x0000000086b00000| Complete 
| 106|0x0000000086c00000, 0x0000000086d00000, 0x0000000086d00000|100%| E|CS|TAMS 0x0000000086c00000, 0x0000000086c00000| Complete 
| 107|0x0000000086d00000, 0x0000000086e00000, 0x0000000086e00000|100%| E|CS|TAMS 0x0000000086d00000, 0x0000000086d00000| Complete 
| 108|0x0000000086e00000, 0x0000000086f00000, 0x0000000086f00000|100%| E|CS|TAMS 0x0000000086e00000, 0x0000000086e00000| Complete 
| 109|0x0000000086f00000, 0x0000000087000000, 0x0000000087000000|100%| E|CS|TAMS 0x0000000086f00000, 0x0000000086f00000| Complete 
| 110|0x0000000087000000, 0x0000000087100000, 0x0000000087100000|100%| E|CS|TAMS 0x0000000087000000, 0x0000000087000000| Complete 
| 111|0x0000000087100000, 0x0000000087200000, 0x0000000087200000|100%| E|CS|TAMS 0x0000000087100000, 0x0000000087100000| Complete 
| 112|0x0000000087200000, 0x0000000087300000, 0x0000000087300000|100%| E|CS|TAMS 0x0000000087200000, 0x0000000087200000| Complete 
| 113|0x0000000087300000, 0x0000000087400000, 0x0000000087400000|100%| E|CS|TAMS 0x0000000087300000, 0x0000000087300000| Complete 
| 114|0x0000000087400000, 0x0000000087500000, 0x0000000087500000|100%| E|CS|TAMS 0x0000000087400000, 0x0000000087400000| Complete 
| 115|0x0000000087500000, 0x0000000087600000, 0x0000000087600000|100%| E|CS|TAMS 0x0000000087500000, 0x0000000087500000| Complete 
| 116|0x0000000087600000, 0x0000000087700000, 0x0000000087700000|100%| E|CS|TAMS 0x0000000087600000, 0x0000000087600000| Complete 
| 117|0x0000000087700000, 0x0000000087800000, 0x0000000087800000|100%| E|CS|TAMS 0x0000000087700000, 0x0000000087700000| Complete 
| 118|0x0000000087800000, 0x0000000087900000, 0x0000000087900000|100%| E|CS|TAMS 0x0000000087800000, 0x0000000087800000| Complete 
| 119|0x0000000087900000, 0x0000000087a00000, 0x0000000087a00000|100%| E|CS|TAMS 0x0000000087900000, 0x0000000087900000| Complete 
| 120|0x0000000087a00000, 0x0000000087a93fa0, 0x0000000087b00000| 57%| S|CS|TAMS 0x0000000087a00000, 0x0000000087a00000| Complete 
| 121|0x0000000087b00000, 0x0000000087c00000, 0x0000000087c00000|100%| E|CS|TAMS 0x0000000087b00000, 0x0000000087b00000| Complete 
| 127|0x0000000088100000, 0x0000000088200000, 0x0000000088200000|100%| E|CS|TAMS 0x0000000088100000, 0x0000000088100000| Complete 

Card table byte_map: [0x0000012b43060000,0x0000012b43460000] _byte_map_base: 0x0000012b42c5f000

Marking Bits (Prev, Next): (CMBitMap*) 0x0000012b2a2be000, (CMBitMap*) 0x0000012b2a2bdfc0
 Prev Bits: [0x0000012b45860000, 0x0000012b47858000)
 Next Bits: [0x0000012b43860000, 0x0000012b45858000)

Polling page: 0x0000012b2baf0000

Metaspace:

Usage:
  Non-class:     53.24 MB used.
      Class:      7.60 MB used.
       Both:     60.83 MB used.

Virtual space:
  Non-class space:       64.00 MB reserved,      53.56 MB ( 84%) committed,  1 nodes.
      Class space:        1.00 GB reserved,       7.88 MB ( <1%) committed,  1 nodes.
             Both:        1.06 GB reserved,      61.44 MB (  6%) committed. 

Chunk freelists:
   Non-Class:  1.70 MB
       Class:  92.00 KB
        Both:  1.79 MB

MaxMetaspaceSize: unlimited
CompressedClassSpaceSize: 1.00 GB
Initial GC threshold: 21.00 MB
Current GC threshold: 99.50 MB
CDS: on
MetaspaceReclaimPolicy: balanced
 - commit_granule_bytes: 65536.
 - commit_granule_words: 8192.
 - virtual_space_node_default_size: 8388608.
 - enlarge_chunks_in_place: 1.
 - new_chunks_are_fully_committed: 0.
 - uncommit_free_chunks: 1.
 - use_allocation_guard: 0.


Internal statistics:

num_allocs_failed_limit: 12.
num_arena_births: 884.
num_arena_deaths: 0.
num_vsnodes_births: 2.
num_vsnodes_deaths: 0.
num_space_committed: 982.
num_space_uncommitted: 0.
num_chunks_returned_to_freelist: 12.
num_chunks_taken_from_freelist: 3026.
num_chunk_merges: 12.
num_chunk_splits: 2134.
num_chunks_enlarged: 1703.
num_inconsistent_stats: 0.

CodeHeap 'non-profiled nmethods': size=120000Kb used=5557Kb max_used=5557Kb free=114442Kb
 bounds [0x0000012b3b730000, 0x0000012b3bca0000, 0x0000012b42c60000]
CodeHeap 'profiled nmethods': size=120000Kb used=18001Kb max_used=18001Kb free=101998Kb
 bounds [0x0000012b34200000, 0x0000012b353a0000, 0x0000012b3b730000]
CodeHeap 'non-nmethods': size=5760Kb used=1310Kb max_used=1375Kb free=4450Kb
 bounds [0x0000012b33c60000, 0x0000012b33ed0000, 0x0000012b34200000]
 total_blobs=9288 nmethods=8664 adapters=535
 compilation: enabled
              stopped_count=0, restarted_count=0
 full_count=0

Compilation events (20 events):
Event: 745.147 Thread 0x0000012b47a5cd90 nmethod 9969 0x0000012b3538d510 code [0x0000012b3538d700, 0x0000012b3538dcf8]
Event: 749.427 Thread 0x0000012b47a5cd90 9970       3       org.apache.catalina.core.ApplicationFilterChain::release (44 bytes)
Event: 749.427 Thread 0x0000012b47a5cd90 nmethod 9970 0x0000012b3538df90 code [0x0000012b3538e140, 0x0000012b3538e4f8]
Event: 749.471 Thread 0x0000012b47a5cd90 9971   !   3       com.sun.jersey.api.uri.UriComponent::decodeQueryParam (121 bytes)
Event: 749.472 Thread 0x0000012b47a5cd90 nmethod 9971 0x0000012b3538e610 code [0x0000012b3538e8e0, 0x0000012b3538f618]
Event: 749.472 Thread 0x0000012b47a5cd90 9972       3       com.sun.jersey.core.util.MultivaluedMapImpl::add (13 bytes)
Event: 749.472 Thread 0x0000012b47a5cd90 nmethod 9972 0x0000012b3538fc90 code [0x0000012b3538fee0, 0x0000012b35390ab8]
Event: 749.473 Thread 0x0000012b47a5cd90 9974       3       com.sun.jersey.core.spi.factory.ResponseImpl::getStatus (10 bytes)
Event: 749.473 Thread 0x0000012b47a5cd90 nmethod 9974 0x0000012b35390e10 code [0x0000012b35390fa0, 0x0000012b35391118]
Event: 749.473 Thread 0x0000012b47a5cd90 9973       1       org.springframework.cloud.netflix.eureka.server.EurekaServerConfigBean::shouldSyncWhenTimestampDiffers (5 bytes)
Event: 749.473 Thread 0x0000012b47a5cd90 nmethod 9973 0x0000012b3bc9cc90 code [0x0000012b3bc9ce20, 0x0000012b3bc9cef8]
Event: 749.519 Thread 0x0000012b47a5cd90 9975       3       org.apache.tomcat.util.net.SocketWrapperBase::doWrite (20 bytes)
Event: 749.520 Thread 0x0000012b47a5cd90 nmethod 9975 0x0000012b35391210 code [0x0000012b353913c0, 0x0000012b353916d8]
Event: 749.520 Thread 0x0000012b47a5cd90 9976       3       org.apache.tomcat.util.net.SocketBufferHandler::configureWriteBufferForRead (6 bytes)
Event: 749.520 Thread 0x0000012b47a5cd90 nmethod 9976 0x0000012b35391890 code [0x0000012b35391a20, 0x0000012b35391b68]
Event: 749.520 Thread 0x0000012b47a5cd90 9977   !   3       org.apache.tomcat.util.net.NioEndpoint$NioSocketWrapper::doWrite (324 bytes)
Event: 749.521 Thread 0x0000012b47a5cd90 nmethod 9977 0x0000012b35391c10 code [0x0000012b35391f40, 0x0000012b35393c68]
Event: 749.805 Thread 0x0000012b47a31fe0 9978       4       java.util.LinkedHashMap$LinkedEntryIterator::next (5 bytes)
Event: 749.807 Thread 0x0000012b47a31fe0 nmethod 9978 0x0000012b3bc9cf90 code [0x0000012b3bc9d100, 0x0000012b3bc9d398]
Event: 750.968 Thread 0x0000012b47a31fe0 9979       4       java.util.concurrent.locks.AbstractQueuedSynchronizer$ConditionObject::awaitNanos (200 bytes)

GC Heap History (20 events):
Event: 14.551 GC heap before
{Heap before GC invocations=15 (full 0):
 garbage-first heap   total 67584K, used 25291K [0x0000000080200000, 0x0000000100000000)
  region size 1024K, 6 young (6144K), 5 survivors (5120K)
 Metaspace       used 38390K, committed 38976K, reserved 1114112K
  class space    used 4773K, committed 5056K, reserved 1048576K
}
Event: 14.556 GC heap after
{Heap after GC invocations=16 (full 0):
 garbage-first heap   total 67584K, used 24181K [0x0000000080200000, 0x0000000100000000)
  region size 1024K, 1 young (1024K), 1 survivors (1024K)
 Metaspace       used 38390K, committed 38976K, reserved 1114112K
  class space    used 4773K, committed 5056K, reserved 1048576K
}
Event: 14.989 GC heap before
{Heap before GC invocations=16 (full 0):
 garbage-first heap   total 67584K, used 53877K [0x0000000080200000, 0x0000000100000000)
  region size 1024K, 30 young (30720K), 1 survivors (1024K)
 Metaspace       used 40373K, committed 40960K, reserved 1114112K
  class space    used 5025K, committed 5312K, reserved 1048576K
}
Event: 14.994 GC heap after
{Heap after GC invocations=17 (full 0):
 garbage-first heap   total 67584K, used 27969K [0x0000000080200000, 0x0000000100000000)
  region size 1024K, 4 young (4096K), 4 survivors (4096K)
 Metaspace       used 40373K, committed 40960K, reserved 1114112K
  class space    used 5025K, committed 5312K, reserved 1048576K
}
Event: 15.569 GC heap before
{Heap before GC invocations=17 (full 0):
 garbage-first heap   total 67584K, used 52545K [0x0000000080200000, 0x0000000100000000)
  region size 1024K, 28 young (28672K), 4 survivors (4096K)
 Metaspace       used 43549K, committed 44032K, reserved 1114112K
  class space    used 5525K, committed 5760K, reserved 1048576K
}
Event: 15.577 GC heap after
{Heap after GC invocations=18 (full 0):
 garbage-first heap   total 104448K, used 29921K [0x0000000080200000, 0x0000000100000000)
  region size 1024K, 2 young (2048K), 2 survivors (2048K)
 Metaspace       used 43549K, committed 44032K, reserved 1114112K
  class space    used 5525K, committed 5760K, reserved 1048576K
}
Event: 16.325 GC heap before
{Heap before GC invocations=18 (full 0):
 garbage-first heap   total 104448K, used 78049K [0x0000000080200000, 0x0000000100000000)
  region size 1024K, 49 young (50176K), 2 survivors (2048K)
 Metaspace       used 46075K, committed 46592K, reserved 1114112K
  class space    used 5898K, committed 6144K, reserved 1048576K
}
Event: 16.334 GC heap after
{Heap after GC invocations=19 (full 0):
 garbage-first heap   total 104448K, used 32303K [0x0000000080200000, 0x0000000100000000)
  region size 1024K, 5 young (5120K), 5 survivors (5120K)
 Metaspace       used 46075K, committed 46592K, reserved 1114112K
  class space    used 5898K, committed 6144K, reserved 1048576K
}
Event: 17.155 GC heap before
{Heap before GC invocations=19 (full 0):
 garbage-first heap   total 104448K, used 78383K [0x0000000080200000, 0x0000000100000000)
  region size 1024K, 51 young (52224K), 5 survivors (5120K)
 Metaspace       used 51429K, committed 51968K, reserved 1114112K
  class space    used 6548K, committed 6848K, reserved 1048576K
}
Event: 17.168 GC heap after
{Heap after GC invocations=20 (full 0):
 garbage-first heap   total 104448K, used 36382K [0x0000000080200000, 0x0000000100000000)
  region size 1024K, 7 young (7168K), 7 survivors (7168K)
 Metaspace       used 51429K, committed 51968K, reserved 1114112K
  class space    used 6548K, committed 6848K, reserved 1048576K
}
Event: 17.646 GC heap before
{Heap before GC invocations=20 (full 0):
 garbage-first heap   total 104448K, used 80414K [0x0000000080200000, 0x0000000100000000)
  region size 1024K, 50 young (51200K), 7 survivors (7168K)
 Metaspace       used 53840K, committed 54336K, reserved 1114112K
  class space    used 6877K, committed 7104K, reserved 1048576K
}
Event: 17.657 GC heap after
{Heap after GC invocations=21 (full 0):
 garbage-first heap   total 104448K, used 37833K [0x0000000080200000, 0x0000000100000000)
  region size 1024K, 3 young (3072K), 3 survivors (3072K)
 Metaspace       used 53840K, committed 54336K, reserved 1114112K
  class space    used 6877K, committed 7104K, reserved 1048576K
}
Event: 95.059 GC heap before
{Heap before GC invocations=21 (full 0):
 garbage-first heap   total 104448K, used 79817K [0x0000000080200000, 0x0000000100000000)
  region size 1024K, 45 young (46080K), 3 survivors (3072K)
 Metaspace       used 59549K, committed 60096K, reserved 1114112K
  class space    used 7546K, committed 7808K, reserved 1048576K
}
Event: 95.099 GC heap after
{Heap after GC invocations=22 (full 0):
 garbage-first heap   total 125952K, used 39966K [0x0000000080200000, 0x0000000100000000)
  region size 1024K, 5 young (5120K), 5 survivors (5120K)
 Metaspace       used 59549K, committed 60096K, reserved 1114112K
  class space    used 7546K, committed 7808K, reserved 1048576K
}
Event: 95.165 GC heap before
{Heap before GC invocations=22 (full 0):
 garbage-first heap   total 125952K, used 40990K [0x0000000080200000, 0x0000000100000000)
  region size 1024K, 7 young (7168K), 5 survivors (5120K)
 Metaspace       used 59942K, committed 60480K, reserved 1114112K
  class space    used 7667K, committed 7936K, reserved 1048576K
}
Event: 95.182 GC heap after
{Heap after GC invocations=23 (full 0):
 garbage-first heap   total 125952K, used 40113K [0x0000000080200000, 0x0000000100000000)
  region size 1024K, 3 young (3072K), 3 survivors (3072K)
 Metaspace       used 59942K, committed 60480K, reserved 1114112K
  class space    used 7667K, committed 7936K, reserved 1048576K
}
Event: 429.417 GC heap before
{Heap before GC invocations=24 (full 0):
 garbage-first heap   total 125952K, used 99505K [0x0000000080200000, 0x0000000100000000)
  region size 1024K, 61 young (62464K), 3 survivors (3072K)
 Metaspace       used 61590K, committed 62208K, reserved 1114112K
  class space    used 7760K, committed 8064K, reserved 1048576K
}
Event: 429.423 GC heap after
{Heap after GC invocations=25 (full 0):
 garbage-first heap   total 125952K, used 41000K [0x0000000080200000, 0x0000000100000000)
  region size 1024K, 4 young (4096K), 4 survivors (4096K)
 Metaspace       used 61590K, committed 62208K, reserved 1114112K
  class space    used 7760K, committed 8064K, reserved 1048576K
}
Event: 431.866 GC heap before
{Heap before GC invocations=25 (full 0):
 garbage-first heap   total 125952K, used 43048K [0x0000000080200000, 0x0000000100000000)
  region size 1024K, 6 young (6144K), 4 survivors (4096K)
 Metaspace       used 61590K, committed 62208K, reserved 1114112K
  class space    used 7760K, committed 8064K, reserved 1048576K
}
Event: 431.893 GC heap after
{Heap after GC invocations=26 (full 0):
 garbage-first heap   total 125952K, used 41039K [0x0000000080200000, 0x0000000100000000)
  region size 1024K, 1 young (1024K), 1 survivors (1024K)
 Metaspace       used 61590K, committed 62208K, reserved 1114112K
  class space    used 7760K, committed 8064K, reserved 1048576K
}

Deoptimization events (20 events):
Event: 640.888 Thread 0x0000012b5157c350 Uncommon trap: trap_request=0xffffff5c fr.pc=0x0000012b3bc582b8 relative=0x0000000000001f98
Event: 640.888 Thread 0x0000012b5157c350 Uncommon trap: reason=speculate_null_check action=make_not_entrant pc=0x0000012b3bc582b8 method=sun.net.spi.DefaultProxySelector.select(Ljava/net/URI;)Ljava/util/List; @ 240 c2
Event: 640.888 Thread 0x0000012b5157c350 DEOPT PACKING pc=0x0000012b3bc582b8 sp=0x000000232a4fe330
Event: 640.888 Thread 0x0000012b5157c350 DEOPT UNPACKING pc=0x0000012b33cb23a3 sp=0x000000232a4fe2f8 mode 2
Event: 682.193 Thread 0x0000012b4eb9f3e0 Uncommon trap: trap_request=0xffffffde fr.pc=0x0000012b3b9507e4 relative=0x0000000000000604
Event: 682.193 Thread 0x0000012b4eb9f3e0 Uncommon trap: reason=class_check action=maybe_recompile pc=0x0000012b3b9507e4 method=java.util.HashMap.removeNode(ILjava/lang/Object;Ljava/lang/Object;ZZ)Ljava/util/HashMap$Node; @ 143 c2
Event: 682.193 Thread 0x0000012b4eb9f3e0 DEOPT PACKING pc=0x0000012b3b9507e4 sp=0x000000232b6fee70
Event: 682.193 Thread 0x0000012b4eb9f3e0 DEOPT UNPACKING pc=0x0000012b33cb23a3 sp=0x000000232b6fee38 mode 2
Event: 693.016 Thread 0x0000012b51578990 Uncommon trap: trap_request=0xffffff45 fr.pc=0x0000012b3bc329d8 relative=0x0000000000000738
Event: 693.016 Thread 0x0000012b51578990 Uncommon trap: reason=unstable_if action=reinterpret pc=0x0000012b3bc329d8 method=java.util.concurrent.locks.AbstractQueuedSynchronizer.isEnqueued(Ljava/util/concurrent/locks/AbstractQueuedSynchronizer$Node;)Z @ 11 c2
Event: 693.016 Thread 0x0000012b51578990 DEOPT PACKING pc=0x0000012b3bc329d8 sp=0x0000002329cff0a0
Event: 693.016 Thread 0x0000012b51578990 DEOPT UNPACKING pc=0x0000012b33cb23a3 sp=0x0000002329cfef48 mode 2
Event: 698.809 Thread 0x0000012b4eb9abb0 Uncommon trap: trap_request=0xffffffc6 fr.pc=0x0000012b3bbe5fd4 relative=0x00000000000012f4
Event: 698.809 Thread 0x0000012b4eb9abb0 Uncommon trap: reason=bimorphic_or_optimized_type_check action=maybe_recompile pc=0x0000012b3bbe5fd4 method=java.util.HashMap.removeNode(ILjava/lang/Object;Ljava/lang/Object;ZZ)Ljava/util/HashMap$Node; @ 68 c2
Event: 698.809 Thread 0x0000012b4eb9abb0 DEOPT PACKING pc=0x0000012b3bbe5fd4 sp=0x000000232aafe820
Event: 698.809 Thread 0x0000012b4eb9abb0 DEOPT UNPACKING pc=0x0000012b33cb23a3 sp=0x000000232aafe6f0 mode 2
Event: 698.809 Thread 0x0000012b4eb9abb0 Uncommon trap: trap_request=0xffffffc6 fr.pc=0x0000012b3bbe5fd4 relative=0x00000000000012f4
Event: 698.809 Thread 0x0000012b4eb9abb0 Uncommon trap: reason=bimorphic_or_optimized_type_check action=maybe_recompile pc=0x0000012b3bbe5fd4 method=java.util.HashMap.removeNode(ILjava/lang/Object;Ljava/lang/Object;ZZ)Ljava/util/HashMap$Node; @ 68 c2
Event: 698.809 Thread 0x0000012b4eb9abb0 DEOPT PACKING pc=0x0000012b3bbe5fd4 sp=0x000000232aafe820
Event: 698.809 Thread 0x0000012b4eb9abb0 DEOPT UNPACKING pc=0x0000012b33cb23a3 sp=0x000000232aafe6f0 mode 2

Classes loaded (20 events):
Event: 647.375 Loading class sun/net/www/protocol/http/AuthenticationInfo
Event: 647.375 Loading class sun/net/www/protocol/http/AuthCacheValue
Event: 647.376 Loading class sun/net/www/protocol/http/AuthCacheValue done
Event: 647.376 Loading class sun/net/www/protocol/http/AuthenticationInfo done
Event: 647.376 Loading class sun/net/www/protocol/http/AuthCacheImpl
Event: 647.376 Loading class sun/net/www/protocol/http/AuthCache
Event: 647.376 Loading class sun/net/www/protocol/http/AuthCache done
Event: 647.376 Loading class sun/net/www/protocol/http/AuthCacheImpl done
Event: 647.377 Loading class sun/net/www/protocol/http/HttpURLConnection$StreamingOutputStream
Event: 647.377 Loading class sun/net/www/protocol/http/HttpURLConnection$StreamingOutputStream done
Event: 647.654 Loading class sun/net/www/http/KeepAliveCache$1
Event: 647.654 Loading class sun/net/www/http/KeepAliveCache$1 done
Event: 647.655 Loading class sun/net/www/http/ClientVector
Event: 647.655 Loading class sun/net/www/http/ClientVector done
Event: 647.656 Loading class sun/net/www/http/KeepAliveEntry
Event: 647.656 Loading class sun/net/www/http/KeepAliveEntry done
Event: 647.656 Loading class sun/net/www/protocol/http/EmptyInputStream
Event: 647.657 Loading class sun/net/www/protocol/http/EmptyInputStream done
Event: 647.657 Loading class sun/net/www/protocol/http/HttpURLConnection$HttpInputStream
Event: 647.657 Loading class sun/net/www/protocol/http/HttpURLConnection$HttpInputStream done

Classes unloaded (0 events):
No events

Classes redefined (0 events):
No events

Internal exceptions (20 events):
Event: 750.097 Thread 0x0000012b5157a670 Exception <a 'java/net/ConnectException'{0x000000008471a270}: Connection refused: no further information> (0x000000008471a270) 
thrown [s\open\src\hotspot\share\prims\jni.cpp, line 535]
Event: 750.097 Thread 0x0000012b5157a670 Exception <a 'java/net/SocketException'{0x000000008471a5a8}: Socket is not connected: shutdown> (0x000000008471a5a8) 
thrown [s\open\src\hotspot\share\prims\jni.cpp, line 535]
Event: 750.207 Thread 0x0000012b5157c350 Exception <a 'java/net/ConnectException'{0x000000008471e4c0}: Connection refused: no further information> (0x000000008471e4c0) 
thrown [s\open\src\hotspot\share\prims\jni.cpp, line 535]
Event: 750.207 Thread 0x0000012b5157c350 Exception <a 'java/net/SocketException'{0x000000008471e7f8}: Socket is not connected: shutdown> (0x000000008471e7f8) 
thrown [s\open\src\hotspot\share\prims\jni.cpp, line 535]
Event: 750.323 Thread 0x0000012b51578990 Exception <a 'java/net/ConnectException'{0x00000000847206c8}: Connection refused: no further information> (0x00000000847206c8) 
thrown [s\open\src\hotspot\share\prims\jni.cpp, line 535]
Event: 750.323 Thread 0x0000012b51578990 Exception <a 'java/net/SocketException'{0x0000000084720a00}: Socket is not connected: shutdown> (0x0000000084720a00) 
thrown [s\open\src\hotspot\share\prims\jni.cpp, line 535]
Event: 750.429 Thread 0x0000012b51578e60 Exception <a 'java/net/ConnectException'{0x0000000084721840}: Connection refused: no further information> (0x0000000084721840) 
thrown [s\open\src\hotspot\share\prims\jni.cpp, line 535]
Event: 750.429 Thread 0x0000012b51578e60 Exception <a 'java/net/SocketException'{0x0000000084721b78}: Socket is not connected: shutdown> (0x0000000084721b78) 
thrown [s\open\src\hotspot\share\prims\jni.cpp, line 535]
Event: 750.536 Thread 0x0000012b5157ab40 Exception <a 'java/net/ConnectException'{0x0000000084725ad8}: Connection refused: no further information> (0x0000000084725ad8) 
thrown [s\open\src\hotspot\share\prims\jni.cpp, line 535]
Event: 750.536 Thread 0x0000012b5157ab40 Exception <a 'java/net/SocketException'{0x0000000084725e10}: Socket is not connected: shutdown> (0x0000000084725e10) 
thrown [s\open\src\hotspot\share\prims\jni.cpp, line 535]
Event: 750.640 Thread 0x0000012b515784c0 Exception <a 'java/net/ConnectException'{0x0000000084727dc8}: Connection refused: no further information> (0x0000000084727dc8) 
thrown [s\open\src\hotspot\share\prims\jni.cpp, line 535]
Event: 750.640 Thread 0x0000012b515784c0 Exception <a 'java/net/SocketException'{0x0000000084728100}: Socket is not connected: shutdown> (0x0000000084728100) 
thrown [s\open\src\hotspot\share\prims\jni.cpp, line 535]
Event: 750.750 Thread 0x0000012b51577650 Exception <a 'java/net/ConnectException'{0x0000000084729f30}: Connection refused: no further information> (0x0000000084729f30) 
thrown [s\open\src\hotspot\share\prims\jni.cpp, line 535]
Event: 750.750 Thread 0x0000012b51577650 Exception <a 'java/net/SocketException'{0x000000008472a268}: Socket is not connected: shutdown> (0x000000008472a268) 
thrown [s\open\src\hotspot\share\prims\jni.cpp, line 535]
Event: 750.751 Thread 0x0000012b51579330 Exception <a 'java/net/ConnectException'{0x000000008472e2e8}: Connection refused: no further information> (0x000000008472e2e8) 
thrown [s\open\src\hotspot\share\prims\jni.cpp, line 535]
Event: 750.751 Thread 0x0000012b51579330 Exception <a 'java/net/SocketException'{0x000000008472e620}: Socket is not connected: shutdown> (0x000000008472e620) 
thrown [s\open\src\hotspot\share\prims\jni.cpp, line 535]
Event: 750.859 Thread 0x0000012b51576310 Exception <a 'java/net/ConnectException'{0x0000000084731410}: Connection refused: no further information> (0x0000000084731410) 
thrown [s\open\src\hotspot\share\prims\jni.cpp, line 535]
Event: 750.859 Thread 0x0000012b51576310 Exception <a 'java/net/SocketException'{0x0000000084731748}: Socket is not connected: shutdown> (0x0000000084731748) 
thrown [s\open\src\hotspot\share\prims\jni.cpp, line 535]
Event: 750.968 Thread 0x0000012b5157a670 Exception <a 'java/net/ConnectException'{0x00000000847356a0}: Connection refused: no further information> (0x00000000847356a0) 
thrown [s\open\src\hotspot\share\prims\jni.cpp, line 535]
Event: 750.968 Thread 0x0000012b5157a670 Exception <a 'java/net/SocketException'{0x00000000847359d8}: Socket is not connected: shutdown> (0x00000000847359d8) 
thrown [s\open\src\hotspot\share\prims\jni.cpp, line 535]

VM Operations (20 events):
Event: 711.730 Executing VM operation: Cleanup
Event: 711.730 Executing VM operation: Cleanup done
Event: 713.731 Executing VM operation: Cleanup
Event: 713.731 Executing VM operation: Cleanup done
Event: 715.731 Executing VM operation: Cleanup
Event: 715.731 Executing VM operation: Cleanup done
Event: 719.732 Executing VM operation: Cleanup
Event: 719.732 Executing VM operation: Cleanup done
Event: 729.736 Executing VM operation: Cleanup
Event: 729.736 Executing VM operation: Cleanup done
Event: 735.740 Executing VM operation: Cleanup
Event: 735.740 Executing VM operation: Cleanup done
Event: 737.741 Executing VM operation: Cleanup
Event: 737.741 Executing VM operation: Cleanup done
Event: 742.742 Executing VM operation: Cleanup
Event: 742.742 Executing VM operation: Cleanup done
Event: 744.755 Executing VM operation: Cleanup
Event: 744.755 Executing VM operation: Cleanup done
Event: 750.764 Executing VM operation: Cleanup
Event: 750.764 Executing VM operation: Cleanup done

Events (20 events):
Event: 564.202 Thread 0x0000012b47a5ea80 flushing nmethod 0x0000012b34708490
Event: 564.206 Thread 0x0000012b47a5ea80 flushing nmethod 0x0000012b34889910
Event: 564.212 Thread 0x0000012b47a5ea80 flushing nmethod 0x0000012b34a9cd90
Event: 647.655 Thread 0x0000012b4eb9b550 Thread added: 0x0000012b4eb9b550
Event: 657.660 Thread 0x0000012b4eb9b550 Thread exited: 0x0000012b4eb9b550
Event: 659.703 Thread 0x0000012b4eb9b550 Thread added: 0x0000012b4eb9b550
Event: 664.705 Thread 0x0000012b4eb9b550 Thread exited: 0x0000012b4eb9b550
Event: 664.745 Thread 0x0000012b4eb9b550 Thread added: 0x0000012b4eb9b550
Event: 669.749 Thread 0x0000012b4eb9b550 Thread exited: 0x0000012b4eb9b550
Event: 669.791 Thread 0x0000012b4eb9b550 Thread added: 0x0000012b4eb9b550
Event: 674.795 Thread 0x0000012b4eb9b550 Thread exited: 0x0000012b4eb9b550
Event: 675.808 Thread 0x0000012b4eb9b550 Thread added: 0x0000012b4eb9b550
Event: 695.821 Thread 0x0000012b4eb9b550 Thread exited: 0x0000012b4eb9b550
Event: 698.933 Thread 0x0000012b4eb9b550 Thread added: 0x0000012b4eb9b550
Event: 718.939 Thread 0x0000012b4eb9b550 Thread exited: 0x0000012b4eb9b550
Event: 720.212 Thread 0x0000012b4eb9b550 Thread added: 0x0000012b4eb9b550
Event: 730.221 Thread 0x0000012b4eb9b550 Thread exited: 0x0000012b4eb9b550
Event: 730.321 Thread 0x0000012b4eb9b550 Thread added: 0x0000012b4eb9b550
Event: 740.326 Thread 0x0000012b4eb9b550 Thread exited: 0x0000012b4eb9b550
Event: 742.288 Thread 0x0000012b4eb9b550 Thread added: 0x0000012b4eb9b550


Dynamic libraries:
0x00007ff6cbdf0000 - 0x00007ff6cbdfe000 	C:\Users\614177\.jdks\openjdk-18.0.2\bin\java.exe
0x00007ffd66d90000 - 0x00007ffd66f87000 	C:\Windows\SYSTEM32\ntdll.dll
0x00007ffd66270000 - 0x00007ffd6632d000 	C:\Windows\System32\KERNEL32.DLL
0x00007ffd644b0000 - 0x00007ffd6477d000 	C:\Windows\System32\KERNELBASE.dll
0x00007ffd66420000 - 0x00007ffd664ce000 	C:\Windows\System32\ADVAPI32.DLL
0x00007ffd65700000 - 0x00007ffd6579e000 	C:\Windows\System32\msvcrt.dll
0x00007ffd66bf0000 - 0x00007ffd66c8c000 	C:\Windows\System32\sechost.dll
0x00007ffd65080000 - 0x00007ffd651a5000 	C:\Windows\System32\RPCRT4.dll
0x00007ffd647f0000 - 0x00007ffd648f0000 	C:\Windows\System32\ucrtbase.dll
0x00007ffd38060000 - 0x00007ffd3807a000 	C:\Users\614177\.jdks\openjdk-18.0.2\bin\VCRUNTIME140.dll
0x00007ffd38080000 - 0x00007ffd38097000 	C:\Users\614177\.jdks\openjdk-18.0.2\bin\jli.dll
0x00007ffd65980000 - 0x00007ffd65b20000 	C:\Windows\System32\USER32.dll
0x00007ffd64a30000 - 0x00007ffd64a52000 	C:\Windows\System32\win32u.dll
0x00007ffd64df0000 - 0x00007ffd64e1a000 	C:\Windows\System32\GDI32.dll
0x00007ffd64ce0000 - 0x00007ffd64deb000 	C:\Windows\System32\gdi32full.dll
0x00007ffd64c40000 - 0x00007ffd64cdd000 	C:\Windows\System32\msvcp_win.dll
0x00007ffd3cfc0000 - 0x00007ffd3d25a000 	C:\Windows\WinSxS\amd64_microsoft.windows.common-controls_6595b64144ccf1df_6.0.19041.1110_none_60b5254171f9507e\COMCTL32.dll
0x00007ffd657c0000 - 0x00007ffd657f0000 	C:\Windows\System32\IMM32.DLL
0x00007ffd642c0000 - 0x00007ffd642fb000 	C:\Program Files\Citrix\HDX\bin\MfApHook.dll
0x00007ffd64200000 - 0x00007ffd64210000 	C:\Program Files\Citrix\HDX\bin\FullScreenHook.dll
0x00007ffd38d70000 - 0x00007ffd38d7c000 	C:\Users\614177\.jdks\openjdk-18.0.2\bin\VCRUNTIME140_1.dll
0x00007ffd30060000 - 0x00007ffd300ed000 	C:\Users\614177\.jdks\openjdk-18.0.2\bin\MSVCP140.dll
0x00007ffd64050000 - 0x00007ffd6407d000 	C:\Program Files\Citrix\HDX\bin\ShellHook.dll
0x00007ffd66690000 - 0x00007ffd666e5000 	C:\Windows\System32\SHLWAPI.dll
0x00007ffd63ed0000 - 0x00007ffd63ff9000 	C:\Program Files\Citrix\HDX\bin\SCardHook.dll
0x00007ffd63e30000 - 0x00007ffd63e4e000 	C:\Program Files\Citrix\HDX\bin\CxInjIme.dll
0x00007ffd63e00000 - 0x00007ffd63e28000 	C:\Program Files\Citrix\HDX\bin\PicaWtsHook.dll
0x00007ffd14070000 - 0x00007ffd14c81000 	C:\Users\614177\.jdks\openjdk-18.0.2\bin\server\jvm.dll
0x00007ffd66d40000 - 0x00007ffd66d48000 	C:\Windows\System32\PSAPI.DLL
0x00007ffd5fd70000 - 0x00007ffd5fd79000 	C:\Windows\SYSTEM32\WSOCK32.dll
0x00007ffd664d0000 - 0x00007ffd6653b000 	C:\Windows\System32\WS2_32.dll
0x00007ffd5ee30000 - 0x00007ffd5ee57000 	C:\Windows\SYSTEM32\WINMM.dll
0x00007ffd640b0000 - 0x00007ffd640ba000 	C:\Windows\SYSTEM32\VERSION.dll
0x00007ffd628f0000 - 0x00007ffd62902000 	C:\Windows\SYSTEM32\kernel.appcore.dll
0x00007ffd38c30000 - 0x00007ffd38c3a000 	C:\Users\614177\.jdks\openjdk-18.0.2\bin\jimage.dll
0x00007ffd61c60000 - 0x00007ffd61e44000 	C:\Windows\SYSTEM32\DBGHELP.DLL
0x00007ffd492c0000 - 0x00007ffd492ec000 	C:\Windows\SYSTEM32\dbgcore.DLL
0x00007ffd648f0000 - 0x00007ffd64972000 	C:\Windows\System32\bcryptPrimitives.dll
0x00007ffd38460000 - 0x00007ffd3846e000 	C:\Users\614177\.jdks\openjdk-18.0.2\bin\instrument.dll
0x00007ffd38030000 - 0x00007ffd38055000 	C:\Users\614177\.jdks\openjdk-18.0.2\bin\java.dll
0x00007ffd2f4c0000 - 0x00007ffd2f596000 	C:\Users\614177\.jdks\openjdk-18.0.2\bin\jsvml.dll
0x00007ffd65b20000 - 0x00007ffd66264000 	C:\Windows\System32\SHELL32.dll
0x00007ffd62120000 - 0x00007ffd628b4000 	C:\Windows\SYSTEM32\windows.storage.dll
0x00007ffd653a0000 - 0x00007ffd656f4000 	C:\Windows\System32\combase.dll
0x00007ffd63aa0000 - 0x00007ffd63acc000 	C:\Windows\SYSTEM32\Wldp.dll
0x00007ffd66c90000 - 0x00007ffd66d3d000 	C:\Windows\System32\SHCORE.dll
0x00007ffd643f0000 - 0x00007ffd6440f000 	C:\Windows\SYSTEM32\profapi.dll
0x00007ffd32f90000 - 0x00007ffd32fa8000 	C:\Users\614177\.jdks\openjdk-18.0.2\bin\zip.dll
0x00007ffd330c0000 - 0x00007ffd330d3000 	C:\Users\614177\.jdks\openjdk-18.0.2\bin\net.dll
0x00007ffd5e230000 - 0x00007ffd5e33a000 	C:\Windows\SYSTEM32\WINHTTP.dll
0x00007ffd63760000 - 0x00007ffd637ca000 	C:\Windows\system32\mswsock.dll
0x00007ffd33050000 - 0x00007ffd33066000 	C:\Users\614177\.jdks\openjdk-18.0.2\bin\nio.dll
0x00007ffd37610000 - 0x00007ffd3762a000 	C:\Program Files\JetBrains\IntelliJ IDEA Community Edition 2022.1.2\bin\breakgen64.dll
0x00007ffd37810000 - 0x00007ffd37820000 	C:\Users\614177\.jdks\openjdk-18.0.2\bin\verify.dll
0x00007ffd63460000 - 0x00007ffd6349b000 	C:\Windows\SYSTEM32\IPHLPAPI.DLL
0x00007ffd66680000 - 0x00007ffd66688000 	C:\Windows\System32\NSI.dll
0x00007ffd5da80000 - 0x00007ffd5da97000 	C:\Windows\SYSTEM32\dhcpcsvc6.DLL
0x00007ffd5d820000 - 0x00007ffd5d83d000 	C:\Windows\SYSTEM32\dhcpcsvc.DLL
0x00007ffd634a0000 - 0x00007ffd6356b000 	C:\Windows\SYSTEM32\DNSAPI.dll
0x00007ffd5b0b0000 - 0x00007ffd5b0ba000 	C:\Windows\System32\rasadhlp.dll
0x00007ffd5da00000 - 0x00007ffd5da80000 	C:\Windows\System32\fwpuclnt.dll
0x00007ffd64a60000 - 0x00007ffd64a87000 	C:\Windows\System32\bcrypt.dll
0x00007ffd35c10000 - 0x00007ffd35c19000 	C:\Users\614177\.jdks\openjdk-18.0.2\bin\management.dll
0x00007ffd352c0000 - 0x00007ffd352cb000 	C:\Users\614177\.jdks\openjdk-18.0.2\bin\management_ext.dll
0x00007ffd56380000 - 0x00007ffd56397000 	C:\Windows\system32\napinsp.dll
0x00007ffd563a0000 - 0x00007ffd563bb000 	C:\Windows\system32\pnrpnsp.dll
0x00007ffd5bd90000 - 0x00007ffd5bdad000 	C:\Windows\system32\NLAapi.dll
0x00007ffd563c0000 - 0x00007ffd563d2000 	C:\Windows\System32\winrnr.dll
0x00007ffd563e0000 - 0x00007ffd563f5000 	C:\Windows\system32\wshbth.dll
0x00007ffd63960000 - 0x00007ffd63978000 	C:\Windows\SYSTEM32\CRYPTSP.dll
0x00007ffd630f0000 - 0x00007ffd63124000 	C:\Windows\system32\rsaenh.dll
0x00007ffd643b0000 - 0x00007ffd643de000 	C:\Windows\SYSTEM32\USERENV.dll
0x00007ffd63950000 - 0x00007ffd6395c000 	C:\Windows\SYSTEM32\CRYPTBASE.dll
0x00007ffd38450000 - 0x00007ffd3845e000 	C:\Users\614177\.jdks\openjdk-18.0.2\bin\sunmscapi.dll
0x00007ffd64a90000 - 0x00007ffd64be6000 	C:\Windows\System32\CRYPT32.dll
0x00007ffd63b20000 - 0x00007ffd63b47000 	C:\Windows\SYSTEM32\ncrypt.dll
0x00007ffd63ad0000 - 0x00007ffd63b0b000 	C:\Windows\SYSTEM32\NTASN1.dll

dbghelp: loaded successfully - version: 4.0.5 - missing functions: none
symbol engine: initialized successfully - sym options: 0x614 - pdb path: .;C:\Users\614177\.jdks\openjdk-18.0.2\bin;C:\Windows\SYSTEM32;C:\Windows\WinSxS\amd64_microsoft.windows.common-controls_6595b64144ccf1df_6.0.19041.1110_none_60b5254171f9507e;C:\Program Files\Citrix\HDX\bin;C:\Users\614177\.jdks\openjdk-18.0.2\bin\server;C:\Program Files\JetBrains\IntelliJ IDEA Community Edition 2022.1.2\bin

VM Arguments:
jvm_args: -javaagent:C:\Program Files\JetBrains\IntelliJ IDEA Community Edition 2022.1.2\lib\idea_rt.jar=51025:C:\Program Files\JetBrains\IntelliJ IDEA Community Edition 2022.1.2\bin -Dfile.encoding=UTF-8 
java_command: Eureka.EurekaServerApplication
java_class_path (initial): C:\SoftwareArchitecture\client\EurekaServer\target\classes;C:\Users\614177\.m2\repository\org\springframework\cloud\spring-cloud-starter-netflix-eureka-server\3.1.3\spring-cloud-starter-netflix-eureka-server-3.1.3.jar;C:\Users\614177\.m2\repository\org\springframework\cloud\spring-cloud-starter\3.1.3\spring-cloud-starter-3.1.3.jar;C:\Users\614177\.m2\repository\org\springframework\cloud\spring-cloud-context\3.1.3\spring-cloud-context-3.1.3.jar;C:\Users\614177\.m2\repository\org\springframework\security\spring-security-crypto\5.7.2\spring-security-crypto-5.7.2.jar;C:\Users\614177\.m2\repository\org\springframework\cloud\spring-cloud-commons\3.1.3\spring-cloud-commons-3.1.3.jar;C:\Users\614177\.m2\repository\org\springframework\security\spring-security-rsa\1.0.10.RELEASE\spring-security-rsa-1.0.10.RELEASE.jar;C:\Users\614177\.m2\repository\org\bouncycastle\bcpkix-jdk15on\1.68\bcpkix-jdk15on-1.68.jar;C:\Users\614177\.m2\repository\org\bouncycastle\bcprov-jdk15on\1.68\bcprov-jdk15on-1.68.jar;C:\Users\614177\.m2\repository\org\springframework\cloud\spring-cloud-netflix-eureka-server\3.1.3\spring-cloud-netflix-eureka-server-3.1.3.jar;C:\Users\614177\.m2\repository\org\springframework\boot\spring-boot-starter-web\2.7.2\spring-boot-starter-web-2.7.2.jar;C:\Users\614177\.m2\repository\org\springframework\boot\spring-boot-starter-json\2.7.2\spring-boot-starter-json-2.7.2.jar;C:\Users\614177\.m2\repository\com\fasterxml\jackson\datatype\jackson-datatype-jdk8\2.13.3\jackson-datatype-jdk8-2.13.3.jar;C:\Users\614177\.m2\repository\com\fasterxml\jackson\datatype\jackson-datatype-jsr310\2.13.3\jackson-datatype-jsr310-2.13.3.jar;C:\Users\614177\.m2\repository\com\fasterxml\jackson\module\jackson-module-parameter-names\2.13.3\jackson-module-parameter-names-2.13.3.jar;C:\Users\614177\.m2\repository\org\springframework\boot\spring-boot-starter-tomcat\2.7.2\spring-boot-starter-tomcat-2.7.2.jar;C:\Users\614177\.m2\repository\org\apache\tomcat\embed\tomcat-embed-core\9.0.65\tomcat-embed-core-9.0.65.jar;C:\Users\614177\.m2\repository\org\apache\tomcat\embed\tomcat-embed-el\9.0.65\tomcat-embed-el-9.0.65.jar;C:\Users\614177\.m2\repository\org\apache\tomcat\embed\tomcat-embed-websocket\9.0.65\tomcat-embed-websocket-9.0.65.jar;C:\Users\614177\.m2\repository\org\springframework\spring-webmvc\5.3.22\spring-webmvc-5.3.22.jar;C:\Users\614177\.m2\repository\org\springframework\boot\spring-boot-starter-actuator\2.7.2\spring-boot-starter-actuator-2.7.2.jar;C:\Users\614177\.m2\repository\org\springframework\boot\spring-boot-actuator-autoconfigure\2.7.2\spring-boot-actuator-autoconfigure-2.7.2.jar;C:\Users\614177\.m2\repository\org\springframework\boot\spring-boot-actuator\2.7.2\spring-boot-actuator-2.7.2.jar;C:\Users\614177\.m2\repository\io\micrometer\micrometer-core\1.9.2\micrometer-core-1.9.2.jar;C:\Users\614177\.m2\repository\org\hdrhistogram\HdrHistogram\2.1.12\HdrHistogram-2.1.12.jar;C:\Users\614177\.m2\repository\org\latencyutils\LatencyUtils\2.0.3\LatencyUtils-2.0.3.jar;C:\Users\614177\.m2\repository\org\springframework\boot\spring-boot-starter-freemarker\2.7.2\spring-boot-starter-freemarker-2.7.2.jar;C:\Users\614177\.m2\repository\org\freemarker\freemarker\2.3.31\freemarker-2.3.31.jar;C:\Users\614177\.m2\repository\org\springframework\spring-context-support\5.3.22\spring-context-support-5.3.22.jar;C:\Users\614177\.m2\repository\org\springframework\cloud\spring-cloud-netflix-eureka-client\3.1.3\spring-cloud-netflix-eureka-client-3.1.3.jar;C:\Users\614177\.m2\repository\com\netflix\eureka\eureka-client\1.10.17\eureka-client-1.10.17.jar;C:\Users\614177\.m2\repository\com\netflix\netflix-commons\netflix-eventbus\0.3.0\netflix-eventbus-0.3.0.jar;C:\Users\614177\.m2\repository\com\netflix\netflix-commons\netflix-infix\0.3.0\netflix-infix-0.3.0.jar;C:\Users\614177\.m2\repository\commons-jxpath\commons-jxpath\1.3\commons-jxpath-1.3.jar;C:\Users\614177\.m2\repository\joda-time\joda-time\2.3\joda-time-2.3.jar;C:\Users\614177\.m2\repository\org\antlr\antlr-runtime\3.4\antlr-runtime-3.4.jar;C:\Users\614177\.m2\repository\org\antlr\stringtemplate\3.2.1\stringtemplate-3.2.1.jar;C:\Users\614177\.m2\repository\antlr\antlr\2.7.7\antlr-2.7.7.jar;C:\Users\614177\.m2\repository\com\google\code\gson\gson\2.9.0\gson-2.9.0.jar;C:\Users\614177\.m2\repository\org\apache\commons\commons-math\2.2\commons-math-2.2.jar;C:\Users\614177\.m2\repository\com\thoughtworks\xstream\xstream\1.4.18\xstream-1.4.18.jar;C:\Users\614177\.m2\repository\io\github\x-stream\mxparser\1.2.2\mxparser-1.2.2.jar;C:\Users\614177\.m2\repository\xmlpull\xmlpull\1.1.3.1\xmlpull-1.1.3.1.jar;C:\Users\614177\.m2\repository\javax\ws\rs\jsr311-api\1.1.1\jsr311-api-1.1.1.jar;C:\Users\614177\.m2\repository\com\netflix\servo\servo-core\0.12.21\servo-core-0.12.21.jar;C:\Users\614177\.m2\repository\com\google\guava\guava\19.0\guava-19.0.jar;C:\Users\614177\.m2\repository\com\sun\jersey\jersey-core\1.19.1\jersey-core-1.19.1.jar;C:\Users\614177\.m2\repository\com\sun\jersey\contribs\jersey-apache-client4\1.19.1\jersey-apache-client4-1.19.1.jar;C:\Users\614177\.m2\repository\org\apache\httpcomponents\httpclient\4.5.13\httpclient-4.5.13.jar;C:\Users\614177\.m2\repository\org\apache\httpcomponents\httpcore\4.4.15\httpcore-4.4.15.jar;C:\Users\614177\.m2\repository\commons-codec\commons-codec\1.15\commons-codec-1.15.jar;C:\Users\614177\.m2\repository\commons-configuration\commons-configuration\1.10\commons-configuration-1.10.jar;C:\Users\614177\.m2\repository\commons-lang\commons-lang\2.6\commons-lang-2.6.jar;C:\Users\614177\.m2\repository\com\google\inject\guice\4.1.0\guice-4.1.0.jar;C:\Users\614177\.m2\repository\com\fasterxml\jackson\core\jackson-annotations\2.13.3\jackson-annotations-2.13.3.jar;C:\Users\614177\.m2\repository\com\fasterxml\jackson\core\jackson-core\2.13.3\jackson-core-2.13.3.jar;C:\Users\614177\.m2\repository\com\fasterxml\jackson\core\jackson-databind\2.13.3\jackson-databind-2.13.3.jar;C:\Users\614177\.m2\repository\org\codehaus\jettison\jettison\1.4.0\jettison-1.4.0.jar;C:\Users\614177\.m2\repository\com\sun\jersey\jersey-servlet\1.19.4\jersey-servlet-1.19.4.jar;C:\Users\614177\.m2\repository\com\sun\jersey\jersey-server\1.19.4\jersey-server-1.19.4.jar;C:\Users\614177\.m2\repository\com\sun\jersey\jersey-client\1.19.4\jersey-client-1.19.4.jar;C:\Users\614177\.m2\repository\com\netflix\eureka\eureka-core\1.10.17\eureka-core-1.10.17.jar;C:\Users\614177\.m2\repository\com\fasterxml\woodstox\woodstox-core\6.2.1\woodstox-core-6.2.1.jar;C:\Users\614177\.m2\repository\javax\inject\javax.inject\1\javax.inject-1.jar;C:\Users\614177\.m2\repository\com\fasterxml\jackson\dataformat\jackson-dataformat-xml\2.13.3\jackson-dataformat-xml-2.13.3.jar;C:\Users\614177\.m2\repository\org\codehaus\woodstox\stax2-api\4.2.1\stax2-api-4.2.1.jar;C:\Users\614177\.m2\repository\org\springframework\cloud\spring-cloud-starter-loadbalancer\3.1.3\spring-cloud-starter-loadbalancer-3.1.3.jar;C:\Users\614177\.m2\repository\org\springframework\cloud\spring-cloud-loadbalancer\3.1.3\spring-cloud-loadbalancer-3.1.3.jar;C:\Users\614177\.m2\repository\io\projectreactor\reactor-core\3.4.21\reactor-core-3.4.21.jar;C:\Users\614177\.m2\repository\org\reactivestreams\reactive-streams\1.0.4\reactive-streams-1.0.4.jar;C:\Users\614177\.m2\repository\io\projectreactor\addons\reactor-extra\3.4.8\reactor-extra-3.4.8.jar;C:\Users\614177\.m2\repository\org\springframework\boot\spring-boot-starter-cache\2.7.2\spring-boot-starter-cache-2.7.2.jar;C:\Users\614177\.m2\repository\com\stoyanr\evictor\1.0.0\evictor-1.0.0.jar;C:\Users\614177\.m2\repository\org\glassfish\jaxb\jaxb-runtime\2.3.6\jaxb-runtime-2.3.6.jar;C:\Users\614177\.m2\repository\org\glassfish\jaxb\txw2\2.3.6\txw2-2.3.6.jar;C:\Users\614177\.m2\repository\com\sun\istack\istack-commons-runtime\3.0.12\istack-commons-runtime-3.0.12.jar;C:\Users\614177\.m2\repository\com\sun\activation\jakarta.activation\1.2.2\jakarta.activation-1.2.2.jar;C:\Users\614177\.m2\repository\org\springframework\cloud\spring-cloud-starter-sleuth\3.1.3\spring-cloud-starter-sleuth-3.1.3.jar;C:\Users\614177\.m2\repository\org\springframework\boot\spring-boot-starter-aop\2.7.2\spring-boot-starter-aop-2.7.2.jar;C:\Users\614177\.m2\repository\org\springframework\spring-aop\5.3.22\spring-aop-5.3.22.jar;C:\Users\614177\.m2\repository\org\springframework\spring-beans\5.3.22\spring-beans-5.3.22.jar;C:\Users\614177\.m2\repository\org\aspectj\aspectjweaver\1.9.7\aspectjweaver-1.9.7.jar;C:\Users\614177\.m2\repository\org\springframework\cloud\spring-cloud-sleuth-autoconfigure\3.1.3\spring-cloud-sleuth-autoconfigure-3.1.3.jar;C:\Users\614177\.m2\repository\org\springframework\cloud\spring-cloud-sleuth-instrumentation\3.1.3\spring-cloud-sleuth-instrumentation-3.1.3.jar;C:\Users\614177\.m2\repository\org\springframework\cloud\spring-cloud-sleuth-api\3.1.3\spring-cloud-sleuth-api-3.1.3.jar;C:\Users\614177\.m2\repository\org\springframework\spring-context\5.3.22\spring-context-5.3.22.jar;C:\Users\614177\.m2\repository\org\springframework\spring-expression\5.3.22\spring-expression-5.3.22.jar;C:\Users\614177\.m2\repository\org\aspectj\aspectjrt\1.9.7\aspectjrt-1.9.7.jar;C:\Users\614177\.m2\repository\org\springframework\cloud\spring-cloud-sleuth-brave\3.1.3\spring-cloud-sleuth-brave-3.1.3.jar;C:\Users\614177\.m2\repository\io\zipkin\brave\brave\5.13.9\brave-5.13.9.jar;C:\Users\614177\.m2\repository\io\zipkin\brave\brave-context-slf4j\5.13.9\brave-context-slf4j-5.13.9.jar;C:\Users\614177\.m2\repository\io\zipkin\brave\brave-instrumentation-messaging\5.13.9\brave-instrumentation-messaging-5.13.9.jar;C:\Users\614177\.m2\repository\io\zipkin\brave\brave-instrumentation-rpc\5.13.9\brave-instrumentation-rpc-5.13.9.jar;C:\Users\614177\.m2\repository\io\zipkin\brave\brave-instrumentation-spring-rabbit\5.13.9\brave-instrumentation-spring-rabbit-5.13.9.jar;C:\Users\614177\.m2\repository\io\zipkin\brave\brave-instrumentation-kafka-clients\5.13.9\brave-instrumentation-kafka-clients-5.13.9.jar;C:\Users\614177\.m2\repository\io\zipkin\brave\brave-instrumentation-kafka-streams\5.13.9\brave-instrumentation-kafka-streams-5.13.9.jar;C:\Users\614177\.m2\repository\io\zipkin\brave\brave-instrumentation-httpclient\5.13.9\brave-instrumentation-httpclient-5.13.9.jar;C:\Users\614177\.m2\repository\io\zipkin\brave\brave-instrumentation-http\5.13.9\brave-instrumentation-http-5.13.9.jar;C:\Users\614177\.m2\repository\io\zipkin\brave\brave-instrumentation-httpasyncclient\5.13.9\brave-instrumentation-httpasyncclient-5.13.9.jar;C:\Users\614177\.m2\repository\io\zipkin\brave\brave-instrumentation-jms\5.13.9\brave-instrumentation-jms-5.13.9.jar;C:\Users\614177\.m2\repository\io\zipkin\brave\brave-instrumentation-mongodb\5.13.9\brave-instrumentation-mongodb-5.13.9.jar;C:\Users\614177\.m2\repository\io\zipkin\aws\brave-propagation-aws\0.21.3\brave-propagation-aws-0.21.3.jar;C:\Users\614177\.m2\repository\io\zipkin\reporter2\zipkin-reporter-metrics-micrometer\2.16.3\zipkin-reporter-metrics-micrometer-2.16.3.jar;C:\Users\614177\.m2\repository\org\springframework\cloud\spring-cloud-starter-zipkin\2.2.3.RELEASE\spring-cloud-starter-zipkin-2.2.3.RELEASE.jar;C:\Users\614177\.m2\repository\org\springframework\cloud\spring-cloud-sleuth-zipkin\3.1.3\spring-cloud-sleuth-zipkin-3.1.3.jar;C:\Users\614177\.m2\repository\org\springframework\spring-web\5.3.22\spring-web-5.3.22.jar;C:\Users\614177\.m2\repository\io\zipkin\zipkin2\zipkin\2.23.2\zipkin-2.23.2.jar;C:\Users\614177\.m2\repository\io\zipkin\reporter2\zipkin-reporter\2.16.3\zipkin-reporter-2.16.3.jar;C:\Users\614177\.m2\repository\io\zipkin\reporter2\zipkin-reporter-brave\2.16.3\zipkin-reporter-brave-2.16.3.jar;C:\Users\614177\.m2\repository\io\zipkin\reporter2\zipkin-sender-kafka\2.16.3\zipkin-sender-kafka-2.16.3.jar;C:\Users\614177\.m2\repository\io\zipkin\reporter2\zipkin-sender-activemq-client\2.16.3\zipkin-sender-activemq-client-2.16.3.jar;C:\Users\614177\.m2\repository\io\zipkin\reporter2\zipkin-sender-amqp-client\2.16.3\zipkin-sender-amqp-client-2.16.3.jar;C:\Users\614177\.m2\repository\org\springframework\boot\spring-boot-starter\2.7.2\spring-boot-starter-2.7.2.jar;C:\Users\614177\.m2\repository\org\springframework\boot\spring-boot\2.7.2\spring-boot-2.7.2.jar;C:\Users\614177\.m2\repository\org\springframework\boot\spring-boot-autoconfigure\2.7.2\spring-boot-autoconfigure-2.7.2.jar;C:\Users\614177\.m2\repository\org\springframework\boot\spring-boot-starter-logging\2.7.2\spring-boot-starter-logging-2.7.2.jar;C:\Users\614177\.m2\repository\ch\qos\logback\logback-classic\1.2.11\logback-classic-1.2.11.jar;C:\Users\614177\.m2\repository\ch\qos\logback\logback-core\1.2.11\logback-core-1.2.11.jar;C:\Users\614177\.m2\repository\org\apache\logging\log4j\log4j-to-slf4j\2.17.2\log4j-to-slf4j-2.17.2.jar;C:\Users\614177\.m2\repository\org\apache\logging\log4j\log4j-api\2.17.2\log4j-api-2.17.2.jar;C:\Users\614177\.m2\repository\org\slf4j\jul-to-slf4j\1.7.36\jul-to-slf4j-1.7.36.jar;C:\Users\614177\.m2\repository\jakarta\annotation\jakarta.annotation-api\1.3.5\jakarta.annotation-api-1.3.5.jar;C:\Users\614177\.m2\repository\org\yaml\snakeyaml\1.30\snakeyaml-1.30.jar;C:\Users\614177\.m2\repository\org\slf4j\slf4j-api\1.7.36\slf4j-api-1.7.36.jar;C:\Users\614177\.m2\repository\jakarta\xml\bind\jakarta.xml.bind-api\2.3.3\jakarta.xml.bind-api-2.3.3.jar;C:\Users\614177\.m2\repository\jakarta\activation\jakarta.activation-api\1.2.2\jakarta.activation-api-1.2.2.jar;C:\Users\614177\.m2\repository\org\springframework\spring-core\5.3.22\spring-core-5.3.22.jar;C:\Users\614177\.m2\repository\org\springframework\spring-jcl\5.3.22\spring-jcl-5.3.22.jar
Launcher Type: SUN_STANDARD

[Global flags]
     intx CICompilerCount                          = 3                                         {product} {ergonomic}
     uint ConcGCThreads                            = 1                                         {product} {ergonomic}
     uint G1ConcRefinementThreads                  = 4                                         {product} {ergonomic}
   size_t G1HeapRegionSize                         = 1048576                                   {product} {ergonomic}
    uintx GCDrainStackTargetSize                   = 64                                        {product} {ergonomic}
   size_t InitialHeapSize                          = 134217728                                 {product} {ergonomic}
   size_t MarkStackSize                            = 4194304                                   {product} {ergonomic}
   size_t MaxHeapSize                              = 2145386496                                {product} {ergonomic}
   size_t MaxNewSize                               = 1286602752                                {product} {ergonomic}
   size_t MinHeapDeltaBytes                        = 1048576                                   {product} {ergonomic}
   size_t MinHeapSize                              = 8388608                                   {product} {ergonomic}
    uintx NonNMethodCodeHeapSize                   = 5832780                                {pd product} {ergonomic}
    uintx NonProfiledCodeHeapSize                  = 122912730                              {pd product} {ergonomic}
    uintx ProfiledCodeHeapSize                     = 122912730                              {pd product} {ergonomic}
    uintx ReservedCodeCacheSize                    = 251658240                              {pd product} {ergonomic}
     bool SegmentedCodeCache                       = true                                      {product} {ergonomic}
   size_t SoftMaxHeapSize                          = 2145386496                             {manageable} {ergonomic}
     bool UseCompressedClassPointers               = true                           {product lp64_product} {ergonomic}
     bool UseCompressedOops                        = true                           {product lp64_product} {ergonomic}
     bool UseG1GC                                  = true                                      {product} {ergonomic}
     bool UseLargePagesIndividualAllocation        = false                                  {pd product} {ergonomic}

Logging:
Log output configuration:
 #0: stdout all=warning uptime,level,tags foldmultilines=false
 #1: stderr all=off uptime,level,tags foldmultilines=false

Environment Variables:
JAVA_HOME=C:\jdk-11
PATH=C:\jdk-11;C:\Program Files (x86)\Common Files\Oracle\Java\javapath;C:\Windows\system32;C:\Windows;C:\Windows\System32\Wbem;C:\Windows\System32\WindowsPowerShell\v1.0\;C:\Windows\System32\OpenSSH\;C:\Program Files (x86)\Citrix\HDX\bin\;C:\Program Files\Citrix\HDX\bin\;C:\Program Files\Citrix\Virtual Desktop Agent\;C:\Program Files\Citrix\Citrix Files\;C:\Program Files (x86)\Citrix\Workspace Environment Management Agent;C:\Users\614177\AppData\Local\Microsoft\WindowsApps
USERNAME=614177
OS=Windows_NT
PROCESSOR_IDENTIFIER=Intel64 Family 6 Model 85 Stepping 7, GenuineIntel



---------------  S Y S T E M  ---------------

OS:
 Windows 10 , 64 bit Build 19041 (10.0.19041.1741)
OS uptime: 25 days 3:03 hours
Xen hardware-assisted virtualization detected

CPU: total 4 (initial active 4) (4 cores per cpu, 1 threads per core) family 6 model 85 stepping 7 microcode 0x500320a, cx8, cmov, fxsr, mmx, 3dnowpref, sse, sse2, sse3, ssse3, sse4.1, sse4.2, popcnt, lzcnt, tsc, avx, avx2, aes, erms, clmul, bmi1, bmi2, adx, fma, vzeroupper, clflush, clflushopt, clwb, hv

Memory: 4k page, system-wide physical 8183M (247M free)
TotalPageFile size 19622M (AvailPageFile size 3M)
current process WorkingSet (physical memory assigned to process): 182M, peak: 304M
current process commit charge ("private bytes"): 339M, peak: 340M

vm_info: OpenJDK 64-Bit Server VM (18.0.2+9-61) for windows-amd64 JRE (18.0.2+9-61), built on Jun  7 2022 13:05:59 by "mach5one" with MS VC++ 16.8 / 16.9 (VS2019)

END.
